#
# A fatal error has been detected by the Java Runtime Environment:
#
#  EXCEPTION_ACCESS_VIOLATION (0xc0000005) at pc=0x00007ffff7117930, pid=2948, tid=11732
#
# JRE version: OpenJDK Runtime Environment Temurin-17.0.8.1+1 (17.0.8.1+1) (build 17.0.8.1+1)
# Java VM: OpenJDK 64-Bit Server VM Temurin-17.0.8.1+1 (17.0.8.1+1, mixed mode, sharing, tiered, compressed oops, compressed class ptrs, g1 gc, windows-amd64)
# Problematic frame:
# C  [igxelpgicd64.dll+0xa7930]
#
# No core dump will be written. Minidumps are not enabled by default on client versions of Windows
#
# If you would like to submit a bug report, please visit:
#   https://github.com/adoptium/adoptium-support/issues
# The crash happened outside the Java Virtual Machine in native code.
# See problematic frame for where to report the bug.
#

---------------  S U M M A R Y ------------

Command Line: -agentlib:jdwp=transport=dt_socket,address=8018,server=y,suspend=y,quiet=y -Djna.nosys=true -Djava.library.path=;C:\Program Files\Processing\app\resources\core\library;C:\Users\mihbo\Documents\Processing\libraries\minim\library;C:\Users\mihbo\Documents\Processing\libraries\video\library\windows-amd64;C:\Users\mihbo\Documents\Processing\libraries\themidibus\library;C:\Program Files\Processing;C:\WINDOWS\system32;C:\WINDOWS;C:\Python313\Scripts;C:\Python313;C:\Program Files\NVIDIA GPU Computing Toolkit\CUDA\v12.6\bin;C:\Program Files\NVIDIA GPU Computing Toolkit\CUDA\v12.6\libnvvp;C:\Users\mihbo\gcc\bin;C:\Users\mihbo\gcc\libexec\gcc\x86_64-w64-mingw32\12.3.0;C:\WINDOWS\system32;C:\WINDOWS;C:\WINDOWS\System32\Wbem;C:\WINDOWS\System32\WindowsPowerShell\v1.0;C:\WINDOWS\System32\OpenSSH;C:\Program Files\dotnet;C:\ProgramData\chocolatey\bin;C:\Users\mihbo\AppData\Roaming\nvm;C:\Program Files\nodejs;C:\Program Files (x86)\Windows Kits\10\Windows Performance Toolkit;C:\Program Files\CMake\bin;C:\Program Files\Git\cmd;C:\Program Files\NVIDIA Corporation\Nsight Compute 2024.3.2;C:\Program Files (x86)\NVIDIA Corporation\PhysX\Common;C:\Program Files\MiKTeX\miktex\bin\x64;C:\Strawberry\c\bin;C:\Strawberry\perl\site\bin;C:\Strawberry\perl\bin;C:\Program Files\nodejs;C:\Users\mihbo\AppData\Local\Programs\Python\Launcher;C:\Users\mihbo\AppData\Local\Microsoft\WindowsApps;C:\Users\mihbo\AppData\Local\Programs\Microsoft VS Code\bin;C:\Users\mihbo\AppData\Local\GitHubDesktop\bin;C:\tools\ghc-9.8.2\bin;C:\tools\msys64;C:\Users\mihbo\AppData\Local\Muse Hub\lib;C:\Users\mihbo\AppData\Roaming\nvm;C:\Program Files\nodejs;C:\Users\mihbo\AppData\Local\Microsoft\WinGet\Links;C:\Program Files\Git\bin;C:\Program Files\Git;C:\Users\mihbo\AppData\Local\Pandoc;C:\Users\mihbo\AppData\Roaming\npm;C:\Users\mihbo\AppData\Roaming\npm\node_modules;C:\Program Files\Processing;C:\Program Files\Processing\app;. -ea processing.core.PApplet --editor-location=-7,-7 --external --display=1 --sketch-path=C:\Users\mihbo\Documents\GitHub\eyesing\Code\eyesing eyesing

Host: Intel(R) Core(TM) Ultra 7 155H, 22 cores, 31G,  Windows 11 , 64 bit Build 26100 (10.0.26100.7920)
Time: Sun Apr  5 00:45:27 2026 W. Europe Daylight Time elapsed time: 908.300877 seconds (0d 0h 15m 8s)

---------------  T H R E A D  ---------------

Current thread (0x00000173f729e400):  JavaThread "main-FPSAWTAnimator#00-Timer0" [_thread_in_native, id=11732, stack(0x0000002c34300000,0x0000002c34400000)]

Stack: [0x0000002c34300000,0x0000002c34400000],  sp=0x0000002c343fdfd0,  free space=1015k
Native frames: (J=compiled Java code, j=interpreted, Vv=VM code, C=native code)
C  [igxelpgicd64.dll+0xa7930]

Java frames: (J=compiled Java code, j=interpreted, Vv=VM code)
J 1425  jogamp.opengl.gl4.GL4bcImpl.dispatch_glTexSubImage2D1(IIIIIIIILjava/lang/Object;IZJ)V (0 bytes) @ 0x000001738f651641 [0x000001738f6515a0+0x00000000000000a1]
J 1440 c2 processing.opengl.PJOGL.texSubImage2D(IIIIIIIILjava/nio/Buffer;)V (25 bytes) @ 0x000001738f657cbc [0x000001738f657a60+0x000000000000025c]
J 4153 c1 processing.opengl.Texture.setNative(Ljava/nio/IntBuffer;IIII)V (202 bytes) @ 0x0000017387e8c7b4 [0x0000017387e8c1e0+0x00000000000005d4]
J 4152 c1 processing.opengl.Texture.bufferUpdate()Z (119 bytes) @ 0x0000017387ec589c [0x0000017387ec5240+0x000000000000065c]
J 4008 c2 processing.opengl.PShader.consumeUniforms()V (1093 bytes) @ 0x000001738f9c0d18 [0x000001738f9bf120+0x0000000000001bf8]
J 3418 c2 processing.opengl.PGraphicsOpenGL.flushPolys()V (707 bytes) @ 0x000001738f8324cc [0x000001738f8322e0+0x00000000000001ec]
J 3323 c2 processing.opengl.PGraphicsOpenGL.flush()V (316 bytes) @ 0x000001738f7de5e4 [0x000001738f7de360+0x0000000000000284]
J 3499 c2 processing.opengl.PGraphicsOpenGL.endDraw()V (72 bytes) @ 0x000001738f8c5e50 [0x000001738f8c5d80+0x00000000000000d0]
J 4325 c2 eyesing.draw()V (2544 bytes) @ 0x000001738faa6140 [0x000001738faa2de0+0x0000000000003360]
J 3821 c2 processing.core.PApplet.handleDraw()V (387 bytes) @ 0x000001738f96c2e4 [0x000001738f96b600+0x0000000000000ce4]
J 3820 c2 processing.opengl.PSurfaceJOGL$DrawListener.display(Lcom/jogamp/opengl/GLAutoDrawable;)V (350 bytes) @ 0x000001738f969d6c [0x000001738f969b40+0x000000000000022c]
J 3785 c2 jogamp.opengl.GLDrawableHelper.invokeGLImpl(Lcom/jogamp/opengl/GLDrawable;Lcom/jogamp/opengl/GLContext;Ljava/lang/Runnable;Ljava/lang/Runnable;)V (586 bytes) @ 0x000001738f9450c0 [0x000001738f944960+0x0000000000000760]
J 3816 c2 com.jogamp.opengl.util.FPSAnimator$MainTask.run()V (805 bytes) @ 0x000001738f962680 [0x000001738f961e80+0x0000000000000800]
j  java.util.TimerThread.mainLoop()V+221 java.base@17.0.8.1
j  java.util.TimerThread.run()V+1 java.base@17.0.8.1
v  ~StubRoutines::call_stub

siginfo: EXCEPTION_ACCESS_VIOLATION (0xc0000005), reading address 0x00000174644bf0d0


Register to memory mapping:

RIP=0x00007ffff7117930 igxelpgicd64.dll
RAX=0x0 is NULL
RBX=0x000001740cfc0000 points into unknown readable memory: 0xff212121ff212121 | 21 21 21 ff 21 21 21 ff
RCX=0x0 is NULL
RDX=0x00000174644bf0d0 is an unknown value
RSP=0x0000002c343fdfd0 is pointing into the stack for thread: 0x00000173f729e400
RBP=0x0000002c343fe100 is pointing into the stack for thread: 0x00000173f729e400
RSI=0x000001740cfc0000 points into unknown readable memory: 0xff212121ff212121 | 21 21 21 ff 21 21 21 ff
RDI=0x000001740cfc0000 points into unknown readable memory: 0xff212121ff212121 | 21 21 21 ff 21 21 21 ff
R8 =0x00000000007e9000 is an unknown value
R9 =0x000000000000fd20 is an unknown value
R10=0x0 is NULL
R11=0x0000002c343fe050 is pointing into the stack for thread: 0x00000173f729e400
R12=0x00007ffff7070000 igxelpgicd64.dll
R13=0x00000000000001c1 is an unknown value
R14=0x0 is NULL
R15=0x0000002c343fe1d0 is pointing into the stack for thread: 0x00000173f729e400


Registers:
RAX=0x0000000000000000, RBX=0x000001740cfc0000, RCX=0x0000000000000000, RDX=0x00000174644bf0d0
RSP=0x0000002c343fdfd0, RBP=0x0000002c343fe100, RSI=0x000001740cfc0000, RDI=0x000001740cfc0000
R8 =0x00000000007e9000, R9 =0x000000000000fd20, R10=0x0000000000000000, R11=0x0000002c343fe050
R12=0x00007ffff7070000, R13=0x00000000000001c1, R14=0x0000000000000000, R15=0x0000002c343fe1d0
RIP=0x00007ffff7117930, EFLAGS=0x0000000000010202

Top of Stack: (sp=0x0000002c343fdfd0)
0x0000002c343fdfd0:   0000000000000001 0000000000000000
0x0000002c343fdfe0:   000000060aa84c08 0000000000000000
0x0000002c343fdff0:   00000174644bf0d0 00007ffff7bf8cde
0x0000002c343fe000:   0000000000000001 0000002c343fe100
0x0000002c343fe010:   0000000000000049 00000174644bf0d0
0x0000002c343fe020:   0000002c343f0049 0000017300000001
0x0000002c343fe030:   00000174644bf0d0 00007ffff78d3800
0x0000002c343fe040:   00000173f6205c90 0000002c343fe0d8
0x0000002c343fe050:   00007ffff8263bb0 00000173fca11440
0x0000002c343fe060:   0000043800000780 0000004900000000
0x0000002c343fe070:   00001e0000000004 00000174644bf0d0
0x0000002c343fe080:   00000004fca10049 0000000000001e00
0x0000002c343fe090:   000001740cfc0000 00007ffff79de5ab
0x0000002c343fe0a0:   0000017300000035 000001742986b7b8
0x0000002c343fe0b0:   0000017300000002 00007fff00000001
0x0000002c343fe0c0:   0000002c343fe150 00000173f6205c90 

Instructions: (pc=0x00007ffff7117930)
0x00007ffff7117830:   66 0f 60 c0 66 0f 61 c0 66 0f 70 c0 00 66 0f 64
0x00007ffff7117840:   c8 f3 0f 6f 02 49 03 d1 66 0f f7 c1 49 03 f9 41
0x00007ffff7117850:   8b c1 44 8b d1 4c 2b c0 0f 29 74 24 10 4d 8b c8
0x00007ffff7117860:   0f 29 3c 24 49 c1 e9 07 f6 c2 0f 0f 84 af 00 00
0x00007ffff7117870:   00 4d 85 c9 74 6b 66 66 0f 1f 84 00 00 00 00 00
0x00007ffff7117880:   f3 0f 6f 02 41 ff c2 f3 0f 6f 4a 10 41 8b c2 f3
0x00007ffff7117890:   0f 6f 52 20 f3 0f 6f 5a 30 f3 0f 6f 62 40 f3 0f
0x00007ffff71178a0:   6f 6a 50 f3 0f 6f 72 60 f3 0f 6f 7a 70 66 0f e7
0x00007ffff71178b0:   07 66 0f e7 4f 10 66 0f e7 57 20 66 0f e7 5f 30
0x00007ffff71178c0:   66 0f e7 67 40 66 0f e7 6f 50 66 0f e7 77 60 66
0x00007ffff71178d0:   0f e7 7f 70 48 83 ef 80 48 83 ea 80 49 3b c1 72
0x00007ffff71178e0:   9f 41 83 e0 7f 0f 84 e0 00 00 00 45 8b d0 44 8b
0x00007ffff71178f0:   c9 49 c1 ea 04 4d 85 d2 0f 84 cd 00 00 00 66 90
0x00007ffff7117900:   f3 0f 6f 02 41 ff c1 48 83 c2 10 41 8b c1 66 0f
0x00007ffff7117910:   e7 07 48 83 c7 10 49 3b c2 72 e5 e9 ab 00 00 00
0x00007ffff7117920:   4d 85 c9 74 6c 66 66 66 0f 1f 84 00 00 00 00 00
0x00007ffff7117930:   f3 0f 6f 02 41 ff c2 f3 0f 6f 4a 10 f3 0f 6f 52
0x00007ffff7117940:   20 f3 0f 6f 5a 30 f3 0f 6f 62 40 f3 0f 6f 6a 50
0x00007ffff7117950:   f3 0f 6f 72 60 f3 0f 6f 7a 70 48 83 ea 80 66 0f
0x00007ffff7117960:   e7 07 66 0f e7 4f 10 66 0f e7 57 20 66 0f e7 5f
0x00007ffff7117970:   30 66 0f e7 67 40 66 0f e7 6f 50 66 0f e7 77 60
0x00007ffff7117980:   66 0f e7 7f 70 48 83 ef 80 41 8b c2 49 3b c1 72
0x00007ffff7117990:   9f 41 83 e0 7f 74 34 45 8b d0 44 8b c9 49 c1 ea
0x00007ffff71179a0:   04 4d 85 d2 74 25 66 66 0f 1f 84 00 00 00 00 00
0x00007ffff71179b0:   f3 0f 6f 02 41 ff c1 66 0f e7 07 48 83 c7 10 41
0x00007ffff71179c0:   8b c1 48 83 c2 10 49 3b c2 72 e5 0f 28 74 24 10
0x00007ffff71179d0:   0f 28 3c 24 41 83 e0 0f 74 49 45 8b d0 44 8b c9
0x00007ffff71179e0:   49 c1 ea 02 4d 85 d2 74 1e 0f 1f 80 00 00 00 00
0x00007ffff71179f0:   8b 02 41 ff c1 89 07 48 83 c2 04 48 83 c7 04 41
0x00007ffff7117a00:   8b c1 49 3b c2 72 e9 41 83 e0 03 76 16 48 2b d7
0x00007ffff7117a10:   0f b6 04 3a ff c1 88 07 48 8d 7f 01 8b c1 49 3b
0x00007ffff7117a20:   c0 72 ed 48 83 c4 20 5f c3 cc cc cc cc cc cc cc 


Stack slot to memory mapping:
stack at sp + 0 slots: 0x0000000000000001 is an unknown value
stack at sp + 1 slots: 0x0 is NULL
stack at sp + 2 slots: 0x000000060aa84c08 is an oop: jogamp.opengl.gl4.GL4bcImpl 
{0x000000060aa84c08} - klass: 'jogamp/opengl/gl4/GL4bcImpl'
 - ---- fields (total size 13 words):
 - private 'inBeginEndPair' 'Z' @12  false
 - private 'haveARBPixelBufferObject' 'Z' @13  true
 - private 'haveEXTPixelBufferObject' 'Z' @14  false
 - private 'haveGL15' 'Z' @15  true
 - private 'haveGL21' 'Z' @16  true
 - private 'haveARBVertexBufferObject' 'Z' @17  true
 - private 'haveARBVertexArrayObject' 'Z' @18  true
 - private final 'glProfile' 'Lcom/jogamp/opengl/GLProfile;' @20  a 'com/jogamp/opengl/GLProfile'{0x000000060aabc938} (c1557927)
 - private final '_context' 'Ljogamp/opengl/GLContextImpl;' @24  a 'jogamp/opengl/windows/wgl/WindowsWGLContext'{0x000000060aa84f38} (c15509e7)
 - private final 'glStateTracker' 'Ljogamp/opengl/GLStateTracker;' @28  a 'jogamp/opengl/GLStateTracker'{0x000000060aabc518} (c15578a3)
 - private final 'bufferObjectTracker' 'Ljogamp/opengl/GLBufferObjectTracker;' @32  a 'jogamp/opengl/GLBufferObjectTracker'{0x000000060aabc168} (c155782d)
 - private final 'bufferStateTracker' 'Ljogamp/opengl/GLBufferStateTracker;' @36  a 'jogamp/opengl/GLBufferStateTracker'{0x000000060aabc3e0} (c155787c)
 - private final 'glBufferDataDispatch' 'Ljogamp/opengl/GLBufferObjectTracker$CreateStorageDispatch;' @40  a 'jogamp/opengl/gl4/GL4bcImpl$1'{0x000000060a0c96e0} (c14192dc)
 - private final 'glUnmapBufferDispatch' 'Ljogamp/opengl/GLBufferObjectTracker$UnmapBufferDispatch;' @44  a 'jogamp/opengl/gl4/GL4bcImpl$2'{0x000000060a0c96f0} (c14192de)
 - private final 'glMapBufferDispatch' 'Ljogamp/opengl/GLBufferObjectTracker$MapBufferAllDispatch;' @48  a 'jogamp/opengl/gl4/GL4bcImpl$3'{0x000000060a0c9700} (c14192e0)
 - private final 'glMapBufferRangeDispatch' 'Ljogamp/opengl/GLBufferObjectTracker$MapBufferRangeDispatch;' @52  a 'jogamp/opengl/gl4/GL4bcImpl$4'{0x000000060a0c9710} (c14192e2)
 - private final '_pat' 'Ljogamp/opengl/gl4/GL4bcProcAddressTable;' @56  a 'jogamp/opengl/gl4/GL4bcProcAddressTable'{0x000000060aacda68} (c1559b4d)
 - private 'imageSizeTemp' '[I' @60  [I{0x000000060a0c9720} (c14192e4)
 - private final 'glNamedBufferDataDispatch' 'Ljogamp/opengl/GLBufferObjectTracker$CreateStorageDispatch;' @64  a 'jogamp/opengl/gl4/GL4bcImpl$5'{0x000000060a0c9738} (c14192e7)
 - private final 'glNamedBufferDataEXTDispatch' 'Ljogamp/opengl/GLBufferObjectTracker$CreateStorageDispatch;' @68  a 'jogamp/opengl/gl4/GL4bcImpl$6'{0x000000060a0c9748} (c14192e9)
 - private final 'glBufferStorageDispatch' 'Ljogamp/opengl/GLBufferObjectTracker$CreateStorageDispatch;' @72  a 'jogamp/opengl/gl4/GL4bcImpl$7'{0x000000060a0c9758} (c14192eb)
 - private final 'glNamedBufferStorageDispatch' 'Ljogamp/opengl/GLBufferObjectTracker$CreateStorageDispatch;' @76  a 'jogamp/opengl/gl4/GL4bcImpl$8'{0x000000060a0c9768} (c14192ed)
 - private final 'glNamedBufferStorageEXTDispatch' 'Ljogamp/opengl/GLBufferObjectTracker$CreateStorageDispatch;' @80  a 'jogamp/opengl/gl4/GL4bcImpl$9'{0x000000060a0c9778} (c14192ef)
 - private final 'glUnmapNamedBufferDispatch' 'Ljogamp/opengl/GLBufferObjectTracker$UnmapBufferDispatch;' @84  a 'jogamp/opengl/gl4/GL4bcImpl$10'{0x000000060a0c9788} (c14192f1)
 - private final 'glMapNamedBufferDispatch' 'Ljogamp/opengl/GLBufferObjectTracker$MapBufferAllDispatch;' @88  a 'jogamp/opengl/gl4/GL4bcImpl$11'{0x000000060a0c9798} (c14192f3)
 - private final 'glMapNamedBufferEXTDispatch' 'Ljogamp/opengl/GLBufferObjectTracker$MapBufferAllDispatch;' @92  a 'jogamp/opengl/gl4/GL4bcImpl$12'{0x000000060a0c97a8} (c14192f5)
 - private final 'glMapNamedBufferRangeDispatch' 'Ljogamp/opengl/GLBufferObjectTracker$MapBufferRangeDispatch;' @96  a 'jogamp/opengl/gl4/GL4bcImpl$13'{0x000000060a0c97b8} (c14192f7)
 - private final 'glMapNamedBufferRangeEXTDispatch' 'Ljogamp/opengl/GLBufferObjectTracker$MapBufferRangeDispatch;' @100  a 'jogamp/opengl/gl4/GL4bcImpl$14'{0x000000060a0c97c8} (c14192f9)
stack at sp + 3 slots: 0x0 is NULL
stack at sp + 4 slots: 0x00000174644bf0d0 is an unknown value
stack at sp + 5 slots: 0x00007ffff7bf8cde igxelpgicd64.dll
stack at sp + 6 slots: 0x0000000000000001 is an unknown value
stack at sp + 7 slots: 0x0000002c343fe100 is pointing into the stack for thread: 0x00000173f729e400


---------------  P R O C E S S  ---------------

Threads class SMR info:
_java_thread_list=0x000001741a1141e0, length=35, elements={
0x00000173aa69e7f0, 0x00000173ad823310, 0x00000173ad83dd00, 0x00000173ad83e5d0,
0x00000173ad840eb0, 0x00000173ad841780, 0x00000173ad844390, 0x00000173ad856a00,
0x00000173ad85a730, 0x00000173ad9f44c0, 0x00000173ada078f0, 0x00000173ada07fd0,
0x00000173ada0ec10, 0x00000173ada18f70, 0x00000173f3265f40, 0x00000173f329c510,
0x00000173f5936040, 0x00000173f729bb80, 0x00000173f729d4d0, 0x00000173f729cfc0,
0x00000173f729e400, 0x00000173f729c090, 0x00000173f729c5a0, 0x00000173f729e910,
0x00000173f729d9e0, 0x00000173f729cab0, 0x00000173f729b670, 0x00000173f729b160,
0x000001742845a330, 0x000001742845b770, 0x0000017428459e20, 0x000001742845bc80,
0x000001742845d5d0, 0x000001742845dae0, 0x000001742845dff0
}

Java Threads: ( => current thread )
  0x00000173aa69e7f0 JavaThread "Reference Handler" daemon [_thread_blocked, id=23324, stack(0x0000002c32900000,0x0000002c32a00000)]
  0x00000173ad823310 JavaThread "Finalizer" daemon [_thread_blocked, id=19788, stack(0x0000002c32a00000,0x0000002c32b00000)]
  0x00000173ad83dd00 JavaThread "Signal Dispatcher" daemon [_thread_blocked, id=14976, stack(0x0000002c32b00000,0x0000002c32c00000)]
  0x00000173ad83e5d0 JavaThread "Attach Listener" daemon [_thread_blocked, id=11364, stack(0x0000002c32c00000,0x0000002c32d00000)]
  0x00000173ad840eb0 JavaThread "Service Thread" daemon [_thread_blocked, id=13952, stack(0x0000002c32d00000,0x0000002c32e00000)]
  0x00000173ad841780 JavaThread "Monitor Deflation Thread" daemon [_thread_blocked, id=8568, stack(0x0000002c32e00000,0x0000002c32f00000)]
  0x00000173ad844390 JavaThread "C2 CompilerThread0" daemon [_thread_blocked, id=15356, stack(0x0000002c32f00000,0x0000002c33000000)]
  0x00000173ad856a00 JavaThread "C1 CompilerThread0" daemon [_thread_blocked, id=22280, stack(0x0000002c33000000,0x0000002c33100000)]
  0x00000173ad85a730 JavaThread "Sweeper thread" daemon [_thread_blocked, id=2976, stack(0x0000002c33100000,0x0000002c33200000)]
  0x00000173ad9f44c0 JavaThread "JDWP Transport Listener: dt_socket" daemon [_thread_blocked, id=6804, stack(0x0000002c33400000,0x0000002c33500000)]
  0x00000173ada078f0 JavaThread "JDWP Event Helper Thread" daemon [_thread_blocked, id=17724, stack(0x0000002c33500000,0x0000002c33600000)]
  0x00000173ada07fd0 JavaThread "JDWP Command Reader" daemon [_thread_in_native, id=20156, stack(0x0000002c33600000,0x0000002c33700000)]
  0x00000173ada0ec10 JavaThread "Notification Thread" daemon [_thread_blocked, id=18448, stack(0x0000002c33700000,0x0000002c33800000)]
  0x00000173ada18f70 JavaThread "Common-Cleaner" daemon [_thread_blocked, id=24496, stack(0x0000002c33900000,0x0000002c33a00000)]
  0x00000173f3265f40 JavaThread "Java2D Disposer" daemon [_thread_blocked, id=4908, stack(0x0000002c33b00000,0x0000002c33c00000)]
  0x00000173f329c510 JavaThread "AWT-Windows" daemon [_thread_in_native, id=10900, stack(0x0000002c33d00000,0x0000002c33e00000)]
  0x00000173f5936040 JavaThread "main-SharedResourceRunner" daemon [_thread_blocked, id=11756, stack(0x0000002c33f00000,0x0000002c34000000)]
  0x00000173f729bb80 JavaThread "main-Display-.windows_nil-1-EDT-1" daemon [_thread_blocked, id=5304, stack(0x0000002c33e00000,0x0000002c33f00000)]
  0x00000173f729d4d0 JavaThread "HighResTimerThread" daemon [_thread_blocked, id=5792, stack(0x0000002c34100000,0x0000002c34200000)]
  0x00000173f729cfc0 JavaThread "Thread-2" [_thread_blocked, id=16232, stack(0x0000002c34200000,0x0000002c34300000)]
=>0x00000173f729e400 JavaThread "main-FPSAWTAnimator#00-Timer0" [_thread_in_native, id=11732, stack(0x0000002c34300000,0x0000002c34400000)]
  0x00000173f729c090 JavaThread "DestroyJavaVM" [_thread_blocked, id=9468, stack(0x0000002c32200000,0x0000002c32300000)]
  0x00000173f729c5a0 JavaThread "Java Sound MidiInDevice Thread" [_thread_in_native, id=15700, stack(0x0000002c36c00000,0x0000002c36d00000)]
  0x00000173f729e910 JavaThread "Java Sound MidiInDevice Thread" [_thread_in_native, id=620, stack(0x0000002c36e00000,0x0000002c36f00000)]
  0x00000173f729d9e0 JavaThread "Java Sound Event Dispatcher" daemon [_thread_blocked, id=19888, stack(0x0000002c36f00000,0x0000002c37000000)]
  0x00000173f729cab0 JavaThread "Thread-5" [_thread_blocked, id=22092, stack(0x0000002c37500000,0x0000002c37600000)]
  0x00000173f729b670 JavaThread "JNA Cleaner" daemon [_thread_blocked, id=10304, stack(0x0000002c37800000,0x0000002c37900000)]
  0x00000173f729b160 JavaThread "NativeObject Reaper" daemon [_thread_blocked, id=11256, stack(0x0000002c37700000,0x0000002c37800000)]
  0x000001742845a330 JavaThread "gstreamer service thread 1" daemon [_thread_blocked, id=8940, stack(0x0000002c37a00000,0x0000002c37b00000)]
  0x000001742845b770 JavaThread "GstBus" daemon [_thread_in_native, id=13192, stack(0x0000002c38100000,0x0000002c38200000)]
  0x0000017428459e20 JavaThread "GstBus" daemon [_thread_in_native, id=19372, stack(0x0000002c38200000,0x0000002c38300000)]
  0x000001742845bc80 JavaThread "GstBus" daemon [_thread_in_native, id=12720, stack(0x0000002c38300000,0x0000002c38400000)]
  0x000001742845d5d0 JavaThread "GstBus" daemon [_thread_in_native, id=23796, stack(0x0000002c39810000,0x0000002c39910000)]
  0x000001742845dae0 JavaThread "GstBus" daemon [_thread_in_native, id=8452, stack(0x0000002c39b10000,0x0000002c39c10000)]
  0x000001742845dff0 JavaThread "GstBus" daemon [_thread_in_native, id=13816, stack(0x0000002c39c10000,0x0000002c39d10000)]

Other Threads:
  0x00000173aa69ae30 VMThread "VM Thread" [stack: 0x0000002c32800000,0x0000002c32900000] [id=8576]
  0x00000173ad9e4bd0 WatcherThread [stack: 0x0000002c33800000,0x0000002c33900000] [id=2956]
  0x00000173aa4e09d0 GCTaskThread "GC Thread#0" [stack: 0x0000002c32300000,0x0000002c32400000] [id=22676]
  0x00000173f7e28230 GCTaskThread "GC Thread#1" [stack: 0x0000002c35e00000,0x0000002c35f00000] [id=5076]
  0x00000173f7e284f0 GCTaskThread "GC Thread#2" [stack: 0x0000002c35f00000,0x0000002c36000000] [id=20196]
  0x00000173f7e287b0 GCTaskThread "GC Thread#3" [stack: 0x0000002c36000000,0x0000002c36100000] [id=2620]
  0x00000173f7e28a70 GCTaskThread "GC Thread#4" [stack: 0x0000002c36100000,0x0000002c36200000] [id=22008]
  0x00000173f7e28d30 GCTaskThread "GC Thread#5" [stack: 0x0000002c36200000,0x0000002c36300000] [id=18240]
  0x00000173f7e28ff0 GCTaskThread "GC Thread#6" [stack: 0x0000002c36300000,0x0000002c36400000] [id=7596]
  0x00000173f7e292b0 GCTaskThread "GC Thread#7" [stack: 0x0000002c36400000,0x0000002c36500000] [id=13592]
  0x00000173f7e29570 GCTaskThread "GC Thread#8" [stack: 0x0000002c36500000,0x0000002c36600000] [id=14972]
  0x00000173f7e29830 GCTaskThread "GC Thread#9" [stack: 0x0000002c36600000,0x0000002c36700000] [id=2292]
  0x00000173f7e29af0 GCTaskThread "GC Thread#10" [stack: 0x0000002c36700000,0x0000002c36800000] [id=2588]
  0x00000173f7e2ddc0 GCTaskThread "GC Thread#11" [stack: 0x0000002c36800000,0x0000002c36900000] [id=5568]
  0x00000173f74cec80 GCTaskThread "GC Thread#12" [stack: 0x0000002c37b00000,0x0000002c37c00000] [id=17780]
  0x00000173f74ce440 GCTaskThread "GC Thread#13" [stack: 0x0000002c37c00000,0x0000002c37d00000] [id=23700]
  0x00000173f74cef40 GCTaskThread "GC Thread#14" [stack: 0x0000002c37d00000,0x0000002c37e00000] [id=24264]
  0x00000173f74cfa40 GCTaskThread "GC Thread#15" [stack: 0x0000002c37e00000,0x0000002c37f00000] [id=2112]
  0x00000173fe419640 ConcurrentGCThread "G1 Main Marker" [stack: 0x0000002c32400000,0x0000002c32500000] [id=23924]
  0x00000173fe41b3d0 ConcurrentGCThread "G1 Conc#0" [stack: 0x0000002c32500000,0x0000002c32600000] [id=15512]
  0x00000173fe43ebc0 ConcurrentGCThread "G1 Refine#0" [stack: 0x0000002c32600000,0x0000002c32700000] [id=16016]
  0x00000173aa5cc510 ConcurrentGCThread "G1 Service" [stack: 0x0000002c32700000,0x0000002c32800000] [id=24504]

Threads with active compile tasks:

VM state: not at safepoint (normal execution)

VM Mutex/Monitor currently owned by a thread: None

Heap address: 0x0000000607c00000, size: 8068 MB, Compressed Oops mode: Zero based, Oop shift amount: 3

CDS archive(s) mapped at: [0x00000173ae000000-0x00000173aebd0000-0x00000173aebd0000), size 12386304, SharedBaseAddress: 0x00000173ae000000, ArchiveRelocationMode: 1.
Compressed class space mapped at: 0x00000173af000000-0x00000173ef000000, reserved size: 1073741824
Narrow klass base: 0x00000173ae000000, Narrow klass shift: 0, Narrow klass range: 0x100000000

GC Precious Log:
 CPUs: 22 total, 22 available
 Memory: 32265M
 Large Page Support: Disabled
 NUMA Support: Disabled
 Compressed Oops: Enabled (Zero based)
 Heap Region Size: 4M
 Heap Min Capacity: 8M
 Heap Initial Capacity: 508M
 Heap Max Capacity: 8068M
 Pre-touch: Disabled
 Parallel Workers: 16
 Concurrent Workers: 4
 Concurrent Refinement Workers: 16
 Periodic GC: Disabled

Heap:
 garbage-first heap   total 520192K, used 84504K [0x0000000607c00000, 0x0000000800000000)
  region size 4096K, 3 young (12288K), 1 survivors (4096K)
 Metaspace       used 19313K, committed 19584K, reserved 1114112K
  class space    used 1602K, committed 1728K, reserved 1048576K

Heap Regions: E=young(eden), S=young(survivor), O=old, HS=humongous(starts), HC=humongous(continues), CS=collection set, F=free, OA=open archive, CA=closed archive, TAMS=top-at-mark-start (previous, next)
|   0|0x0000000607c00000, 0x0000000607d43c00, 0x0000000608000000| 31%| O|  |TAMS 0x0000000607c00000, 0x0000000607cc1800| Untracked 
|   1|0x0000000608000000, 0x0000000608000000, 0x0000000608400000|  0%| F|  |TAMS 0x0000000608000000, 0x0000000608000000| Untracked 
|   2|0x0000000608400000, 0x0000000608800000, 0x0000000608800000|100%|HS|  |TAMS 0x0000000608400000, 0x0000000608800000| Complete 
|   3|0x0000000608800000, 0x0000000608c00000, 0x0000000608c00000|100%|HC|  |TAMS 0x0000000608800000, 0x0000000608c00000| Complete 
|   4|0x0000000608c00000, 0x0000000609000000, 0x0000000609000000|100%|HS|  |TAMS 0x0000000608c00000, 0x0000000609000000| Complete 
|   5|0x0000000609000000, 0x0000000609400000, 0x0000000609400000|100%|HC|  |TAMS 0x0000000609000000, 0x0000000609400000| Complete 
|   6|0x0000000609400000, 0x0000000609800000, 0x0000000609800000|100%|HS|  |TAMS 0x0000000609400000, 0x0000000609800000| Complete 
|   7|0x0000000609800000, 0x0000000609c00000, 0x0000000609c00000|100%|HC|  |TAMS 0x0000000609800000, 0x0000000609c00000| Complete 
|   8|0x0000000609c00000, 0x000000060a000000, 0x000000060a000000|100%|HC|  |TAMS 0x0000000609c00000, 0x000000060a000000| Complete 
|   9|0x000000060a000000, 0x000000060a400000, 0x000000060a400000|100%| O|  |TAMS 0x000000060a000000, 0x000000060a400000| Untracked 
|  10|0x000000060a400000, 0x000000060a400000, 0x000000060a800000|  0%| F|  |TAMS 0x000000060a400000, 0x000000060a400000| Untracked 
|  11|0x000000060a800000, 0x000000060ac00000, 0x000000060ac00000|100%| O|  |TAMS 0x000000060a800000, 0x000000060ac00000| Untracked 
|  12|0x000000060ac00000, 0x000000060b000000, 0x000000060b000000|100%|HS|  |TAMS 0x000000060ac00000, 0x000000060b000000| Complete 
|  13|0x000000060b000000, 0x000000060b400000, 0x000000060b400000|100%|HC|  |TAMS 0x000000060b000000, 0x000000060b400000| Complete 
|  14|0x000000060b400000, 0x000000060b800000, 0x000000060b800000|100%|HS|  |TAMS 0x000000060b400000, 0x000000060b400000| Complete 
|  15|0x000000060b800000, 0x000000060bc00000, 0x000000060bc00000|100%|HC|  |TAMS 0x000000060b800000, 0x000000060b800000| Complete 
|  16|0x000000060bc00000, 0x000000060bc00000, 0x000000060c000000|  0%| F|  |TAMS 0x000000060bc00000, 0x000000060bc00000| Untracked 
|  17|0x000000060c000000, 0x000000060c000000, 0x000000060c400000|  0%| F|  |TAMS 0x000000060c000000, 0x000000060c000000| Untracked 
|  18|0x000000060c400000, 0x000000060c400000, 0x000000060c800000|  0%| F|  |TAMS 0x000000060c400000, 0x000000060c400000| Untracked 
|  19|0x000000060c800000, 0x000000060c800000, 0x000000060cc00000|  0%| F|  |TAMS 0x000000060c800000, 0x000000060c800000| Untracked 
|  20|0x000000060cc00000, 0x000000060cc00000, 0x000000060d000000|  0%| F|  |TAMS 0x000000060cc00000, 0x000000060cc00000| Untracked 
|  21|0x000000060d000000, 0x000000060d000000, 0x000000060d400000|  0%| F|  |TAMS 0x000000060d000000, 0x000000060d000000| Untracked 
|  22|0x000000060d400000, 0x000000060d400000, 0x000000060d800000|  0%| F|  |TAMS 0x000000060d400000, 0x000000060d400000| Untracked 
|  23|0x000000060d800000, 0x000000060d800000, 0x000000060dc00000|  0%| F|  |TAMS 0x000000060d800000, 0x000000060d800000| Untracked 
|  24|0x000000060dc00000, 0x000000060dc00000, 0x000000060e000000|  0%| F|  |TAMS 0x000000060dc00000, 0x000000060dc00000| Untracked 
|  25|0x000000060e000000, 0x000000060e000000, 0x000000060e400000|  0%| F|  |TAMS 0x000000060e000000, 0x000000060e000000| Untracked 
|  26|0x000000060e400000, 0x000000060e400000, 0x000000060e800000|  0%| F|  |TAMS 0x000000060e400000, 0x000000060e400000| Untracked 
|  27|0x000000060e800000, 0x000000060e800000, 0x000000060ec00000|  0%| F|  |TAMS 0x000000060e800000, 0x000000060e800000| Untracked 
|  28|0x000000060ec00000, 0x000000060ec00000, 0x000000060f000000|  0%| F|  |TAMS 0x000000060ec00000, 0x000000060ec00000| Untracked 
|  29|0x000000060f000000, 0x000000060f000000, 0x000000060f400000|  0%| F|  |TAMS 0x000000060f000000, 0x000000060f000000| Untracked 
|  30|0x000000060f400000, 0x000000060f400000, 0x000000060f800000|  0%| F|  |TAMS 0x000000060f400000, 0x000000060f400000| Untracked 
|  31|0x000000060f800000, 0x000000060f800000, 0x000000060fc00000|  0%| F|  |TAMS 0x000000060f800000, 0x000000060f800000| Untracked 
|  32|0x000000060fc00000, 0x000000060fc00000, 0x0000000610000000|  0%| F|  |TAMS 0x000000060fc00000, 0x000000060fc00000| Untracked 
|  33|0x0000000610000000, 0x0000000610000000, 0x0000000610400000|  0%| F|  |TAMS 0x0000000610000000, 0x0000000610000000| Untracked 
|  34|0x0000000610400000, 0x0000000610800000, 0x0000000610800000|100%|HS|  |TAMS 0x0000000610400000, 0x0000000610800000| Complete 
|  35|0x0000000610800000, 0x0000000610c00000, 0x0000000610c00000|100%|HC|  |TAMS 0x0000000610800000, 0x0000000610c00000| Complete 
|  36|0x0000000610c00000, 0x0000000611000000, 0x0000000611000000|100%|HS|  |TAMS 0x0000000610c00000, 0x0000000611000000| Complete 
|  37|0x0000000611000000, 0x0000000611400000, 0x0000000611400000|100%|HC|  |TAMS 0x0000000611000000, 0x0000000611400000| Complete 
|  38|0x0000000611400000, 0x0000000611800000, 0x0000000611800000|100%|HS|  |TAMS 0x0000000611400000, 0x0000000611800000| Complete 
|  39|0x0000000611800000, 0x0000000611c00000, 0x0000000611c00000|100%|HC|  |TAMS 0x0000000611800000, 0x0000000611c00000| Complete 
|  40|0x0000000611c00000, 0x0000000611c00000, 0x0000000612000000|  0%| F|  |TAMS 0x0000000611c00000, 0x0000000611c00000| Untracked 
|  41|0x0000000612000000, 0x0000000612000000, 0x0000000612400000|  0%| F|  |TAMS 0x0000000612000000, 0x0000000612000000| Untracked 
|  42|0x0000000612400000, 0x0000000612400000, 0x0000000612800000|  0%| F|  |TAMS 0x0000000612400000, 0x0000000612400000| Untracked 
|  43|0x0000000612800000, 0x0000000612800000, 0x0000000612c00000|  0%| F|  |TAMS 0x0000000612800000, 0x0000000612800000| Untracked 
|  44|0x0000000612c00000, 0x0000000612c00000, 0x0000000613000000|  0%| F|  |TAMS 0x0000000612c00000, 0x0000000612c00000| Untracked 
|  45|0x0000000613000000, 0x0000000613000000, 0x0000000613400000|  0%| F|  |TAMS 0x0000000613000000, 0x0000000613000000| Untracked 
|  46|0x0000000613400000, 0x0000000613400000, 0x0000000613800000|  0%| F|  |TAMS 0x0000000613400000, 0x0000000613400000| Untracked 
|  47|0x0000000613800000, 0x0000000613800000, 0x0000000613c00000|  0%| F|  |TAMS 0x0000000613800000, 0x0000000613800000| Untracked 
|  48|0x0000000613c00000, 0x0000000613c00000, 0x0000000614000000|  0%| F|  |TAMS 0x0000000613c00000, 0x0000000613c00000| Untracked 
|  49|0x0000000614000000, 0x0000000614000000, 0x0000000614400000|  0%| F|  |TAMS 0x0000000614000000, 0x0000000614000000| Untracked 
|  50|0x0000000614400000, 0x00000006145426a0, 0x0000000614800000| 31%| S|CS|TAMS 0x0000000614400000, 0x0000000614400000| Complete 
|  51|0x0000000614800000, 0x0000000614800000, 0x0000000614c00000|  0%| F|  |TAMS 0x0000000614800000, 0x0000000614800000| Untracked 
|  52|0x0000000614c00000, 0x0000000614c00000, 0x0000000615000000|  0%| F|  |TAMS 0x0000000614c00000, 0x0000000614c00000| Untracked 
|  53|0x0000000615000000, 0x0000000615000000, 0x0000000615400000|  0%| F|  |TAMS 0x0000000615000000, 0x0000000615000000| Untracked 
|  54|0x0000000615400000, 0x0000000615400000, 0x0000000615800000|  0%| F|  |TAMS 0x0000000615400000, 0x0000000615400000| Untracked 
|  55|0x0000000615800000, 0x0000000615800000, 0x0000000615c00000|  0%| F|  |TAMS 0x0000000615800000, 0x0000000615800000| Untracked 
|  56|0x0000000615c00000, 0x0000000615c00000, 0x0000000616000000|  0%| F|  |TAMS 0x0000000615c00000, 0x0000000615c00000| Untracked 
|  57|0x0000000616000000, 0x0000000616000000, 0x0000000616400000|  0%| F|  |TAMS 0x0000000616000000, 0x0000000616000000| Untracked 
|  58|0x0000000616400000, 0x0000000616400000, 0x0000000616800000|  0%| F|  |TAMS 0x0000000616400000, 0x0000000616400000| Untracked 
|  59|0x0000000616800000, 0x0000000616800000, 0x0000000616c00000|  0%| F|  |TAMS 0x0000000616800000, 0x0000000616800000| Untracked 
|  60|0x0000000616c00000, 0x0000000616c00000, 0x0000000617000000|  0%| F|  |TAMS 0x0000000616c00000, 0x0000000616c00000| Untracked 
|  61|0x0000000617000000, 0x0000000617000000, 0x0000000617400000|  0%| F|  |TAMS 0x0000000617000000, 0x0000000617000000| Untracked 
|  62|0x0000000617400000, 0x0000000617400000, 0x0000000617800000|  0%| F|  |TAMS 0x0000000617400000, 0x0000000617400000| Untracked 
|  63|0x0000000617800000, 0x0000000617800000, 0x0000000617c00000|  0%| F|  |TAMS 0x0000000617800000, 0x0000000617800000| Untracked 
|  64|0x0000000617c00000, 0x0000000617c00000, 0x0000000618000000|  0%| F|  |TAMS 0x0000000617c00000, 0x0000000617c00000| Untracked 
|  65|0x0000000618000000, 0x0000000618000000, 0x0000000618400000|  0%| F|  |TAMS 0x0000000618000000, 0x0000000618000000| Untracked 
|  66|0x0000000618400000, 0x0000000618400000, 0x0000000618800000|  0%| F|  |TAMS 0x0000000618400000, 0x0000000618400000| Untracked 
|  67|0x0000000618800000, 0x0000000618800000, 0x0000000618c00000|  0%| F|  |TAMS 0x0000000618800000, 0x0000000618800000| Untracked 
|  68|0x0000000618c00000, 0x0000000618c00000, 0x0000000619000000|  0%| F|  |TAMS 0x0000000618c00000, 0x0000000618c00000| Untracked 
|  69|0x0000000619000000, 0x0000000619000000, 0x0000000619400000|  0%| F|  |TAMS 0x0000000619000000, 0x0000000619000000| Untracked 
|  70|0x0000000619400000, 0x0000000619400000, 0x0000000619800000|  0%| F|  |TAMS 0x0000000619400000, 0x0000000619400000| Untracked 
|  71|0x0000000619800000, 0x0000000619800000, 0x0000000619c00000|  0%| F|  |TAMS 0x0000000619800000, 0x0000000619800000| Untracked 
|  72|0x0000000619c00000, 0x0000000619c00000, 0x000000061a000000|  0%| F|  |TAMS 0x0000000619c00000, 0x0000000619c00000| Untracked 
|  73|0x000000061a000000, 0x000000061a000000, 0x000000061a400000|  0%| F|  |TAMS 0x000000061a000000, 0x000000061a000000| Untracked 
|  74|0x000000061a400000, 0x000000061a400000, 0x000000061a800000|  0%| F|  |TAMS 0x000000061a400000, 0x000000061a400000| Untracked 
|  75|0x000000061a800000, 0x000000061a800000, 0x000000061ac00000|  0%| F|  |TAMS 0x000000061a800000, 0x000000061a800000| Untracked 
|  76|0x000000061ac00000, 0x000000061ac00000, 0x000000061b000000|  0%| F|  |TAMS 0x000000061ac00000, 0x000000061ac00000| Untracked 
|  77|0x000000061b000000, 0x000000061b000000, 0x000000061b400000|  0%| F|  |TAMS 0x000000061b000000, 0x000000061b000000| Untracked 
|  78|0x000000061b400000, 0x000000061b400000, 0x000000061b800000|  0%| F|  |TAMS 0x000000061b400000, 0x000000061b400000| Untracked 
|  79|0x000000061b800000, 0x000000061b800000, 0x000000061bc00000|  0%| F|  |TAMS 0x000000061b800000, 0x000000061b800000| Untracked 
|  80|0x000000061bc00000, 0x000000061bc00000, 0x000000061c000000|  0%| F|  |TAMS 0x000000061bc00000, 0x000000061bc00000| Untracked 
|  81|0x000000061c000000, 0x000000061c000000, 0x000000061c400000|  0%| F|  |TAMS 0x000000061c000000, 0x000000061c000000| Untracked 
|  82|0x000000061c400000, 0x000000061c400000, 0x000000061c800000|  0%| F|  |TAMS 0x000000061c400000, 0x000000061c400000| Untracked 
|  83|0x000000061c800000, 0x000000061c800000, 0x000000061cc00000|  0%| F|  |TAMS 0x000000061c800000, 0x000000061c800000| Untracked 
|  84|0x000000061cc00000, 0x000000061cc00000, 0x000000061d000000|  0%| F|  |TAMS 0x000000061cc00000, 0x000000061cc00000| Untracked 
|  85|0x000000061d000000, 0x000000061d000000, 0x000000061d400000|  0%| F|  |TAMS 0x000000061d000000, 0x000000061d000000| Untracked 
|  86|0x000000061d400000, 0x000000061d400000, 0x000000061d800000|  0%| F|  |TAMS 0x000000061d400000, 0x000000061d400000| Untracked 
|  87|0x000000061d800000, 0x000000061d800000, 0x000000061dc00000|  0%| F|  |TAMS 0x000000061d800000, 0x000000061d800000| Untracked 
|  88|0x000000061dc00000, 0x000000061dc00000, 0x000000061e000000|  0%| F|  |TAMS 0x000000061dc00000, 0x000000061dc00000| Untracked 
|  89|0x000000061e000000, 0x000000061e000000, 0x000000061e400000|  0%| F|  |TAMS 0x000000061e000000, 0x000000061e000000| Untracked 
|  90|0x000000061e400000, 0x000000061e400000, 0x000000061e800000|  0%| F|  |TAMS 0x000000061e400000, 0x000000061e400000| Untracked 
|  91|0x000000061e800000, 0x000000061e800000, 0x000000061ec00000|  0%| F|  |TAMS 0x000000061e800000, 0x000000061e800000| Untracked 
|  92|0x000000061ec00000, 0x000000061ec00000, 0x000000061f000000|  0%| F|  |TAMS 0x000000061ec00000, 0x000000061ec00000| Untracked 
|  93|0x000000061f000000, 0x000000061f000000, 0x000000061f400000|  0%| F|  |TAMS 0x000000061f000000, 0x000000061f000000| Untracked 
|  94|0x000000061f400000, 0x000000061f400000, 0x000000061f800000|  0%| F|  |TAMS 0x000000061f400000, 0x000000061f400000| Untracked 
|  95|0x000000061f800000, 0x000000061f800000, 0x000000061fc00000|  0%| F|  |TAMS 0x000000061f800000, 0x000000061f800000| Untracked 
|  96|0x000000061fc00000, 0x000000061fc00000, 0x0000000620000000|  0%| F|  |TAMS 0x000000061fc00000, 0x000000061fc00000| Untracked 
|  97|0x0000000620000000, 0x0000000620000000, 0x0000000620400000|  0%| F|  |TAMS 0x0000000620000000, 0x0000000620000000| Untracked 
|  98|0x0000000620400000, 0x0000000620400000, 0x0000000620800000|  0%| F|  |TAMS 0x0000000620400000, 0x0000000620400000| Untracked 
|  99|0x0000000620800000, 0x0000000620800000, 0x0000000620c00000|  0%| F|  |TAMS 0x0000000620800000, 0x0000000620800000| Untracked 
| 100|0x0000000620c00000, 0x0000000620c00000, 0x0000000621000000|  0%| F|  |TAMS 0x0000000620c00000, 0x0000000620c00000| Untracked 
| 101|0x0000000621000000, 0x0000000621000000, 0x0000000621400000|  0%| F|  |TAMS 0x0000000621000000, 0x0000000621000000| Untracked 
| 102|0x0000000621400000, 0x0000000621400000, 0x0000000621800000|  0%| F|  |TAMS 0x0000000621400000, 0x0000000621400000| Untracked 
| 103|0x0000000621800000, 0x0000000621800000, 0x0000000621c00000|  0%| F|  |TAMS 0x0000000621800000, 0x0000000621800000| Untracked 
| 104|0x0000000621c00000, 0x0000000621c00000, 0x0000000622000000|  0%| F|  |TAMS 0x0000000621c00000, 0x0000000621c00000| Untracked 
| 105|0x0000000622000000, 0x0000000622000000, 0x0000000622400000|  0%| F|  |TAMS 0x0000000622000000, 0x0000000622000000| Untracked 
| 106|0x0000000622400000, 0x0000000622400000, 0x0000000622800000|  0%| F|  |TAMS 0x0000000622400000, 0x0000000622400000| Untracked 
| 107|0x0000000622800000, 0x0000000622800000, 0x0000000622c00000|  0%| F|  |TAMS 0x0000000622800000, 0x0000000622800000| Untracked 
| 108|0x0000000622c00000, 0x0000000622c00000, 0x0000000623000000|  0%| F|  |TAMS 0x0000000622c00000, 0x0000000622c00000| Untracked 
| 109|0x0000000623000000, 0x0000000623000000, 0x0000000623400000|  0%| F|  |TAMS 0x0000000623000000, 0x0000000623000000| Untracked 
| 110|0x0000000623400000, 0x0000000623400000, 0x0000000623800000|  0%| F|  |TAMS 0x0000000623400000, 0x0000000623400000| Untracked 
| 111|0x0000000623800000, 0x0000000623800000, 0x0000000623c00000|  0%| F|  |TAMS 0x0000000623800000, 0x0000000623800000| Untracked 
| 112|0x0000000623c00000, 0x0000000623c00000, 0x0000000624000000|  0%| F|  |TAMS 0x0000000623c00000, 0x0000000623c00000| Untracked 
| 113|0x0000000624000000, 0x0000000624000000, 0x0000000624400000|  0%| F|  |TAMS 0x0000000624000000, 0x0000000624000000| Untracked 
| 114|0x0000000624400000, 0x0000000624400000, 0x0000000624800000|  0%| F|  |TAMS 0x0000000624400000, 0x0000000624400000| Untracked 
| 115|0x0000000624800000, 0x0000000624800000, 0x0000000624c00000|  0%| F|  |TAMS 0x0000000624800000, 0x0000000624800000| Untracked 
| 116|0x0000000624c00000, 0x0000000624c00000, 0x0000000625000000|  0%| F|  |TAMS 0x0000000624c00000, 0x0000000624c00000| Untracked 
| 117|0x0000000625000000, 0x0000000625000000, 0x0000000625400000|  0%| F|  |TAMS 0x0000000625000000, 0x0000000625000000| Untracked 
| 118|0x0000000625400000, 0x0000000625400000, 0x0000000625800000|  0%| F|  |TAMS 0x0000000625400000, 0x0000000625400000| Untracked 
| 119|0x0000000625800000, 0x0000000625800000, 0x0000000625c00000|  0%| F|  |TAMS 0x0000000625800000, 0x0000000625800000| Untracked 
| 120|0x0000000625c00000, 0x0000000625c00000, 0x0000000626000000|  0%| F|  |TAMS 0x0000000625c00000, 0x0000000625c00000| Untracked 
| 121|0x0000000626000000, 0x0000000626000000, 0x0000000626400000|  0%| F|  |TAMS 0x0000000626000000, 0x0000000626000000| Untracked 
| 122|0x0000000626400000, 0x0000000626400000, 0x0000000626800000|  0%| F|  |TAMS 0x0000000626400000, 0x0000000626400000| Untracked 
| 123|0x0000000626800000, 0x0000000626800000, 0x0000000626c00000|  0%| F|  |TAMS 0x0000000626800000, 0x0000000626800000| Untracked 
| 124|0x0000000626c00000, 0x0000000626c00000, 0x0000000627000000|  0%| F|  |TAMS 0x0000000626c00000, 0x0000000626c00000| Untracked 
| 125|0x0000000627000000, 0x000000062701ecf8, 0x0000000627400000|  3%| E|  |TAMS 0x0000000627000000, 0x0000000627000000| Complete 
| 126|0x0000000627400000, 0x0000000627800000, 0x0000000627800000|100%| E|CS|TAMS 0x0000000627400000, 0x0000000627400000| Complete 

Card table byte_map: [0x00000173987d0000,0x00000173997a0000] _byte_map_base: 0x0000017395792000

Marking Bits (Prev, Next): (CMBitMap*) 0x00000173fe409100, (CMBitMap*) 0x00000173fe409140
 Prev Bits: [0x000001739a770000, 0x00000173a2580000)
 Next Bits: [0x00000173a2580000, 0x00000173aa390000)

Polling page: 0x00000173fdcd0000

Metaspace:

Usage:
  Non-class:     17.30 MB used.
      Class:      1.57 MB used.
       Both:     18.86 MB used.

Virtual space:
  Non-class space:       64.00 MB reserved,      17.44 MB ( 27%) committed,  1 nodes.
      Class space:        1.00 GB reserved,       1.69 MB ( <1%) committed,  1 nodes.
             Both:        1.06 GB reserved,      19.12 MB (  2%) committed. 

Chunk freelists:
   Non-Class:  13.95 MB
       Class:  14.16 MB
        Both:  28.11 MB

MaxMetaspaceSize: unlimited
CompressedClassSpaceSize: 1.00 GB
Initial GC threshold: 21.00 MB
Current GC threshold: 21.00 MB
CDS: on
MetaspaceReclaimPolicy: balanced
 - commit_granule_bytes: 65536.
 - commit_granule_words: 8192.
 - virtual_space_node_default_size: 8388608.
 - enlarge_chunks_in_place: 1.
 - new_chunks_are_fully_committed: 0.
 - uncommit_free_chunks: 1.
 - use_allocation_guard: 0.
 - handle_deallocations: 1.


Internal statistics:

num_allocs_failed_limit: 0.
num_arena_births: 232.
num_arena_deaths: 0.
num_vsnodes_births: 2.
num_vsnodes_deaths: 0.
num_space_committed: 302.
num_space_uncommitted: 0.
num_chunks_returned_to_freelist: 0.
num_chunks_taken_from_freelist: 749.
num_chunk_merges: 0.
num_chunk_splits: 518.
num_chunks_enlarged: 372.
num_inconsistent_stats: 0.

CodeHeap 'non-profiled nmethods': size=119168Kb used=4566Kb max_used=5169Kb free=114601Kb
 bounds [0x000001738f5d0000, 0x000001738fae0000, 0x0000017396a30000]
CodeHeap 'profiled nmethods': size=119104Kb used=5196Kb max_used=7529Kb free=113907Kb
 bounds [0x0000017387a30000, 0x00000173881f0000, 0x000001738ee80000]
CodeHeap 'non-nmethods': size=7488Kb used=1678Kb max_used=3376Kb free=5809Kb
 bounds [0x000001738ee80000, 0x000001738f1e0000, 0x000001738f5d0000]
 total_blobs=4382 nmethods=3351 adapters=943
 compilation: enabled
              stopped_count=0, restarted_count=0
 full_count=0

Compilation events (20 events):
Event: 890.333 Thread 0x00000173ad856a00 4518       3       java.util.regex.Pattern$BmpCharPropertyGreedy::match (89 bytes)
Event: 890.333 Thread 0x00000173ad856a00 nmethod 4518 0x0000017387ab1f90 code [0x0000017387ab2180, 0x0000017387ab27e8]
Event: 893.451 Thread 0x00000173ad844390 4519       4       processing.opengl.Texture::copyBufferFromSource (101 bytes)
Event: 893.469 Thread 0x00000173ad844390 nmethod 4519 0x000001738f802710 code [0x000001738f802900, 0x000001738f8049b8]
Event: 897.594 Thread 0x00000173ad856a00 4520       3       java.util.regex.Matcher::start (65 bytes)
Event: 897.595 Thread 0x00000173ad856a00 nmethod 4520 0x000001738816b410 code [0x000001738816b680, 0x000001738816bee8]
Event: 897.758 Thread 0x00000173ad856a00 4521       3       java.util.stream.StreamSupport::stream (19 bytes)
Event: 897.758 Thread 0x00000173ad856a00 nmethod 4521 0x0000017387a43910 code [0x0000017387a43b00, 0x0000017387a43f48]
Event: 897.758 Thread 0x00000173ad856a00 4522       3       java.util.stream.ReferencePipeline$Head::<init> (8 bytes)
Event: 897.758 Thread 0x00000173ad856a00 nmethod 4522 0x0000017387c53e10 code [0x0000017387c53fc0, 0x0000017387c54188]
Event: 897.758 Thread 0x00000173ad856a00 4523       3       java.util.stream.ReferencePipeline::<init> (8 bytes)
Event: 897.758 Thread 0x00000173ad856a00 nmethod 4523 0x0000017387a88e10 code [0x0000017387a88fa0, 0x0000017387a89108]
Event: 905.653 Thread 0x00000173ad856a00 4524       3       java.lang.StackStreamFactory$FrameBuffer::isEmpty (32 bytes)
Event: 905.653 Thread 0x00000173ad856a00 nmethod 4524 0x0000017387ac1410 code [0x0000017387ac15a0, 0x0000017387ac1778]
Event: 905.653 Thread 0x00000173ad856a00 4525       1       java.util.stream.FindOps$FindSink::cancellationRequested (5 bytes)
Event: 905.653 Thread 0x00000173ad856a00 nmethod 4525 0x000001738f9b4890 code [0x000001738f9b4a20, 0x000001738f9b4af8]
Event: 905.653 Thread 0x00000173ad856a00 4526       3       java.util.regex.Matcher::end (67 bytes)
Event: 905.654 Thread 0x00000173ad856a00 nmethod 4526 0x0000017387d08d90 code [0x0000017387d09000, 0x0000017387d09888]
Event: 905.654 Thread 0x00000173ad856a00 4527       3       java.util.regex.Pattern$BranchConn::match (11 bytes)
Event: 905.654 Thread 0x00000173ad856a00 nmethod 4527 0x0000017387c94110 code [0x0000017387c942c0, 0x0000017387c944c8]

GC Heap History (20 events):
Event: 861.481 GC heap before
{Heap before GC invocations=37 (full 0):
 garbage-first heap   total 520192K, used 378412K [0x0000000607c00000, 0x0000000800000000)
  region size 4096K, 39 young (159744K), 1 survivors (4096K)
 Metaspace       used 19309K, committed 19520K, reserved 1114112K
  class space    used 1602K, committed 1728K, reserved 1048576K
}
Event: 861.483 GC heap after
{Heap after GC invocations=38 (full 0):
 garbage-first heap   total 520192K, used 72108K [0x0000000607c00000, 0x0000000800000000)
  region size 4096K, 1 young (4096K), 1 survivors (4096K)
 Metaspace       used 19309K, committed 19520K, reserved 1114112K
  class space    used 1602K, committed 1728K, reserved 1048576K
}
Event: 866.873 GC heap before
{Heap before GC invocations=38 (full 0):
 garbage-first heap   total 520192K, used 387500K [0x0000000607c00000, 0x0000000800000000)
  region size 4096K, 76 young (311296K), 1 survivors (4096K)
 Metaspace       used 19309K, committed 19520K, reserved 1114112K
  class space    used 1602K, committed 1728K, reserved 1048576K
}
Event: 866.876 GC heap after
{Heap after GC invocations=39 (full 0):
 garbage-first heap   total 520192K, used 80480K [0x0000000607c00000, 0x0000000800000000)
  region size 4096K, 1 young (4096K), 1 survivors (4096K)
 Metaspace       used 19309K, committed 19520K, reserved 1114112K
  class space    used 1602K, committed 1728K, reserved 1048576K
}
Event: 872.524 GC heap before
{Heap before GC invocations=39 (full 0):
 garbage-first heap   total 520192K, used 387680K [0x0000000607c00000, 0x0000000800000000)
  region size 4096K, 76 young (311296K), 1 survivors (4096K)
 Metaspace       used 19309K, committed 19520K, reserved 1114112K
  class space    used 1602K, committed 1728K, reserved 1048576K
}
Event: 872.526 GC heap after
{Heap after GC invocations=40 (full 0):
 garbage-first heap   total 520192K, used 80482K [0x0000000607c00000, 0x0000000800000000)
  region size 4096K, 1 young (4096K), 1 survivors (4096K)
 Metaspace       used 19309K, committed 19520K, reserved 1114112K
  class space    used 1602K, committed 1728K, reserved 1048576K
}
Event: 878.193 GC heap before
{Heap before GC invocations=40 (full 0):
 garbage-first heap   total 520192K, used 387682K [0x0000000607c00000, 0x0000000800000000)
  region size 4096K, 76 young (311296K), 1 survivors (4096K)
 Metaspace       used 19309K, committed 19520K, reserved 1114112K
  class space    used 1602K, committed 1728K, reserved 1048576K
}
Event: 878.195 GC heap after
{Heap after GC invocations=41 (full 0):
 garbage-first heap   total 520192K, used 80261K [0x0000000607c00000, 0x0000000800000000)
  region size 4096K, 1 young (4096K), 1 survivors (4096K)
 Metaspace       used 19309K, committed 19520K, reserved 1114112K
  class space    used 1602K, committed 1728K, reserved 1048576K
}
Event: 883.886 GC heap before
{Heap before GC invocations=41 (full 0):
 garbage-first heap   total 520192K, used 387461K [0x0000000607c00000, 0x0000000800000000)
  region size 4096K, 76 young (311296K), 1 survivors (4096K)
 Metaspace       used 19309K, committed 19520K, reserved 1114112K
  class space    used 1602K, committed 1728K, reserved 1048576K
}
Event: 883.888 GC heap after
{Heap after GC invocations=42 (full 0):
 garbage-first heap   total 520192K, used 80029K [0x0000000607c00000, 0x0000000800000000)
  region size 4096K, 1 young (4096K), 1 survivors (4096K)
 Metaspace       used 19309K, committed 19520K, reserved 1114112K
  class space    used 1602K, committed 1728K, reserved 1048576K
}
Event: 889.212 GC heap before
{Heap before GC invocations=42 (full 0):
 garbage-first heap   total 520192K, used 387229K [0x0000000607c00000, 0x0000000800000000)
  region size 4096K, 76 young (311296K), 1 survivors (4096K)
 Metaspace       used 19309K, committed 19520K, reserved 1114112K
  class space    used 1602K, committed 1728K, reserved 1048576K
}
Event: 889.214 GC heap after
{Heap after GC invocations=43 (full 0):
 garbage-first heap   total 520192K, used 80431K [0x0000000607c00000, 0x0000000800000000)
  region size 4096K, 1 young (4096K), 1 survivors (4096K)
 Metaspace       used 19309K, committed 19520K, reserved 1114112K
  class space    used 1602K, committed 1728K, reserved 1048576K
}
Event: 893.970 GC heap before
{Heap before GC invocations=43 (full 0):
 garbage-first heap   total 520192K, used 387631K [0x0000000607c00000, 0x0000000800000000)
  region size 4096K, 76 young (311296K), 1 survivors (4096K)
 Metaspace       used 19310K, committed 19520K, reserved 1114112K
  class space    used 1602K, committed 1728K, reserved 1048576K
}
Event: 893.972 GC heap after
{Heap after GC invocations=44 (full 0):
 garbage-first heap   total 520192K, used 80472K [0x0000000607c00000, 0x0000000800000000)
  region size 4096K, 1 young (4096K), 1 survivors (4096K)
 Metaspace       used 19310K, committed 19520K, reserved 1114112K
  class space    used 1602K, committed 1728K, reserved 1048576K
}
Event: 898.879 GC heap before
{Heap before GC invocations=44 (full 0):
 garbage-first heap   total 520192K, used 387672K [0x0000000607c00000, 0x0000000800000000)
  region size 4096K, 76 young (311296K), 1 survivors (4096K)
 Metaspace       used 19312K, committed 19520K, reserved 1114112K
  class space    used 1602K, committed 1728K, reserved 1048576K
}
Event: 898.881 GC heap after
{Heap after GC invocations=45 (full 0):
 garbage-first heap   total 520192K, used 80214K [0x0000000607c00000, 0x0000000800000000)
  region size 4096K, 1 young (4096K), 1 survivors (4096K)
 Metaspace       used 19312K, committed 19520K, reserved 1114112K
  class space    used 1602K, committed 1728K, reserved 1048576K
}
Event: 903.559 GC heap before
{Heap before GC invocations=45 (full 0):
 garbage-first heap   total 520192K, used 387414K [0x0000000607c00000, 0x0000000800000000)
  region size 4096K, 76 young (311296K), 1 survivors (4096K)
 Metaspace       used 19312K, committed 19520K, reserved 1114112K
  class space    used 1602K, committed 1728K, reserved 1048576K
}
Event: 903.561 GC heap after
{Heap after GC invocations=46 (full 0):
 garbage-first heap   total 520192K, used 80436K [0x0000000607c00000, 0x0000000800000000)
  region size 4096K, 1 young (4096K), 1 survivors (4096K)
 Metaspace       used 19312K, committed 19520K, reserved 1114112K
  class space    used 1602K, committed 1728K, reserved 1048576K
}
Event: 908.246 GC heap before
{Heap before GC invocations=46 (full 0):
 garbage-first heap   total 520192K, used 387636K [0x0000000607c00000, 0x0000000800000000)
  region size 4096K, 76 young (311296K), 1 survivors (4096K)
 Metaspace       used 19313K, committed 19584K, reserved 1114112K
  class space    used 1602K, committed 1728K, reserved 1048576K
}
Event: 908.248 GC heap after
{Heap after GC invocations=47 (full 0):
 garbage-first heap   total 520192K, used 80408K [0x0000000607c00000, 0x0000000800000000)
  region size 4096K, 1 young (4096K), 1 survivors (4096K)
 Metaspace       used 19313K, committed 19584K, reserved 1114112K
  class space    used 1602K, committed 1728K, reserved 1048576K
}

Dll operation events (17 events):
Event: 0.006 Loaded shared library C:\Program Files\Processing\app\resources\jdk\bin\java.dll
Event: 0.018 Loaded shared library C:\Program Files\Processing\app\resources\jdk\bin\jsvml.dll
Event: 0.083 Loaded shared library C:\Program Files\Processing\app\resources\jdk\bin\net.dll
Event: 0.084 Loaded shared library C:\Program Files\Processing\app\resources\jdk\bin\nio.dll
Event: 0.086 Loaded shared library C:\Program Files\Processing\app\resources\jdk\bin\zip.dll
Event: 0.129 Loaded shared library C:\Program Files\Processing\app\resources\jdk\bin\jimage.dll
Event: 0.132 Loaded shared library C:\Program Files\Processing\app\resources\jdk\bin\awt.dll
Event: 0.424 Loaded shared library C:\Users\mihbo\AppData\Local\Temp\jogamp_0000\file_cache\jln15031247318315772677\jln15790161067581143088\natives\windows-amd64\gluegen_rt.dll
Event: 0.429 Loaded shared library C:\Program Files\Processing\app\resources\jdk\bin\jawt.dll
Event: 0.445 Loaded shared library C:\Users\mihbo\AppData\Local\Temp\jogamp_0000\file_cache\jln15031247318315772677\jln15790161067581143088\natives\windows-amd64\nativewindow_awt.dll
Event: 0.472 Loaded shared library C:\Users\mihbo\AppData\Local\Temp\jogamp_0000\file_cache\jln15031247318315772677\jln15790161067581143088\natives\windows-amd64\nativewindow_win32.dll
Event: 0.574 Loaded shared library C:\Users\mihbo\AppData\Local\Temp\jogamp_0000\file_cache\jln15031247318315772677\jln15790161067581143088\natives\windows-amd64\jogl_desktop.dll
Event: 1.055 Loaded shared library C:\Users\mihbo\AppData\Local\Temp\jogamp_0000\file_cache\jln15031247318315772677\jln15790161067581143088\natives\windows-amd64\jogl_mobile.dll
Event: 2.019 Loaded shared library C:\Users\mihbo\AppData\Local\Temp\jogamp_0000\file_cache\jln15031247318315772677\jln15790161067581143088\natives\windows-amd64\newt_head.dll
Event: 2.150 Loaded shared library C:\Program Files\Processing\app\resources\jdk\bin\jsound.dll
Event: 2.943 Loaded shared library C:\Users\mihbo\AppData\Local\Temp\jna-103894937\jna11255234184563594865.dll
Event: 5.861 Loaded shared library C:\Program Files\Processing\app\resources\jdk\bin\javajpeg.dll

Deoptimization events (20 events):
Event: 908.230 Thread 0x00000173f729e400 Uncommon trap: trap_request=0xffffff97 fr.pc=0x000001738f81f154 relative=0x0000000000000954
Event: 908.230 Thread 0x00000173f729e400 Uncommon trap: reason=unhandled action=none pc=0x000001738f81f154 method=jogamp.opengl.gl4.GL4bcImpl.getGL2()Lcom/jogamp/opengl/GL2; @ 17 c2
Event: 908.230 Thread 0x00000173f729e400 DEOPT PACKING pc=0x000001738f81f154 sp=0x0000002c343ff270
Event: 908.230 Thread 0x00000173f729e400 DEOPT UNPACKING pc=0x000001738eed69a3 sp=0x0000002c343ff1e0 mode 2
Event: 908.259 Thread 0x00000173f729e400 Uncommon trap: trap_request=0xffffff97 fr.pc=0x000001738f81f154 relative=0x0000000000000954
Event: 908.259 Thread 0x00000173f729e400 Uncommon trap: reason=unhandled action=none pc=0x000001738f81f154 method=jogamp.opengl.gl4.GL4bcImpl.getGL2()Lcom/jogamp/opengl/GL2; @ 17 c2
Event: 908.259 Thread 0x00000173f729e400 DEOPT PACKING pc=0x000001738f81f154 sp=0x0000002c343ff270
Event: 908.259 Thread 0x00000173f729e400 DEOPT UNPACKING pc=0x000001738eed69a3 sp=0x0000002c343ff1e0 mode 2
Event: 908.259 Thread 0x00000173f729e400 Uncommon trap: trap_request=0xffffff97 fr.pc=0x000001738f81f154 relative=0x0000000000000954
Event: 908.259 Thread 0x00000173f729e400 Uncommon trap: reason=unhandled action=none pc=0x000001738f81f154 method=jogamp.opengl.gl4.GL4bcImpl.getGL2()Lcom/jogamp/opengl/GL2; @ 17 c2
Event: 908.259 Thread 0x00000173f729e400 DEOPT PACKING pc=0x000001738f81f154 sp=0x0000002c343ff270
Event: 908.259 Thread 0x00000173f729e400 DEOPT UNPACKING pc=0x000001738eed69a3 sp=0x0000002c343ff1e0 mode 2
Event: 908.288 Thread 0x00000173f729e400 Uncommon trap: trap_request=0xffffff97 fr.pc=0x000001738f81f154 relative=0x0000000000000954
Event: 908.288 Thread 0x00000173f729e400 Uncommon trap: reason=unhandled action=none pc=0x000001738f81f154 method=jogamp.opengl.gl4.GL4bcImpl.getGL2()Lcom/jogamp/opengl/GL2; @ 17 c2
Event: 908.288 Thread 0x00000173f729e400 DEOPT PACKING pc=0x000001738f81f154 sp=0x0000002c343ff270
Event: 908.288 Thread 0x00000173f729e400 DEOPT UNPACKING pc=0x000001738eed69a3 sp=0x0000002c343ff1e0 mode 2
Event: 908.288 Thread 0x00000173f729e400 Uncommon trap: trap_request=0xffffff97 fr.pc=0x000001738f81f154 relative=0x0000000000000954
Event: 908.288 Thread 0x00000173f729e400 Uncommon trap: reason=unhandled action=none pc=0x000001738f81f154 method=jogamp.opengl.gl4.GL4bcImpl.getGL2()Lcom/jogamp/opengl/GL2; @ 17 c2
Event: 908.288 Thread 0x00000173f729e400 DEOPT PACKING pc=0x000001738f81f154 sp=0x0000002c343ff270
Event: 908.288 Thread 0x00000173f729e400 DEOPT UNPACKING pc=0x000001738eed69a3 sp=0x0000002c343ff1e0 mode 2

Classes unloaded (0 events):
No events

Classes redefined (0 events):
No events

Internal exceptions (20 events):
Event: 213.088 Thread 0x000001742845a330 Implicit null exception at 0x000001738f985c27 to 0x000001738f9866e4
Event: 332.456 Thread 0x00000173f729c5a0 Implicit null exception at 0x000001738f927c83 to 0x000001738f92d4c4
Event: 332.459 Thread 0x00000173f729c5a0 Implicit null exception at 0x000001738f86c61b to 0x000001738f86c894
Event: 332.464 Thread 0x00000173f729e400 Implicit null exception at 0x000001738f9360ae to 0x000001738f937508
Event: 332.533 Thread 0x000001742845b770 Implicit null exception at 0x000001738f97e316 to 0x000001738f97fc38
Event: 333.666 Thread 0x000001742845b770 Implicit null exception at 0x000001738f9caab6 to 0x000001738f9cbcd8
Event: 335.243 Thread 0x000001742845dff0 Implicit null exception at 0x000001738f9dcf36 to 0x000001738f9dd150
Event: 344.986 Thread 0x000001742845dff0 Implicit null exception at 0x000001738fa1f541 to 0x000001738fa20750
Event: 352.662 Thread 0x00000173ad823310 Implicit null exception at 0x000001738f8ed029 to 0x000001738f8ed230
Event: 379.715 Thread 0x000001742845dff0 Implicit null exception at 0x000001738fa446e8 to 0x000001738fa47ef4
Event: 381.015 Thread 0x000001742845dff0 Implicit null exception at 0x000001738fa4e122 to 0x000001738fa52f10
Event: 411.764 Thread 0x0000017429bca820 Implicit null exception at 0x000001738fa6720f to 0x000001738fa689a4
Event: 438.674 Thread 0x0000017428459e20 Implicit null exception at 0x000001738fa64a8a to 0x000001738fa657f8
Event: 438.681 Thread 0x0000017428459e20 Exception <a 'java/lang/NoSuchMethodError'{0x0000000623ed80f0}: 'java.lang.Object java.lang.invoke.DirectMethodHandle$Holder.invokeStatic(java.lang.Object, int, java.lang.Object)'> (0x0000000623ed80f0) 
thrown [s\src\hotspot\share\interpreter\linkResolver.cpp, line 759]
Event: 438.685 Thread 0x0000017428459e20 Exception <a 'java/lang/ClassNotFoundException'{0x0000000623eef9b8}: sun/util/logging/resources/spi/loggingProvider> (0x0000000623eef9b8) 
thrown [s\src\hotspot\share\classfile\systemDictionary.cpp, line 256]
Event: 438.686 Thread 0x0000017428459e20 Implicit null exception at 0x000001738f65c5de to 0x000001738f65c974
Event: 489.219 Thread 0x00000173f729e400 Implicit null exception at 0x000001738fab3e46 to 0x000001738fab5148
Event: 489.254 Thread 0x00000173f729e400 Implicit null exception at 0x000001738fab3e46 to 0x000001738fab5148
Event: 489.288 Thread 0x00000173f729e400 Implicit null exception at 0x000001738fab3e46 to 0x000001738fab5148
Event: 489.320 Thread 0x00000173f729e400 Implicit null exception at 0x000001738fab3e46 to 0x000001738fab5148

VM Operations (20 events):
Event: 883.199 Executing VM operation: Cleanup
Event: 883.199 Executing VM operation: Cleanup done
Event: 883.886 Executing VM operation: G1CollectForAllocation
Event: 883.888 Executing VM operation: G1CollectForAllocation done
Event: 889.212 Executing VM operation: G1CollectForAllocation
Event: 889.214 Executing VM operation: G1CollectForAllocation done
Event: 891.214 Executing VM operation: Cleanup
Event: 891.214 Executing VM operation: Cleanup done
Event: 893.970 Executing VM operation: G1CollectForAllocation
Event: 893.972 Executing VM operation: G1CollectForAllocation done
Event: 897.973 Executing VM operation: Cleanup
Event: 897.973 Executing VM operation: Cleanup done
Event: 898.879 Executing VM operation: G1CollectForAllocation
Event: 898.881 Executing VM operation: G1CollectForAllocation done
Event: 902.003 Executing VM operation: HandshakeAllThreads
Event: 902.003 Executing VM operation: HandshakeAllThreads done
Event: 903.559 Executing VM operation: G1CollectForAllocation
Event: 903.561 Executing VM operation: G1CollectForAllocation done
Event: 908.246 Executing VM operation: G1CollectForAllocation
Event: 908.248 Executing VM operation: G1CollectForAllocation done

Events (20 events):
Event: 795.982 Thread 0x00000173ad85a730 flushing nmethod 0x000001738813e190
Event: 795.982 Thread 0x00000173ad85a730 flushing nmethod 0x0000017388142b90
Event: 795.982 Thread 0x00000173ad85a730 flushing nmethod 0x0000017388148210
Event: 795.982 Thread 0x00000173ad85a730 flushing nmethod 0x000001738814da10
Event: 795.982 Thread 0x00000173ad85a730 flushing nmethod 0x000001738814fd10
Event: 795.982 Thread 0x00000173ad85a730 flushing nmethod 0x000001738816bf10
Event: 795.982 Thread 0x00000173ad85a730 flushing nmethod 0x0000017388171910
Event: 795.982 Thread 0x00000173ad85a730 flushing nmethod 0x000001738817ed10
Event: 795.982 Thread 0x00000173ad85a730 flushing nmethod 0x000001738817f490
Event: 795.982 Thread 0x00000173ad85a730 flushing nmethod 0x0000017388180110
Event: 795.982 Thread 0x00000173ad85a730 flushing nmethod 0x0000017388182f10
Event: 795.982 Thread 0x00000173ad85a730 flushing nmethod 0x0000017388185590
Event: 795.982 Thread 0x00000173ad85a730 flushing nmethod 0x000001738819ad90
Event: 795.982 Thread 0x00000173ad85a730 flushing nmethod 0x00000173881ab590
Event: 795.982 Thread 0x00000173ad85a730 flushing nmethod 0x00000173881bbd90
Event: 797.316 Thread 0x0000017424d73550 Thread exited: 0x0000017424d73550
Event: 861.071 Thread 0x0000017428460870 Thread added: 0x0000017428460870
Event: 861.071 Thread 0x0000017428460870 Thread exited: 0x0000017428460870
Event: 861.071 Thread 0x0000017428460870 Thread added: 0x0000017428460870
Event: 876.574 Thread 0x0000017428460870 Thread exited: 0x0000017428460870


Dynamic libraries:
0x00007ff6c4210000 - 0x00007ff6c421e000 	C:\Program Files\Processing\app\resources\jdk\bin\java.exe
0x00007ff88e2e0000 - 0x00007ff88e547000 	C:\WINDOWS\SYSTEM32\ntdll.dll
0x00007ff85dc20000 - 0x00007ff85dc40000 	C:\Program Files\Norton\Suite\aswhook.dll
0x00007ff88cd40000 - 0x00007ff88ce09000 	C:\WINDOWS\System32\KERNEL32.DLL
0x00007ff88b6e0000 - 0x00007ff88bad1000 	C:\WINDOWS\System32\KERNELBASE.dll
0x00007ff88bd10000 - 0x00007ff88be5b000 	C:\WINDOWS\System32\ucrtbase.dll
0x00007ff880d80000 - 0x00007ff880d97000 	C:\Program Files\Processing\app\resources\jdk\bin\jli.dll
0x00007ff8743a0000 - 0x00007ff8743b9000 	C:\Program Files\Processing\app\resources\jdk\bin\VCRUNTIME140.dll
0x00007ff88dda0000 - 0x00007ff88df65000 	C:\WINDOWS\System32\USER32.dll
0x00007ff88bae0000 - 0x00007ff88bb07000 	C:\WINDOWS\System32\win32u.dll
0x00007ff88df70000 - 0x00007ff88df9b000 	C:\WINDOWS\System32\GDI32.dll
0x00007ff861390000 - 0x00007ff861623000 	C:\WINDOWS\WinSxS\amd64_microsoft.windows.common-controls_6595b64144ccf1df_6.0.26100.8037_none_3e092faae333b53b\COMCTL32.dll
0x00007ff88d140000 - 0x00007ff88d1e9000 	C:\WINDOWS\System32\msvcrt.dll
0x00007ff88ad40000 - 0x00007ff88ae6b000 	C:\WINDOWS\System32\gdi32full.dll
0x00007ff88be60000 - 0x00007ff88bf03000 	C:\WINDOWS\System32\msvcp_win.dll
0x00007ff88ce20000 - 0x00007ff88ce51000 	C:\WINDOWS\System32\IMM32.DLL
0x00007ff880e10000 - 0x00007ff880e1c000 	C:\Program Files\Processing\app\resources\jdk\bin\vcruntime140_1.dll
0x00007ff86de50000 - 0x00007ff86dee1000 	C:\Program Files\Processing\app\resources\jdk\bin\msvcp140.dll
0x00007ffffeb90000 - 0x00007fffff7dc000 	C:\Program Files\Processing\app\resources\jdk\bin\server\jvm.dll
0x00007ff88dce0000 - 0x00007ff88dd9b000 	C:\WINDOWS\System32\ADVAPI32.dll
0x00007ff88d9f0000 - 0x00007ff88da97000 	C:\WINDOWS\System32\sechost.dll
0x00007ff88d250000 - 0x00007ff88d368000 	C:\WINDOWS\System32\RPCRT4.dll
0x00007ff876700000 - 0x00007ff87670a000 	C:\WINDOWS\SYSTEM32\WSOCK32.dll
0x00007ff879760000 - 0x00007ff879795000 	C:\WINDOWS\SYSTEM32\WINMM.dll
0x00007ff88aa20000 - 0x00007ff88aa7e000 	C:\WINDOWS\SYSTEM32\POWRPROF.dll
0x00007ff88dc50000 - 0x00007ff88dcc4000 	C:\WINDOWS\System32\WS2_32.dll
0x00007ff87d060000 - 0x00007ff87d06b000 	C:\WINDOWS\SYSTEM32\VERSION.dll
0x00007ff88aa00000 - 0x00007ff88aa14000 	C:\WINDOWS\SYSTEM32\UMPDC.dll
0x00007ff889910000 - 0x00007ff88992b000 	C:\WINDOWS\SYSTEM32\kernel.appcore.dll
0x00007ff880de0000 - 0x00007ff880dea000 	C:\Program Files\Processing\app\resources\jdk\bin\jimage.dll
0x00007ff888a60000 - 0x00007ff888ca2000 	C:\WINDOWS\SYSTEM32\DBGHELP.DLL
0x00007ff88c810000 - 0x00007ff88cb92000 	C:\WINDOWS\System32\combase.dll
0x00007ff88d400000 - 0x00007ff88d4d7000 	C:\WINDOWS\System32\OLEAUT32.dll
0x00007ff87b900000 - 0x00007ff87b93b000 	C:\WINDOWS\SYSTEM32\dbgcore.DLL
0x00007ff88bc60000 - 0x00007ff88bd05000 	C:\WINDOWS\System32\bcryptPrimitives.dll
0x00007ff86df60000 - 0x00007ff86df9b000 	C:\Program Files\Processing\app\resources\jdk\bin\jdwp.dll
0x00007ff86df30000 - 0x00007ff86df55000 	C:\Program Files\Processing\app\resources\jdk\bin\java.dll
0x00007ff86cdc0000 - 0x00007ff86ce96000 	C:\Program Files\Processing\app\resources\jdk\bin\jsvml.dll
0x00007ff88c080000 - 0x00007ff88c7df000 	C:\WINDOWS\System32\SHELL32.dll
0x00007ff88bf10000 - 0x00007ff88c07a000 	C:\WINDOWS\System32\wintypes.dll
0x00007ff88ae70000 - 0x00007ff88b6d4000 	C:\WINDOWS\System32\windows.storage.dll
0x00007ff88e020000 - 0x00007ff88e117000 	C:\WINDOWS\System32\SHCORE.dll
0x00007ff88e1e0000 - 0x00007ff88e247000 	C:\WINDOWS\System32\shlwapi.dll
0x00007ff88aae0000 - 0x00007ff88ab09000 	C:\WINDOWS\SYSTEM32\profapi.dll
0x00007ff880d70000 - 0x00007ff880d7c000 	C:\Program Files\Processing\app\resources\jdk\bin\dt_socket.dll
0x00007ff889450000 - 0x00007ff889483000 	C:\WINDOWS\SYSTEM32\IPHLPAPI.DLL
0x00007ff889e60000 - 0x00007ff889ecb000 	C:\WINDOWS\system32\mswsock.dll
0x00007ff86de30000 - 0x00007ff86de49000 	C:\Program Files\Processing\app\resources\jdk\bin\net.dll
0x00007ff87de90000 - 0x00007ff87dfb7000 	C:\WINDOWS\SYSTEM32\WINHTTP.dll
0x00007ff86dd90000 - 0x00007ff86dda5000 	C:\Program Files\Processing\app\resources\jdk\bin\nio.dll
0x00007ff86dd70000 - 0x00007ff86dd88000 	C:\Program Files\Processing\app\resources\jdk\bin\zip.dll
0x00007ff86bd30000 - 0x00007ff86bebe000 	C:\Program Files\Processing\app\resources\jdk\bin\awt.dll
0x00007ff880e40000 - 0x00007ff880edf000 	C:\WINDOWS\SYSTEM32\apphelp.dll
0x00007ff881550000 - 0x00007ff8815fa000 	C:\WINDOWS\system32\uxtheme.dll
0x00007ff88cbd0000 - 0x00007ff88cd2d000 	C:\WINDOWS\System32\MSCTF.dll
0x00007ff88daa0000 - 0x00007ff88dc35000 	C:\WINDOWS\System32\ole32.dll
0x00007ff881840000 - 0x00007ff88186e000 	C:\WINDOWS\system32\DWMAPI.DLL
0x00007ff82ee50000 - 0x00007ff82ef5e000 	C:\WINDOWS\system32\opengl32.dll
0x00007ff83cc70000 - 0x00007ff83cc9d000 	C:\WINDOWS\SYSTEM32\GLU32.dll
0x00007ff881660000 - 0x00007ff8816a3000 	C:\WINDOWS\SYSTEM32\dxcore.dll
0x00007ff88a260000 - 0x00007ff88a27b000 	C:\WINDOWS\SYSTEM32\CRYPTSP.dll
0x00007ff889870000 - 0x00007ff8898a9000 	C:\WINDOWS\system32\rsaenh.dll
0x00007ff889f10000 - 0x00007ff889f42000 	C:\WINDOWS\SYSTEM32\USERENV.dll
0x00007ff88aab0000 - 0x00007ff88aada000 	C:\WINDOWS\SYSTEM32\bcrypt.dll
0x00007ff88a0c0000 - 0x00007ff88a0cc000 	C:\WINDOWS\SYSTEM32\CRYPTBASE.dll
0x00007ff88dcd0000 - 0x00007ff88dcda000 	C:\WINDOWS\System32\NSI.dll
0x00007ff87e870000 - 0x00007ff87e88d000 	C:\WINDOWS\SYSTEM32\dhcpcsvc6.DLL
0x00007ff87e660000 - 0x00007ff87e683000 	C:\WINDOWS\SYSTEM32\dhcpcsvc.DLL
0x00007ff889490000 - 0x00007ff8895ba000 	C:\WINDOWS\SYSTEM32\DNSAPI.dll
0x00007ff86dd50000 - 0x00007ff86dd63000 	C:\Users\mihbo\AppData\Local\Temp\jogamp_0000\file_cache\jln15031247318315772677\jln15790161067581143088\natives\windows-amd64\gluegen_rt.dll
0x00007ff87a7a0000 - 0x00007ff87a7a7000 	C:\Program Files\Processing\app\resources\jdk\bin\jawt.dll
0x00007ff86dd40000 - 0x00007ff86dd4d000 	C:\Users\mihbo\AppData\Local\Temp\jogamp_0000\file_cache\jln15031247318315772677\jln15790161067581143088\natives\windows-amd64\nativewindow_awt.dll
0x00007ff86d110000 - 0x00007ff86d125000 	C:\Users\mihbo\AppData\Local\Temp\jogamp_0000\file_cache\jln15031247318315772677\jln15790161067581143088\natives\windows-amd64\nativewindow_win32.dll
0x00007ff86bff0000 - 0x00007ff86c081000 	C:\Users\mihbo\AppData\Local\Temp\jogamp_0000\file_cache\jln15031247318315772677\jln15790161067581143088\natives\windows-amd64\jogl_desktop.dll
0x00007ff86d0b0000 - 0x00007ff86d10f000 	C:\Users\mihbo\AppData\Local\Temp\jogamp_0000\file_cache\jln15031247318315772677\jln15790161067581143088\natives\windows-amd64\jogl_mobile.dll
0x00007ff87dd10000 - 0x00007ff87dd70000 	C:\WINDOWS\SYSTEM32\directxdatabasehelper.dll
0x00007ff88a7a0000 - 0x00007ff88a7f7000 	C:\WINDOWS\SYSTEM32\cfgmgr32.dll
0x00007ff876710000 - 0x00007ff87672a000 	C:\WINDOWS\SYSTEM32\windows.staterepositorycore.dll
0x00007ffff7070000 - 0x00007ffff863a000 	C:\WINDOWS\System32\DriverStore\FileRepository\iigd_dch.inf_amd64_b5fdf22acfaa3c6d\igxelpgicd64.dll
0x00007ff8816d0000 - 0x00007ff88180e000 	C:\WINDOWS\SYSTEM32\dxgi.dll
0x00007ff837a20000 - 0x00007ff837a43000 	C:\WINDOWS\SYSTEM32\d3d12.dll
0x00007ff86d5a0000 - 0x00007ff86d744000 	C:\WINDOWS\System32\DriverStore\FileRepository\iigd_dch.inf_amd64_b5fdf22acfaa3c6d\igdml64.dll
0x00007ff874430000 - 0x00007ff8749c1000 	C:\WINDOWS\System32\DriverStore\FileRepository\iigd_dch.inf_amd64_b5fdf22acfaa3c6d\igdgmm64.dll
0x00007fffed730000 - 0x00007fffeda88000 	C:\WINDOWS\SYSTEM32\D3D12Core.dll
0x00007ff87c1a0000 - 0x00007ff87c318000 	C:\WINDOWS\SYSTEM32\drvstore.dll
0x00007ff86f310000 - 0x00007ff874380000 	C:\WINDOWS\System32\DriverStore\FileRepository\iigd_dch.inf_amd64_b5fdf22acfaa3c6d\igc64.dll
0x00007fffe3b80000 - 0x00007fffe3c65000 	C:\WINDOWS\SYSTEM32\D3DSCache.dll
0x00007ff8803f0000 - 0x00007ff880610000 	C:\WINDOWS\SYSTEM32\dcomp.dll
0x00007ff87f070000 - 0x00007ff87f089000 	C:\WINDOWS\SYSTEM32\Microsoft.Internal.WarpPal.dll
0x00007ff88d4e0000 - 0x00007ff88d967000 	C:\WINDOWS\System32\SETUPAPI.dll
0x00007ff86d090000 - 0x00007ff86d0a9000 	C:\Users\mihbo\AppData\Local\Temp\jogamp_0000\file_cache\jln15031247318315772677\jln15790161067581143088\natives\windows-amd64\newt_head.dll
0x00007ff87e0a0000 - 0x00007ff87e15f000 	C:\WINDOWS\SYSTEM32\mscms.dll
0x00007ff808c90000 - 0x00007ff808cd9000 	C:\WINDOWS\SYSTEM32\icm32.dll
0x00007ff88a770000 - 0x00007ff88a79d000 	C:\WINDOWS\SYSTEM32\DEVOBJ.dll
0x00007ff88bbd0000 - 0x00007ff88bc51000 	C:\WINDOWS\System32\WINTRUST.dll
0x00007ff88abc0000 - 0x00007ff88ad37000 	C:\WINDOWS\System32\CRYPT32.dll
0x00007ff88a2c0000 - 0x00007ff88a2d3000 	C:\WINDOWS\SYSTEM32\MSASN1.dll
0x00007ff8797a0000 - 0x00007ff8798e8000 	C:\WINDOWS\SYSTEM32\textinputframework.dll
0x00007ff880a60000 - 0x00007ff880b87000 	C:\WINDOWS\SYSTEM32\CoreMessaging.dll
0x00007ff876c60000 - 0x00007ff876f42000 	C:\WINDOWS\SYSTEM32\CoreUIComponents.dll
0x00007ff86cda0000 - 0x00007ff86cdb1000 	C:\Program Files\Processing\app\resources\jdk\bin\jsound.dll
0x00007ff86bc90000 - 0x00007ff86bd24000 	C:\WINDOWS\SYSTEM32\DSOUND.dll
0x00007ff86b6f0000 - 0x00007ff86b7a1000 	C:\WINDOWS\SYSTEM32\ResampleDmo.DLL
0x00007ff86cd60000 - 0x00007ff86cd97000 	C:\WINDOWS\SYSTEM32\winmmbase.dll
0x00007ff856f60000 - 0x00007ff856f6e000 	C:\WINDOWS\SYSTEM32\msdmo.dll
0x00007ff87e2d0000 - 0x00007ff87e368000 	C:\WINDOWS\SYSTEM32\MMDevAPI.DLL
0x00007ff86b6a0000 - 0x00007ff86b6e7000 	C:\WINDOWS\SYSTEM32\wdmaud.drv
0x00007ff86cd30000 - 0x00007ff86cd53000 	C:\WINDOWS\SYSTEM32\wdmaud2.drv
0x00007ff87d190000 - 0x00007ff87d19b000 	C:\WINDOWS\SYSTEM32\AVRT.dll
0x00007ff8793b0000 - 0x00007ff879562000 	C:\WINDOWS\SYSTEM32\AUDIOSES.DLL
0x00007ff86bc70000 - 0x00007ff86bc7f000 	C:\WINDOWS\SYSTEM32\msacm32.drv
0x00007ff86b670000 - 0x00007ff86b691000 	C:\WINDOWS\SYSTEM32\MSACM32.dll
0x00007ff86d000000 - 0x00007ff86d00c000 	C:\WINDOWS\SYSTEM32\midimap.dll
0x00007ff88e120000 - 0x00007ff88e1ce000 	C:\WINDOWS\System32\clbcatq.dll
0x00007ff862aa0000 - 0x00007ff862bf6000 	C:\Windows\System32\Windows.UI.dll
0x00007ff888800000 - 0x00007ff888814000 	C:\WINDOWS\SYSTEM32\resourcepolicyclient.dll
0x00007ff86a440000 - 0x00007ff86a480000 	C:\Users\mihbo\AppData\Local\Temp\jna-103894937\jna11255234184563594865.dll
0x00007ff88cd30000 - 0x00007ff88cd38000 	C:\WINDOWS\System32\PSAPI.DLL
0x00007ffff0fe0000 - 0x00007ffff7065000 	C:\Users\mihbo\Documents\Processing\libraries\video\library\windows-amd64\avcodec-58.dll
0x00007ff86a680000 - 0x00007ff86a69b000 	C:\Users\mihbo\Documents\Processing\libraries\video\library\windows-amd64\z-1.dll
0x00007ff8233f0000 - 0x00007ff8239fa000 	C:\Users\mihbo\Documents\Processing\libraries\video\library\windows-amd64\avutil-56.dll
0x00007ff86a370000 - 0x00007ff86a436000 	C:\Users\mihbo\Documents\Processing\libraries\video\library\windows-amd64\swresample-3.dll
0x0000000064940000 - 0x00000000649c4000 	C:\Users\mihbo\Documents\Processing\libraries\video\library\windows-amd64\libwinpthread-1.dll
0x00007ff865b80000 - 0x00007ff865cd5000 	C:\Users\mihbo\Documents\Processing\libraries\video\library\windows-amd64\avfilter-7.dll
0x00007fffe1a20000 - 0x00007fffe3b75000 	C:\Users\mihbo\Documents\Processing\libraries\video\library\windows-amd64\avformat-58.dll
0x00007ff86a350000 - 0x00007ff86a367000 	C:\Users\mihbo\Documents\Processing\libraries\video\library\windows-amd64\bz2.dll
0x00007ff86a330000 - 0x00007ff86a34c000 	C:\Strawberry\c\bin\libbz2.dll
0x00007ff857700000 - 0x00007ff857827000 	C:\Users\mihbo\Documents\Processing\libraries\video\library\windows-amd64\cairo-2.dll

dbghelp: loaded successfully - version: 4.0.5 - missing functions: none
symbol engine: initialized successfully - sym options: 0x614 - pdb path: .;C:\Program Files\Processing\app\resources\jdk\bin;C:\WINDOWS\SYSTEM32;C:\Program Files\Norton\Suite;C:\WINDOWS\WinSxS\amd64_microsoft.windows.common-controls_6595b64144ccf1df_6.0.26100.8037_none_3e092faae333b53b;C:\Program Files\Processing\app\resources\jdk\bin\server;C:\Users\mihbo\AppData\Local\Temp\jogamp_0000\file_cache\jln15031247318315772677\jln15790161067581143088\natives\windows-amd64;C:\WINDOWS\System32\DriverStore\FileRepository\iigd_dch.inf_amd64_b5fdf22acfaa3c6d;C:\Users\mihbo\AppData\Local\Temp\jna-103894937;C:\Users\mihbo\Documents\Processing\libraries\video\library\windows-amd64;C:\Strawberry\c\bin;C:\Users\mihbo\Documents\Processing\libraries\video\library\windows-amd64\gstreamer-1.0;C:\WINDOWS\System32\DriverStore\FileRepository\nvlt.inf_amd64_ba6d793417648ee9;C:\Program Files\WindowsApps\Microsoft.HEVCVideoExtension_2.4.43.0_x64__8wekyb3d8bbwe\x64;C:\Program Files\WindowsApps\Microsoft.VP9VideoExtensions_1.2.12.0_x64__8wekyb3d8bbwe\x64

VM Arguments:
jvm_args: -agentlib:jdwp=transport=dt_socket,address=8018,server=y,suspend=y,quiet=y -Djna.nosys=true -Djava.library.path=;C:\Program Files\Processing\app\resources\core\library;C:\Users\mihbo\Documents\Processing\libraries\minim\library;C:\Users\mihbo\Documents\Processing\libraries\video\library\windows-amd64;C:\Users\mihbo\Documents\Processing\libraries\themidibus\library;C:\Program Files\Processing;C:\WINDOWS\system32;C:\WINDOWS;C:\Python313\Scripts;C:\Python313;C:\Program Files\NVIDIA GPU Computing Toolkit\CUDA\v12.6\bin;C:\Program Files\NVIDIA GPU Computing Toolkit\CUDA\v12.6\libnvvp;C:\Users\mihbo\gcc\bin;C:\Users\mihbo\gcc\libexec\gcc\x86_64-w64-mingw32\12.3.0;C:\WINDOWS\system32;C:\WINDOWS;C:\WINDOWS\System32\Wbem;C:\WINDOWS\System32\WindowsPowerShell\v1.0;C:\WINDOWS\System32\OpenSSH;C:\Program Files\dotnet;C:\ProgramData\chocolatey\bin;C:\Users\mihbo\AppData\Roaming\nvm;C:\Program Files\nodejs;C:\Program Files (x86)\Windows Kits\10\Windows Performance Toolkit;C:\Program Files\CMake\bin;C:\Program Files\Git\cmd;C:\Program Files\NVIDIA Corporation\Nsight Compute 2024.3.2;C:\Program Files (x86)\NVIDIA Corporation\PhysX\Common;C:\Program Files\MiKTeX\miktex\bin\x64;C:\Strawberry\c\bin;C:\Strawberry\perl\site\bin;C:\Strawberry\perl\bin;C:\Program Files\nodejs;C:\Users\mihbo\AppData\Local\Programs\Python\Launcher;C:\Users\mihbo\AppData\Local\Microsoft\WindowsApps;C:\Users\mihbo\AppData\Local\Programs\Microsoft VS Code\bin;C:\Users\mihbo\AppData\Local\GitHubDesktop\bin;C:\tools\ghc-9.8.2\bin;C:\tools\msys64;C:\Users\mihbo\AppData\Local\Muse Hub\lib;C:\Users\mihbo\AppData\Roaming\nvm;C:\Program Files\nodejs;C:\Users\mihbo\AppData\Local\Microsoft\WinGet\Links;C:\Program Files\Git\bin;C:\Program Files\Git;C:\Users\mihbo\AppData\Local\Pandoc;C:\Users\mihbo\AppData\Roaming\npm;C:\Users\mihbo\AppData\Roaming\npm\node_modules;C:\Program Files\Processing;C:\Program Files\Processing\app;. -ea 
java_command: processing.core.PApplet --editor-location=-7,-7 --external --display=1 --sketch-path=C:\Users\mihbo\Documents\GitHub\eyesing\Code\eyesing eyesing
java_class_path (initial): C:\Users\mihbo\AppData\Local\Temp\processing\eyesing15726942798194586460temp;C:\Program Files\Processing\app\resources\core\library\annotations-13.0.jar;C:\Program Files\Processing\app\resources\core\library\antlr-2.7.7.jar;C:\Program Files\Processing\app\resources\core\library\core-4.5.2.jar;C:\Program Files\Processing\app\resources\core\library\gluegen-rt-2.6.0-natives-android-aarch64.jar;C:\Program Files\Processing\app\resources\core\library\gluegen-rt-2.6.0-natives-android-x86_64.jar;C:\Program Files\Processing\app\resources\core\library\gluegen-rt-2.6.0-natives-freebsd-amd64.jar;C:\Program Files\Processing\app\resources\core\library\gluegen-rt-2.6.0-natives-linux-aarch64.jar;C:\Program Files\Processing\app\resources\core\library\gluegen-rt-2.6.0-natives-linux-amd64.jar;C:\Program Files\Processing\app\resources\core\library\gluegen-rt-2.6.0-natives-linux-armv6hf.jar;C:\Program Files\Processing\app\resources\core\library\gluegen-rt-2.6.0-natives-macosx-universal.jar;C:\Program Files\Processing\app\resources\core\library\gluegen-rt-2.6.0-natives-windows-amd64.jar;C:\Program Files\Processing\app\resources\core\library\gluegen-rt-2.6.0.jar;C:\Program Files\Processing\app\resources\core\library\gluegen-rt-main-2.6.0.jar;C:\Program Files\Processing\app\resources\core\library\jogl-all-2.6.0-natives-android-aarch64.jar;C:\Program Files\Processing\app\resources\core\library\jogl-all-2.6.0-natives-android-x86_64.jar;C:\Program Files\Processing\app\resources\core\library\jogl-all-2.6.0-natives-freebsd-amd64.jar;C:\Program Files\Processing\app\resources\core\library\jogl-all-2.6.0-natives-linux-aarch64.jar;C:\Program Files\Processing\app\resources\core\library\jogl-all-2.6.0-natives-linux-amd64.jar;C:\Program Files\Processing\app\resources\core\library\jogl-all-2.6.0-natives-linux-armv6hf.jar;C:\Program Files\Processing\app\resources\core\library\jogl-all-2.6.0-natives-macosx-universal.jar;C:\Program Files\Processing\app\resources\core\library\j
Launcher Type: SUN_STANDARD

[Global flags]
     intx CICompilerCount                          = 12                                        {product} {ergonomic}
     uint ConcGCThreads                            = 4                                         {product} {ergonomic}
     uint G1ConcRefinementThreads                  = 16                                        {product} {ergonomic}
   size_t G1HeapRegionSize                         = 4194304                                   {product} {ergonomic}
    uintx GCDrainStackTargetSize                   = 64                                        {product} {ergonomic}
   size_t InitialHeapSize                          = 532676608                                 {product} {ergonomic}
   size_t MarkStackSize                            = 4194304                                   {product} {ergonomic}
   size_t MaxHeapSize                              = 8459911168                                {product} {ergonomic}
   size_t MaxNewSize                               = 5075107840                                {product} {ergonomic}
   size_t MinHeapDeltaBytes                        = 4194304                                   {product} {ergonomic}
   size_t MinHeapSize                              = 8388608                                   {product} {ergonomic}
    uintx NonNMethodCodeHeapSize                   = 7602480                                {pd product} {ergonomic}
    uintx NonProfiledCodeHeapSize                  = 122027880                              {pd product} {ergonomic}
    uintx ProfiledCodeHeapSize                     = 122027880                              {pd product} {ergonomic}
    uintx ReservedCodeCacheSize                    = 251658240                              {pd product} {ergonomic}
     bool SegmentedCodeCache                       = true                                      {product} {ergonomic}
   size_t SoftMaxHeapSize                          = 8459911168                             {manageable} {ergonomic}
     bool UseCompressedClassPointers               = true                           {product lp64_product} {ergonomic}
     bool UseCompressedOops                        = true                           {product lp64_product} {ergonomic}
     bool UseG1GC                                  = true                                      {product} {ergonomic}
     bool UseLargePagesIndividualAllocation        = false                                  {pd product} {ergonomic}

Logging:
Log output configuration:
 #0: stdout all=warning uptime,level,tags
 #1: stderr all=off uptime,level,tags

Environment Variables:
PATH=C:\Python313\Scripts\;C:\Python313\;C:\Program Files\NVIDIA GPU Computing Toolkit\CUDA\v12.6\bin;C:\Program Files\NVIDIA GPU Computing Toolkit\CUDA\v12.6\libnvvp;C:\Users\mihbo\gcc\bin;C:\Users\mihbo\gcc\libexec\gcc\x86_64-w64-mingw32\12.3.0;C:\WINDOWS\system32;C:\WINDOWS;C:\WINDOWS\System32\Wbem;C:\WINDOWS\System32\WindowsPowerShell\v1.0\;C:\WINDOWS\System32\OpenSSH\;C:\Program Files\dotnet\;C:\ProgramData\chocolatey\bin;C:\Users\mihbo\AppData\Roaming\nvm;C:\Program Files\nodejs;C:\Program Files (x86)\Windows Kits\10\Windows Performance Toolkit\;C:\Program Files\CMake\bin;C:\Program Files\Git\cmd;C:\Program Files\NVIDIA Corporation\Nsight Compute 2024.3.2\;C:\Program Files (x86)\NVIDIA Corporation\PhysX\Common;C:\Program Files\MiKTeX\miktex\bin\x64\;C:\Strawberry\c\bin;C:\Strawberry\perl\site\bin;C:\Strawberry\perl\bin;C:\Program Files\nodejs\;C:\Users\mihbo\AppData\Local\Programs\Python\Launcher\;C:\Users\mihbo\AppData\Local\Microsoft\WindowsApps;C:\Users\mihbo\AppData\Local\Programs\Microsoft VS Code\bin;C:\Users\mihbo\AppData\Local\GitHubDesktop\bin;C:\Users\mihbo\AppData\Roaming\cabal\bin;C:\tools\ghc-9.8.2\bin;C:\tools\msys64;C:\Users\mihbo\AppData\Local\Muse Hub\lib;C:\Users\mihbo\AppData\Roaming\nvm;C:\Program Files\nodejs;C:\Users\mihbo\AppData\Local\Microsoft\WinGet\Links;C:\Program Files\Git\bin;C:\Program Files\Git;C:\Users\mihbo\AppData\Local\Pandoc\;C:\Users\mihbo\AppData\Roaming\npm;C:\Users\mihbo\AppData\Roaming\npm\node_modules;C:\Program Files\Processing\;C:\Program Files\Processing\app
USERNAME=mihbo
OS=Windows_NT
PROCESSOR_IDENTIFIER=Intel64 Family 6 Model 170 Stepping 4, GenuineIntel
TMP=C:\Users\mihbo\AppData\Local\Temp
TEMP=C:\Users\mihbo\AppData\Local\Temp



---------------  S Y S T E M  ---------------

OS:
 Windows 11 , 64 bit Build 26100 (10.0.26100.7920)
OS uptime: 0 days 4:15 hours
Hyper-V role detected

CPU: total 22 (initial active 22) (11 cores per cpu, 2 threads per core) family 6 model 170 stepping 4 microcode 0x28, cx8, cmov, fxsr, ht, mmx, 3dnowpref, sse, sse2, sse3, ssse3, sse4.1, sse4.2, popcnt, lzcnt, tsc, tscinvbit, avx, avx2, aes, erms, clmul, bmi1, bmi2, adx, sha, fma, vzeroupper, clflush, clflushopt, clwb, hv
Processor Information for processor 0
  Max Mhz: 1400, Current Mhz: 1400, Mhz Limit: 1400
Processor Information for processor 1
  Max Mhz: 1400, Current Mhz: 1400, Mhz Limit: 1400
Processor Information for processor 2
  Max Mhz: 900, Current Mhz: 900, Mhz Limit: 900
Processor Information for processor 3
  Max Mhz: 900, Current Mhz: 900, Mhz Limit: 900
Processor Information for processor 4
  Max Mhz: 900, Current Mhz: 900, Mhz Limit: 900
Processor Information for processor 5
  Max Mhz: 900, Current Mhz: 900, Mhz Limit: 900
Processor Information for processor 6
  Max Mhz: 900, Current Mhz: 900, Mhz Limit: 900
Processor Information for processor 7
  Max Mhz: 900, Current Mhz: 900, Mhz Limit: 900
Processor Information for processor 8
  Max Mhz: 900, Current Mhz: 900, Mhz Limit: 900
Processor Information for processor 9
  Max Mhz: 900, Current Mhz: 900, Mhz Limit: 900
Processor Information for processor 10
  Max Mhz: 1400, Current Mhz: 1400, Mhz Limit: 1400
Processor Information for processor 11
  Max Mhz: 1400, Current Mhz: 1400, Mhz Limit: 1400
Processor Information for processor 12
  Max Mhz: 1400, Current Mhz: 1400, Mhz Limit: 1400
Processor Information for processor 13
  Max Mhz: 1400, Current Mhz: 1400, Mhz Limit: 1400
Processor Information for processor 14
  Max Mhz: 1400, Current Mhz: 1400, Mhz Limit: 1400
Processor Information for processor 15
  Max Mhz: 1400, Current Mhz: 1400, Mhz Limit: 1400
Processor Information for processor 16
  Max Mhz: 1400, Current Mhz: 1400, Mhz Limit: 1400
Processor Information for processor 17
  Max Mhz: 1400, Current Mhz: 1400, Mhz Limit: 1400
Processor Information for processor 18
  Max Mhz: 1400, Current Mhz: 1400, Mhz Limit: 1400
Processor Information for processor 19
  Max Mhz: 1400, Current Mhz: 1400, Mhz Limit: 1400
Processor Information for processor 20
  Max Mhz: 700, Current Mhz: 700, Mhz Limit: 700
Processor Information for processor 21
  Max Mhz: 700, Current Mhz: 700, Mhz Limit: 700

Memory: 4k page, system-wide physical 32265M (18220M free)
TotalPageFile size 34313M (AvailPageFile size 19723M)
current process WorkingSet (physical memory assigned to process): 1982M, peak: 2108M
current process commit charge ("private bytes"): 1547M, peak: 1753M

vm_info: OpenJDK 64-Bit Server VM (17.0.8.1+1) for windows-amd64 JRE (17.0.8.1+1), built on Aug 23 2023 15:29:17 by "admin" with MS VC++ 16.7 (VS2019)

END.
