#
# A fatal error has been detected by the Java Runtime Environment:
#
#  EXCEPTION_ACCESS_VIOLATION (0xc0000005) at pc=0x00007ffff7117930, pid=21716, tid=16472
#
# JRE version: OpenJDK Runtime Environment Temurin-17.0.8.1+1 (17.0.8.1+1) (build 17.0.8.1+1)
# Java VM: OpenJDK 64-Bit Server VM Temurin-17.0.8.1+1 (17.0.8.1+1, mixed mode, sharing, tiered, compressed oops, compressed class ptrs, g1 gc, windows-amd64)
# Problematic frame:
# C  [igxelpgicd64.dll+0xa7930]
#
# No core dump will be written. Minidumps are not enabled by default on client versions of Windows
#
# If you would like to submit a bug report, please visit:
#   https://github.com/adoptium/adoptium-support/issues
# The crash happened outside the Java Virtual Machine in native code.
# See problematic frame for where to report the bug.
#

---------------  S U M M A R Y ------------

Command Line: -agentlib:jdwp=transport=dt_socket,address=8737,server=y,suspend=y,quiet=y -Djna.nosys=true -Djava.library.path=;C:\Program Files\Processing\app\resources\core\library;C:\Users\mihbo\Documents\Processing\libraries\minim\library;C:\Users\mihbo\Documents\Processing\libraries\video\library\windows-amd64;C:\Users\mihbo\Documents\Processing\libraries\themidibus\library;C:\Program Files\Processing;C:\WINDOWS\system32;C:\WINDOWS;C:\Python313\Scripts;C:\Python313;C:\Program Files\NVIDIA GPU Computing Toolkit\CUDA\v12.6\bin;C:\Program Files\NVIDIA GPU Computing Toolkit\CUDA\v12.6\libnvvp;C:\Users\mihbo\gcc\bin;C:\Users\mihbo\gcc\libexec\gcc\x86_64-w64-mingw32\12.3.0;C:\WINDOWS\system32;C:\WINDOWS;C:\WINDOWS\System32\Wbem;C:\WINDOWS\System32\WindowsPowerShell\v1.0;C:\WINDOWS\System32\OpenSSH;C:\Program Files\dotnet;C:\ProgramData\chocolatey\bin;C:\Users\mihbo\AppData\Roaming\nvm;C:\Program Files\nodejs;C:\Program Files (x86)\Windows Kits\10\Windows Performance Toolkit;C:\Program Files\CMake\bin;C:\Program Files\Git\cmd;C:\Program Files\NVIDIA Corporation\Nsight Compute 2024.3.2;C:\Program Files (x86)\NVIDIA Corporation\PhysX\Common;C:\Program Files\MiKTeX\miktex\bin\x64;C:\Strawberry\c\bin;C:\Strawberry\perl\site\bin;C:\Strawberry\perl\bin;C:\Program Files\nodejs;C:\Users\mihbo\AppData\Local\Programs\Python\Launcher;C:\Users\mihbo\AppData\Local\Microsoft\WindowsApps;C:\Users\mihbo\AppData\Local\Programs\Microsoft VS Code\bin;C:\Users\mihbo\AppData\Local\GitHubDesktop\bin;C:\tools\ghc-9.8.2\bin;C:\tools\msys64;C:\Users\mihbo\AppData\Local\Muse Hub\lib;C:\Users\mihbo\AppData\Roaming\nvm;C:\Program Files\nodejs;C:\Users\mihbo\AppData\Local\Microsoft\WinGet\Links;C:\Program Files\Git\bin;C:\Program Files\Git;C:\Users\mihbo\AppData\Local\Pandoc;C:\Users\mihbo\AppData\Roaming\npm;C:\Users\mihbo\AppData\Roaming\npm\node_modules;C:\Program Files\Processing;C:\Program Files\Processing\app;. -ea processing.core.PApplet --editor-location=-7,-7 --external --display=1 --sketch-path=C:\Users\mihbo\Documents\GitHub\eyesing\Code\eyesing eyesing

Host: Intel(R) Core(TM) Ultra 7 155H, 22 cores, 31G,  Windows 11 , 64 bit Build 26100 (10.0.26100.7920)
Time: Sun Apr  5 00:30:05 2026 W. Europe Daylight Time elapsed time: 2408.033965 seconds (0d 0h 40m 8s)

---------------  T H R E A D  ---------------

Current thread (0x000001b088311630):  JavaThread "main-FPSAWTAnimator#00-Timer0" [_thread_in_native, id=16472, stack(0x0000000815200000,0x0000000815300000)]

Stack: [0x0000000815200000,0x0000000815300000],  sp=0x00000008152fdc90,  free space=1015k
Native frames: (J=compiled Java code, j=interpreted, Vv=VM code, C=native code)
C  [igxelpgicd64.dll+0xa7930]

Java frames: (J=compiled Java code, j=interpreted, Vv=VM code)
J 1416  jogamp.opengl.gl4.GL4bcImpl.dispatch_glTexSubImage2D1(IIIIIIIILjava/lang/Object;IZJ)V (0 bytes) @ 0x000001b0e9900a41 [0x000001b0e99009a0+0x00000000000000a1]
J 4525 c2 processing.opengl.Texture.bufferUpdate()Z (119 bytes) @ 0x000001b0e9bc2608 [0x000001b0e9bc2040+0x00000000000005c8]
J 4423 c2 processing.opengl.PShader.consumeUniforms()V (1093 bytes) @ 0x000001b0e9c48f9c [0x000001b0e9c47880+0x000000000000171c]
J 4422 c2 processing.opengl.PGraphicsOpenGL.flushPolys()V (707 bytes) @ 0x000001b0e9bd006c [0x000001b0e9bcfe80+0x00000000000001ec]
J 3328 c2 processing.opengl.PGraphicsOpenGL.flush()V (316 bytes) @ 0x000001b0e9a79264 [0x000001b0e9a78fe0+0x0000000000000284]
J 3507 c2 processing.opengl.PGraphicsOpenGL.endDraw()V (72 bytes) @ 0x000001b0e9b7b6d0 [0x000001b0e9b7b600+0x00000000000000d0]
J 4739 c2 eyesing.draw()V (2544 bytes) @ 0x000001b0e9e055c4 [0x000001b0e9e02800+0x0000000000002dc4]
J 4258 c2 processing.core.PApplet.handleDraw()V (387 bytes) @ 0x000001b0e9cfbc9c [0x000001b0e9cfaf00+0x0000000000000d9c]
J 4256 c2 processing.opengl.PSurfaceJOGL$DrawListener.display(Lcom/jogamp/opengl/GLAutoDrawable;)V (350 bytes) @ 0x000001b0e9cf8d6c [0x000001b0e9cf8b40+0x000000000000022c]
J 4128 c2 jogamp.opengl.GLDrawableHelper.invokeGLImpl(Lcom/jogamp/opengl/GLDrawable;Lcom/jogamp/opengl/GLContext;Ljava/lang/Runnable;Ljava/lang/Runnable;)V (586 bytes) @ 0x000001b0e9c8eda4 [0x000001b0e9c8e680+0x0000000000000724]
J 4252 c2 com.jogamp.opengl.util.FPSAnimator$MainTask.run()V (805 bytes) @ 0x000001b0e9cf1680 [0x000001b0e9cf0e80+0x0000000000000800]
J 4658% c1 java.util.TimerThread.mainLoop()V java.base@17.0.8.1 (232 bytes) @ 0x000001b0e1d551ac [0x000001b0e1d54840+0x000000000000096c]
j  java.util.TimerThread.run()V+1 java.base@17.0.8.1
v  ~StubRoutines::call_stub

siginfo: EXCEPTION_ACCESS_VIOLATION (0xc0000005), reading address 0x000001b1635e70d0


Register to memory mapping:

RIP=0x00007ffff7117930 igxelpgicd64.dll
RAX=0x0 is NULL
RBX=0x000001b14fb70000 points into unknown readable memory: 0xff423f3fff444141 | 41 41 44 ff 3f 3f 42 ff
RCX=0x0 is NULL
RDX=0x000001b1635e70d0 is an unknown value
RSP=0x00000008152fdc90 is pointing into the stack for thread: 0x000001b088311630
RBP=0x00000008152fddc0 is pointing into the stack for thread: 0x000001b088311630
RSI=0x000001b14fb70000 points into unknown readable memory: 0xff423f3fff444141 | 41 41 44 ff 3f 3f 42 ff
RDI=0x000001b14fb70000 points into unknown readable memory: 0xff423f3fff444141 | 41 41 44 ff 3f 3f 42 ff
R8 =0x00000000007e9000 points into unknown readable memory: 0x05e5a00604050106 | 06 01 05 04 06 a0 e5 05
R9 =0x000000000000fd20 is an unknown value
R10=0x0 is NULL
R11=0x00000008152fdd10 is pointing into the stack for thread: 0x000001b088311630
R12=0x00007ffff7070000 igxelpgicd64.dll
R13=0x00000000000001c1 is an unknown value
R14=0x0 is NULL
R15=0x00000008152fde90 is pointing into the stack for thread: 0x000001b088311630


Registers:
RAX=0x0000000000000000, RBX=0x000001b14fb70000, RCX=0x0000000000000000, RDX=0x000001b1635e70d0
RSP=0x00000008152fdc90, RBP=0x00000008152fddc0, RSI=0x000001b14fb70000, RDI=0x000001b14fb70000
R8 =0x00000000007e9000, R9 =0x000000000000fd20, R10=0x0000000000000000, R11=0x00000008152fdd10
R12=0x00007ffff7070000, R13=0x00000000000001c1, R14=0x0000000000000000, R15=0x00000008152fde90
RIP=0x00007ffff7117930, EFLAGS=0x0000000000010202

Top of Stack: (sp=0x00000008152fdc90)
0x00000008152fdc90:   0000000000000001 0000000000000000
0x00000008152fdca0:   0000000607ed3250 0000000000000000
0x00000008152fdcb0:   000001b1635e70d0 00007ffff7bf8cde
0x00000008152fdcc0:   0000000000000001 00000008152fddc0
0x00000008152fdcd0:   0000000000000049 000001b1635e70d0
0x00000008152fdce0:   00000008152f0049 000001b000000001
0x00000008152fdcf0:   000001b1635e70d0 00007ffff78d3800
0x00000008152fdd00:   000001b0d1ad45d0 00000008152fdd98
0x00000008152fdd10:   00007ffff8263bb0 000001b0d17f0080
0x00000008152fdd20:   0000043800000780 0000004900000000
0x00000008152fdd30:   00001e0000000004 000001b1635e70d0
0x00000008152fdd40:   00000004d17f0049 0000000000001e00
0x00000008152fdd50:   000001b14fb70000 00007ffff79de5ab
0x00000008152fdd60:   0000000100000035 000001b1292c25c8
0x00000008152fdd70:   0000000800000002 000001b000000001
0x00000008152fdd80:   00000008152fde10 000001b0d1ad45d0 

Instructions: (pc=0x00007ffff7117930)
0x00007ffff7117830:   66 0f 60 c0 66 0f 61 c0 66 0f 70 c0 00 66 0f 64
0x00007ffff7117840:   c8 f3 0f 6f 02 49 03 d1 66 0f f7 c1 49 03 f9 41
0x00007ffff7117850:   8b c1 44 8b d1 4c 2b c0 0f 29 74 24 10 4d 8b c8
0x00007ffff7117860:   0f 29 3c 24 49 c1 e9 07 f6 c2 0f 0f 84 af 00 00
0x00007ffff7117870:   00 4d 85 c9 74 6b 66 66 0f 1f 84 00 00 00 00 00
0x00007ffff7117880:   f3 0f 6f 02 41 ff c2 f3 0f 6f 4a 10 41 8b c2 f3
0x00007ffff7117890:   0f 6f 52 20 f3 0f 6f 5a 30 f3 0f 6f 62 40 f3 0f
0x00007ffff71178a0:   6f 6a 50 f3 0f 6f 72 60 f3 0f 6f 7a 70 66 0f e7
0x00007ffff71178b0:   07 66 0f e7 4f 10 66 0f e7 57 20 66 0f e7 5f 30
0x00007ffff71178c0:   66 0f e7 67 40 66 0f e7 6f 50 66 0f e7 77 60 66
0x00007ffff71178d0:   0f e7 7f 70 48 83 ef 80 48 83 ea 80 49 3b c1 72
0x00007ffff71178e0:   9f 41 83 e0 7f 0f 84 e0 00 00 00 45 8b d0 44 8b
0x00007ffff71178f0:   c9 49 c1 ea 04 4d 85 d2 0f 84 cd 00 00 00 66 90
0x00007ffff7117900:   f3 0f 6f 02 41 ff c1 48 83 c2 10 41 8b c1 66 0f
0x00007ffff7117910:   e7 07 48 83 c7 10 49 3b c2 72 e5 e9 ab 00 00 00
0x00007ffff7117920:   4d 85 c9 74 6c 66 66 66 0f 1f 84 00 00 00 00 00
0x00007ffff7117930:   f3 0f 6f 02 41 ff c2 f3 0f 6f 4a 10 f3 0f 6f 52
0x00007ffff7117940:   20 f3 0f 6f 5a 30 f3 0f 6f 62 40 f3 0f 6f 6a 50
0x00007ffff7117950:   f3 0f 6f 72 60 f3 0f 6f 7a 70 48 83 ea 80 66 0f
0x00007ffff7117960:   e7 07 66 0f e7 4f 10 66 0f e7 57 20 66 0f e7 5f
0x00007ffff7117970:   30 66 0f e7 67 40 66 0f e7 6f 50 66 0f e7 77 60
0x00007ffff7117980:   66 0f e7 7f 70 48 83 ef 80 41 8b c2 49 3b c1 72
0x00007ffff7117990:   9f 41 83 e0 7f 74 34 45 8b d0 44 8b c9 49 c1 ea
0x00007ffff71179a0:   04 4d 85 d2 74 25 66 66 0f 1f 84 00 00 00 00 00
0x00007ffff71179b0:   f3 0f 6f 02 41 ff c1 66 0f e7 07 48 83 c7 10 41
0x00007ffff71179c0:   8b c1 48 83 c2 10 49 3b c2 72 e5 0f 28 74 24 10
0x00007ffff71179d0:   0f 28 3c 24 41 83 e0 0f 74 49 45 8b d0 44 8b c9
0x00007ffff71179e0:   49 c1 ea 02 4d 85 d2 74 1e 0f 1f 80 00 00 00 00
0x00007ffff71179f0:   8b 02 41 ff c1 89 07 48 83 c2 04 48 83 c7 04 41
0x00007ffff7117a00:   8b c1 49 3b c2 72 e9 41 83 e0 03 76 16 48 2b d7
0x00007ffff7117a10:   0f b6 04 3a ff c1 88 07 48 8d 7f 01 8b c1 49 3b
0x00007ffff7117a20:   c0 72 ed 48 83 c4 20 5f c3 cc cc cc cc cc cc cc 


Stack slot to memory mapping:
stack at sp + 0 slots: 0x0000000000000001 is an unknown value
stack at sp + 1 slots: 0x0 is NULL
stack at sp + 2 slots: 0x0000000607ed3250 is an oop: jogamp.opengl.gl4.GL4bcImpl 
{0x0000000607ed3250} - klass: 'jogamp/opengl/gl4/GL4bcImpl'
 - ---- fields (total size 13 words):
 - private 'inBeginEndPair' 'Z' @12  false
 - private 'haveARBPixelBufferObject' 'Z' @13  true
 - private 'haveEXTPixelBufferObject' 'Z' @14  false
 - private 'haveGL15' 'Z' @15  true
 - private 'haveGL21' 'Z' @16  true
 - private 'haveARBVertexBufferObject' 'Z' @17  true
 - private 'haveARBVertexArrayObject' 'Z' @18  true
 - private final 'glProfile' 'Lcom/jogamp/opengl/GLProfile;' @20  a 'com/jogamp/opengl/GLProfile'{0x0000000607ed32b8} (c0fda657)
 - private final '_context' 'Ljogamp/opengl/GLContextImpl;' @24  a 'jogamp/opengl/windows/wgl/WindowsWGLContext'{0x0000000607e84c90} (c0fd0992)
 - private final 'glStateTracker' 'Ljogamp/opengl/GLStateTracker;' @28  a 'jogamp/opengl/GLStateTracker'{0x0000000607ed32d0} (c0fda65a)
 - private final 'bufferObjectTracker' 'Ljogamp/opengl/GLBufferObjectTracker;' @32  a 'jogamp/opengl/GLBufferObjectTracker'{0x0000000607ed3608} (c0fda6c1)
 - private final 'bufferStateTracker' 'Ljogamp/opengl/GLBufferStateTracker;' @36  a 'jogamp/opengl/GLBufferStateTracker'{0x0000000607ed3880} (c0fda710)
 - private final 'glBufferDataDispatch' 'Ljogamp/opengl/GLBufferObjectTracker$CreateStorageDispatch;' @40  a 'jogamp/opengl/gl4/GL4bcImpl$1'{0x0000000607ed39b8} (c0fda737)
 - private final 'glUnmapBufferDispatch' 'Ljogamp/opengl/GLBufferObjectTracker$UnmapBufferDispatch;' @44  a 'jogamp/opengl/gl4/GL4bcImpl$2'{0x0000000607ed39c8} (c0fda739)
 - private final 'glMapBufferDispatch' 'Ljogamp/opengl/GLBufferObjectTracker$MapBufferAllDispatch;' @48  a 'jogamp/opengl/gl4/GL4bcImpl$3'{0x0000000607ed39d8} (c0fda73b)
 - private final 'glMapBufferRangeDispatch' 'Ljogamp/opengl/GLBufferObjectTracker$MapBufferRangeDispatch;' @52  a 'jogamp/opengl/gl4/GL4bcImpl$4'{0x0000000607ed39e8} (c0fda73d)
 - private final '_pat' 'Ljogamp/opengl/gl4/GL4bcProcAddressTable;' @56  a 'jogamp/opengl/gl4/GL4bcProcAddressTable'{0x0000000607ee2810} (c0fdc502)
 - private 'imageSizeTemp' '[I' @60  [I{0x0000000607ed3a08} (c0fda741)
 - private final 'glNamedBufferDataDispatch' 'Ljogamp/opengl/GLBufferObjectTracker$CreateStorageDispatch;' @64  a 'jogamp/opengl/gl4/GL4bcImpl$5'{0x0000000607ed3a20} (c0fda744)
 - private final 'glNamedBufferDataEXTDispatch' 'Ljogamp/opengl/GLBufferObjectTracker$CreateStorageDispatch;' @68  a 'jogamp/opengl/gl4/GL4bcImpl$6'{0x0000000607ed3a30} (c0fda746)
 - private final 'glBufferStorageDispatch' 'Ljogamp/opengl/GLBufferObjectTracker$CreateStorageDispatch;' @72  a 'jogamp/opengl/gl4/GL4bcImpl$7'{0x0000000607ed3a40} (c0fda748)
 - private final 'glNamedBufferStorageDispatch' 'Ljogamp/opengl/GLBufferObjectTracker$CreateStorageDispatch;' @76  a 'jogamp/opengl/gl4/GL4bcImpl$8'{0x0000000607ed3a50} (c0fda74a)
 - private final 'glNamedBufferStorageEXTDispatch' 'Ljogamp/opengl/GLBufferObjectTracker$CreateStorageDispatch;' @80  a 'jogamp/opengl/gl4/GL4bcImpl$9'{0x0000000607ed3a60} (c0fda74c)
 - private final 'glUnmapNamedBufferDispatch' 'Ljogamp/opengl/GLBufferObjectTracker$UnmapBufferDispatch;' @84  a 'jogamp/opengl/gl4/GL4bcImpl$10'{0x0000000607ed3a70} (c0fda74e)
 - private final 'glMapNamedBufferDispatch' 'Ljogamp/opengl/GLBufferObjectTracker$MapBufferAllDispatch;' @88  a 'jogamp/opengl/gl4/GL4bcImpl$11'{0x0000000607ed3a80} (c0fda750)
 - private final 'glMapNamedBufferEXTDispatch' 'Ljogamp/opengl/GLBufferObjectTracker$MapBufferAllDispatch;' @92  a 'jogamp/opengl/gl4/GL4bcImpl$12'{0x0000000607ed3a90} (c0fda752)
 - private final 'glMapNamedBufferRangeDispatch' 'Ljogamp/opengl/GLBufferObjectTracker$MapBufferRangeDispatch;' @96  a 'jogamp/opengl/gl4/GL4bcImpl$13'{0x0000000607ed3aa0} (c0fda754)
 - private final 'glMapNamedBufferRangeEXTDispatch' 'Ljogamp/opengl/GLBufferObjectTracker$MapBufferRangeDispatch;' @100  a 'jogamp/opengl/gl4/GL4bcImpl$14'{0x0000000607ed3ab0} (c0fda756)
stack at sp + 3 slots: 0x0 is NULL
stack at sp + 4 slots: 0x000001b1635e70d0 is an unknown value
stack at sp + 5 slots: 0x00007ffff7bf8cde igxelpgicd64.dll
stack at sp + 6 slots: 0x0000000000000001 is an unknown value
stack at sp + 7 slots: 0x00000008152fddc0 is pointing into the stack for thread: 0x000001b088311630


---------------  P R O C E S S  ---------------

Threads class SMR info:
_java_thread_list=0x000001b0d1bc0e60, length=35, elements={
0x000001b088104aa0, 0x000001b0fd07d9b0, 0x000001b088112550, 0x000001b088115020,
0x000001b0881159e0, 0x000001b0881163a0, 0x000001b0881281f0, 0x000001b08814bc20,
0x000001b088159160, 0x000001b0882ee8e0, 0x000001b0882eef30, 0x000001b088301990,
0x000001b088310700, 0x000001b08830e390, 0x000001b088310c10, 0x000001b08830e8a0,
0x000001b08830fce0, 0x000001b0883101f0, 0x000001b08830edb0, 0x000001b088311120,
0x000001b088311630, 0x000001b08830f7d0, 0x000001b08830de80, 0x000001b08830f2c0,
0x000001b0d736dec0, 0x000001b0d736f300, 0x000001b0d736cf90, 0x000001b0d7370230,
0x000001b0d736e3d0, 0x000001b0d736edf0, 0x000001b0d7370740, 0x000001b0d736fd20,
0x000001b0d736d4a0, 0x000001b0d7371160, 0x000001b129823f60
}

Java Threads: ( => current thread )
  0x000001b088104aa0 JavaThread "Reference Handler" daemon [_thread_blocked, id=8508, stack(0x0000000813b00000,0x0000000813c00000)]
  0x000001b0fd07d9b0 JavaThread "Finalizer" daemon [_thread_blocked, id=19048, stack(0x0000000813c00000,0x0000000813d00000)]
  0x000001b088112550 JavaThread "Signal Dispatcher" daemon [_thread_blocked, id=5620, stack(0x0000000813d00000,0x0000000813e00000)]
  0x000001b088115020 JavaThread "Attach Listener" daemon [_thread_blocked, id=23572, stack(0x0000000813e00000,0x0000000813f00000)]
  0x000001b0881159e0 JavaThread "Service Thread" daemon [_thread_blocked, id=3356, stack(0x0000000813f00000,0x0000000814000000)]
  0x000001b0881163a0 JavaThread "Monitor Deflation Thread" daemon [_thread_blocked, id=8696, stack(0x0000000814000000,0x0000000814100000)]
  0x000001b0881281f0 JavaThread "C2 CompilerThread0" daemon [_thread_blocked, id=816, stack(0x0000000814100000,0x0000000814200000)]
  0x000001b08814bc20 JavaThread "C1 CompilerThread0" daemon [_thread_blocked, id=19260, stack(0x0000000814200000,0x0000000814300000)]
  0x000001b088159160 JavaThread "Sweeper thread" daemon [_thread_blocked, id=21304, stack(0x0000000814300000,0x0000000814400000)]
  0x000001b0882ee8e0 JavaThread "JDWP Transport Listener: dt_socket" daemon [_thread_blocked, id=5952, stack(0x0000000814500000,0x0000000814600000)]
  0x000001b0882eef30 JavaThread "JDWP Event Helper Thread" daemon [_thread_blocked, id=2700, stack(0x0000000814600000,0x0000000814700000)]
  0x000001b088301990 JavaThread "JDWP Command Reader" daemon [_thread_in_native, id=6556, stack(0x0000000814700000,0x0000000814800000)]
  0x000001b088310700 JavaThread "Notification Thread" daemon [_thread_blocked, id=24476, stack(0x0000000814800000,0x0000000814900000)]
  0x000001b08830e390 JavaThread "Common-Cleaner" daemon [_thread_blocked, id=8564, stack(0x0000000814a00000,0x0000000814b00000)]
  0x000001b088310c10 JavaThread "Java2D Disposer" daemon [_thread_blocked, id=7052, stack(0x0000000814c00000,0x0000000814d00000)]
  0x000001b08830e8a0 JavaThread "AWT-Windows" daemon [_thread_in_native, id=16808, stack(0x0000000814e00000,0x0000000814f00000)]
  0x000001b08830fce0 JavaThread "main-SharedResourceRunner" daemon [_thread_blocked, id=2492, stack(0x0000000815000000,0x0000000815100000)]
  0x000001b0883101f0 JavaThread "main-Display-.windows_nil-1-EDT-1" daemon [_thread_blocked, id=8796, stack(0x0000000817b00000,0x0000000817c00000)]
  0x000001b08830edb0 JavaThread "HighResTimerThread" daemon [_thread_blocked, id=19576, stack(0x0000000814d00000,0x0000000814e00000)]
  0x000001b088311120 JavaThread "Thread-2" [_thread_blocked, id=18012, stack(0x0000000814f00000,0x0000000815000000)]
=>0x000001b088311630 JavaThread "main-FPSAWTAnimator#00-Timer0" [_thread_in_native, id=16472, stack(0x0000000815200000,0x0000000815300000)]
  0x000001b08830f7d0 JavaThread "DestroyJavaVM" [_thread_blocked, id=3688, stack(0x0000000813400000,0x0000000813500000)]
  0x000001b08830de80 JavaThread "Java Sound MidiInDevice Thread" [_thread_in_native, id=608, stack(0x0000000817e00000,0x0000000817f00000)]
  0x000001b08830f2c0 JavaThread "Java Sound MidiInDevice Thread" [_thread_in_native, id=2208, stack(0x0000000818000000,0x0000000818100000)]
  0x000001b0d736dec0 JavaThread "Java Sound Event Dispatcher" daemon [_thread_blocked, id=19020, stack(0x0000000818100000,0x0000000818200000)]
  0x000001b0d736f300 JavaThread "Thread-5" [_thread_blocked, id=9628, stack(0x0000000818700000,0x0000000818800000)]
  0x000001b0d736cf90 JavaThread "JNA Cleaner" daemon [_thread_blocked, id=21324, stack(0x0000000818800000,0x0000000818900000)]
  0x000001b0d7370230 JavaThread "NativeObject Reaper" daemon [_thread_blocked, id=2908, stack(0x0000000818f00000,0x0000000819000000)]
  0x000001b0d736e3d0 JavaThread "gstreamer service thread 1" daemon [_thread_blocked, id=12872, stack(0x0000000819400000,0x0000000819500000)]
  0x000001b0d736edf0 JavaThread "GstBus" daemon [_thread_in_native, id=24204, stack(0x0000000819500000,0x0000000819600000)]
  0x000001b0d7370740 JavaThread "GstBus" daemon [_thread_in_native, id=7284, stack(0x0000000819600000,0x0000000819700000)]
  0x000001b0d736fd20 JavaThread "GstBus" daemon [_thread_in_native, id=14432, stack(0x0000000819700000,0x0000000819800000)]
  0x000001b0d736d4a0 JavaThread "GstBus" daemon [_thread_in_native, id=2704, stack(0x000000081ac30000,0x000000081ad30000)]
  0x000001b0d7371160 JavaThread "GstBus" daemon [_thread_in_native, id=14960, stack(0x000000081af30000,0x000000081b030000)]
  0x000001b129823f60 JavaThread "GstBus" daemon [_thread_in_native, id=15112, stack(0x000000081a100000,0x000000081a200000)]

Other Threads:
  0x000001b088103010 VMThread "VM Thread" [stack: 0x0000000813a00000,0x0000000813b00000] [id=21628]
  0x000001b0fcef68c0 WatcherThread [stack: 0x0000000814900000,0x0000000814a00000] [id=14548]
  0x000001b0d8c59cc0 GCTaskThread "GC Thread#0" [stack: 0x0000000813500000,0x0000000813600000] [id=17980]
  0x000001b0d06f1690 GCTaskThread "GC Thread#1" [stack: 0x0000000816f00000,0x0000000817000000] [id=20920]
  0x000001b0d06dd140 GCTaskThread "GC Thread#2" [stack: 0x0000000817000000,0x0000000817100000] [id=13652]
  0x000001b0d06dd400 GCTaskThread "GC Thread#3" [stack: 0x0000000817100000,0x0000000817200000] [id=3096]
  0x000001b0d06dd6c0 GCTaskThread "GC Thread#4" [stack: 0x0000000817200000,0x0000000817300000] [id=12400]
  0x000001b0d06dd980 GCTaskThread "GC Thread#5" [stack: 0x0000000817300000,0x0000000817400000] [id=3172]
  0x000001b0d06e6ea0 GCTaskThread "GC Thread#6" [stack: 0x0000000817400000,0x0000000817500000] [id=12556]
  0x000001b0d06e7160 GCTaskThread "GC Thread#7" [stack: 0x0000000817500000,0x0000000817600000] [id=6824]
  0x000001b0d06e7420 GCTaskThread "GC Thread#8" [stack: 0x0000000817600000,0x0000000817700000] [id=13924]
  0x000001b0d06e76e0 GCTaskThread "GC Thread#9" [stack: 0x0000000817700000,0x0000000817800000] [id=5604]
  0x000001b0d070c5d0 GCTaskThread "GC Thread#10" [stack: 0x0000000817800000,0x0000000817900000] [id=12232]
  0x000001b0d070c890 GCTaskThread "GC Thread#11" [stack: 0x0000000817900000,0x0000000817a00000] [id=3296]
  0x000001b0d27176c0 GCTaskThread "GC Thread#12" [stack: 0x0000000818900000,0x0000000818a00000] [id=2204]
  0x000001b0d2717980 GCTaskThread "GC Thread#13" [stack: 0x0000000818c00000,0x0000000818d00000] [id=8912]
  0x000001b0d2716640 GCTaskThread "GC Thread#14" [stack: 0x0000000818d00000,0x0000000818e00000] [id=18484]
  0x000001b0d2716380 GCTaskThread "GC Thread#15" [stack: 0x0000000818e00000,0x0000000818f00000] [id=14840]
  0x000001b0d8c69bc0 ConcurrentGCThread "G1 Main Marker" [stack: 0x0000000813600000,0x0000000813700000] [id=11532]
  0x000001b0d8c6aaf0 ConcurrentGCThread "G1 Conc#0" [stack: 0x0000000813700000,0x0000000813800000] [id=2740]
  0x000001b0fcfae600 ConcurrentGCThread "G1 Refine#0" [stack: 0x0000000813800000,0x0000000813900000] [id=23952]
  0x000001b0fcfb1ef0 ConcurrentGCThread "G1 Service" [stack: 0x0000000813900000,0x0000000813a00000] [id=9616]

Threads with active compile tasks:

VM state: not at safepoint (normal execution)

VM Mutex/Monitor currently owned by a thread: None

Heap address: 0x0000000607c00000, size: 8068 MB, Compressed Oops mode: Zero based, Oop shift amount: 3

CDS archive(s) mapped at: [0x000001b089000000-0x000001b089bd0000-0x000001b089bd0000), size 12386304, SharedBaseAddress: 0x000001b089000000, ArchiveRelocationMode: 1.
Compressed class space mapped at: 0x000001b08a000000-0x000001b0ca000000, reserved size: 1073741824
Narrow klass base: 0x000001b089000000, Narrow klass shift: 0, Narrow klass range: 0x100000000

GC Precious Log:
 CPUs: 22 total, 22 available
 Memory: 32265M
 Large Page Support: Disabled
 NUMA Support: Disabled
 Compressed Oops: Enabled (Zero based)
 Heap Region Size: 4M
 Heap Min Capacity: 8M
 Heap Initial Capacity: 508M
 Heap Max Capacity: 8068M
 Pre-touch: Disabled
 Parallel Workers: 16
 Concurrent Workers: 4
 Concurrent Refinement Workers: 16
 Periodic GC: Disabled

Heap:
 garbage-first heap   total 520192K, used 104324K [0x0000000607c00000, 0x0000000800000000)
  region size 4096K, 7 young (28672K), 1 survivors (4096K)
 Metaspace       used 19354K, committed 19584K, reserved 1114112K
  class space    used 1603K, committed 1728K, reserved 1048576K

Heap Regions: E=young(eden), S=young(survivor), O=old, HS=humongous(starts), HC=humongous(continues), CS=collection set, F=free, OA=open archive, CA=closed archive, TAMS=top-at-mark-start (previous, next)
|   0|0x0000000607c00000, 0x0000000608000000, 0x0000000608000000|100%| O|  |TAMS 0x0000000607c00000, 0x0000000607c00000| Untracked 
|   1|0x0000000608000000, 0x0000000608400000, 0x0000000608400000|100%| O|  |TAMS 0x0000000608000000, 0x0000000608000000| Untracked 
|   2|0x0000000608400000, 0x0000000608800000, 0x0000000608800000|100%|HS|  |TAMS 0x0000000608400000, 0x0000000608400000| Complete 
|   3|0x0000000608800000, 0x0000000608c00000, 0x0000000608c00000|100%|HC|  |TAMS 0x0000000608800000, 0x0000000608800000| Complete 
|   4|0x0000000608c00000, 0x0000000609000000, 0x0000000609000000|100%|HS|  |TAMS 0x0000000608c00000, 0x0000000608c00000| Complete 
|   5|0x0000000609000000, 0x0000000609400000, 0x0000000609400000|100%|HC|  |TAMS 0x0000000609000000, 0x0000000609000000| Complete 
|   6|0x0000000609400000, 0x0000000609800000, 0x0000000609800000|100%|HS|  |TAMS 0x0000000609400000, 0x0000000609400000| Complete 
|   7|0x0000000609800000, 0x0000000609c00000, 0x0000000609c00000|100%|HC|  |TAMS 0x0000000609800000, 0x0000000609800000| Complete 
|   8|0x0000000609c00000, 0x000000060a000000, 0x000000060a000000|100%|HC|  |TAMS 0x0000000609c00000, 0x0000000609c00000| Complete 
|   9|0x000000060a000000, 0x000000060a400000, 0x000000060a400000|100%| O|  |TAMS 0x000000060a000000, 0x000000060a000000| Untracked 
|  10|0x000000060a400000, 0x000000060a40e200, 0x000000060a800000|  1%| O|  |TAMS 0x000000060a400000, 0x000000060a400000| Untracked 
|  11|0x000000060a800000, 0x000000060ac00000, 0x000000060ac00000|100%|HS|  |TAMS 0x000000060a800000, 0x000000060a800000| Complete 
|  12|0x000000060ac00000, 0x000000060b000000, 0x000000060b000000|100%|HC|  |TAMS 0x000000060ac00000, 0x000000060ac00000| Complete 
|  13|0x000000060b000000, 0x000000060b000000, 0x000000060b400000|  0%| F|  |TAMS 0x000000060b000000, 0x000000060b000000| Untracked 
|  14|0x000000060b400000, 0x000000060b400000, 0x000000060b800000|  0%| F|  |TAMS 0x000000060b400000, 0x000000060b400000| Untracked 
|  15|0x000000060b800000, 0x000000060bc00000, 0x000000060bc00000|100%|HS|  |TAMS 0x000000060b800000, 0x000000060b800000| Complete 
|  16|0x000000060bc00000, 0x000000060c000000, 0x000000060c000000|100%|HC|  |TAMS 0x000000060bc00000, 0x000000060bc00000| Complete 
|  17|0x000000060c000000, 0x000000060c400000, 0x000000060c400000|100%|HS|  |TAMS 0x000000060c000000, 0x000000060c000000| Complete 
|  18|0x000000060c400000, 0x000000060c800000, 0x000000060c800000|100%|HC|  |TAMS 0x000000060c400000, 0x000000060c400000| Complete 
|  19|0x000000060c800000, 0x000000060cc00000, 0x000000060cc00000|100%|HS|  |TAMS 0x000000060c800000, 0x000000060c800000| Complete 
|  20|0x000000060cc00000, 0x000000060d000000, 0x000000060d000000|100%|HC|  |TAMS 0x000000060cc00000, 0x000000060cc00000| Complete 
|  21|0x000000060d000000, 0x000000060d000000, 0x000000060d400000|  0%| F|  |TAMS 0x000000060d000000, 0x000000060d000000| Untracked 
|  22|0x000000060d400000, 0x000000060d400000, 0x000000060d800000|  0%| F|  |TAMS 0x000000060d400000, 0x000000060d400000| Untracked 
|  23|0x000000060d800000, 0x000000060d800000, 0x000000060dc00000|  0%| F|  |TAMS 0x000000060d800000, 0x000000060d800000| Untracked 
|  24|0x000000060dc00000, 0x000000060dc00000, 0x000000060e000000|  0%| F|  |TAMS 0x000000060dc00000, 0x000000060dc00000| Untracked 
|  25|0x000000060e000000, 0x000000060e000000, 0x000000060e400000|  0%| F|  |TAMS 0x000000060e000000, 0x000000060e000000| Untracked 
|  26|0x000000060e400000, 0x000000060e400000, 0x000000060e800000|  0%| F|  |TAMS 0x000000060e400000, 0x000000060e400000| Untracked 
|  27|0x000000060e800000, 0x000000060e800000, 0x000000060ec00000|  0%| F|  |TAMS 0x000000060e800000, 0x000000060e800000| Untracked 
|  28|0x000000060ec00000, 0x000000060ec00000, 0x000000060f000000|  0%| F|  |TAMS 0x000000060ec00000, 0x000000060ec00000| Untracked 
|  29|0x000000060f000000, 0x000000060f400000, 0x000000060f400000|100%|HS|  |TAMS 0x000000060f000000, 0x000000060f000000| Complete 
|  30|0x000000060f400000, 0x000000060f800000, 0x000000060f800000|100%|HC|  |TAMS 0x000000060f400000, 0x000000060f400000| Complete 
|  31|0x000000060f800000, 0x000000060f800000, 0x000000060fc00000|  0%| F|  |TAMS 0x000000060f800000, 0x000000060f800000| Untracked 
|  32|0x000000060fc00000, 0x000000060fc00000, 0x0000000610000000|  0%| F|  |TAMS 0x000000060fc00000, 0x000000060fc00000| Untracked 
|  33|0x0000000610000000, 0x0000000610000000, 0x0000000610400000|  0%| F|  |TAMS 0x0000000610000000, 0x0000000610000000| Untracked 
|  34|0x0000000610400000, 0x0000000610400000, 0x0000000610800000|  0%| F|  |TAMS 0x0000000610400000, 0x0000000610400000| Untracked 
|  35|0x0000000610800000, 0x0000000610800000, 0x0000000610c00000|  0%| F|  |TAMS 0x0000000610800000, 0x0000000610800000| Untracked 
|  36|0x0000000610c00000, 0x0000000610c00000, 0x0000000611000000|  0%| F|  |TAMS 0x0000000610c00000, 0x0000000610c00000| Untracked 
|  37|0x0000000611000000, 0x0000000611000000, 0x0000000611400000|  0%| F|  |TAMS 0x0000000611000000, 0x0000000611000000| Untracked 
|  38|0x0000000611400000, 0x0000000611400000, 0x0000000611800000|  0%| F|  |TAMS 0x0000000611400000, 0x0000000611400000| Untracked 
|  39|0x0000000611800000, 0x0000000611800000, 0x0000000611c00000|  0%| F|  |TAMS 0x0000000611800000, 0x0000000611800000| Untracked 
|  40|0x0000000611c00000, 0x0000000611c00000, 0x0000000612000000|  0%| F|  |TAMS 0x0000000611c00000, 0x0000000611c00000| Untracked 
|  41|0x0000000612000000, 0x0000000612000000, 0x0000000612400000|  0%| F|  |TAMS 0x0000000612000000, 0x0000000612000000| Untracked 
|  42|0x0000000612400000, 0x0000000612400000, 0x0000000612800000|  0%| F|  |TAMS 0x0000000612400000, 0x0000000612400000| Untracked 
|  43|0x0000000612800000, 0x0000000612800000, 0x0000000612c00000|  0%| F|  |TAMS 0x0000000612800000, 0x0000000612800000| Untracked 
|  44|0x0000000612c00000, 0x0000000612c00000, 0x0000000613000000|  0%| F|  |TAMS 0x0000000612c00000, 0x0000000612c00000| Untracked 
|  45|0x0000000613000000, 0x0000000613000000, 0x0000000613400000|  0%| F|  |TAMS 0x0000000613000000, 0x0000000613000000| Untracked 
|  46|0x0000000613400000, 0x0000000613400000, 0x0000000613800000|  0%| F|  |TAMS 0x0000000613400000, 0x0000000613400000| Untracked 
|  47|0x0000000613800000, 0x0000000613800000, 0x0000000613c00000|  0%| F|  |TAMS 0x0000000613800000, 0x0000000613800000| Untracked 
|  48|0x0000000613c00000, 0x0000000613c00000, 0x0000000614000000|  0%| F|  |TAMS 0x0000000613c00000, 0x0000000613c00000| Untracked 
|  49|0x0000000614000000, 0x0000000614000000, 0x0000000614400000|  0%| F|  |TAMS 0x0000000614000000, 0x0000000614000000| Untracked 
|  50|0x0000000614400000, 0x00000006145d3148, 0x0000000614800000| 45%| S|CS|TAMS 0x0000000614400000, 0x0000000614400000| Complete 
|  51|0x0000000614800000, 0x0000000614800000, 0x0000000614c00000|  0%| F|  |TAMS 0x0000000614800000, 0x0000000614800000| Untracked 
|  52|0x0000000614c00000, 0x0000000614c00000, 0x0000000615000000|  0%| F|  |TAMS 0x0000000614c00000, 0x0000000614c00000| Untracked 
|  53|0x0000000615000000, 0x0000000615000000, 0x0000000615400000|  0%| F|  |TAMS 0x0000000615000000, 0x0000000615000000| Untracked 
|  54|0x0000000615400000, 0x0000000615400000, 0x0000000615800000|  0%| F|  |TAMS 0x0000000615400000, 0x0000000615400000| Untracked 
|  55|0x0000000615800000, 0x0000000615800000, 0x0000000615c00000|  0%| F|  |TAMS 0x0000000615800000, 0x0000000615800000| Untracked 
|  56|0x0000000615c00000, 0x0000000615c00000, 0x0000000616000000|  0%| F|  |TAMS 0x0000000615c00000, 0x0000000615c00000| Untracked 
|  57|0x0000000616000000, 0x0000000616000000, 0x0000000616400000|  0%| F|  |TAMS 0x0000000616000000, 0x0000000616000000| Untracked 
|  58|0x0000000616400000, 0x0000000616400000, 0x0000000616800000|  0%| F|  |TAMS 0x0000000616400000, 0x0000000616400000| Untracked 
|  59|0x0000000616800000, 0x0000000616800000, 0x0000000616c00000|  0%| F|  |TAMS 0x0000000616800000, 0x0000000616800000| Untracked 
|  60|0x0000000616c00000, 0x0000000616c00000, 0x0000000617000000|  0%| F|  |TAMS 0x0000000616c00000, 0x0000000616c00000| Untracked 
|  61|0x0000000617000000, 0x0000000617000000, 0x0000000617400000|  0%| F|  |TAMS 0x0000000617000000, 0x0000000617000000| Untracked 
|  62|0x0000000617400000, 0x0000000617400000, 0x0000000617800000|  0%| F|  |TAMS 0x0000000617400000, 0x0000000617400000| Untracked 
|  63|0x0000000617800000, 0x0000000617800000, 0x0000000617c00000|  0%| F|  |TAMS 0x0000000617800000, 0x0000000617800000| Untracked 
|  64|0x0000000617c00000, 0x0000000617c00000, 0x0000000618000000|  0%| F|  |TAMS 0x0000000617c00000, 0x0000000617c00000| Untracked 
|  65|0x0000000618000000, 0x0000000618000000, 0x0000000618400000|  0%| F|  |TAMS 0x0000000618000000, 0x0000000618000000| Untracked 
|  66|0x0000000618400000, 0x0000000618400000, 0x0000000618800000|  0%| F|  |TAMS 0x0000000618400000, 0x0000000618400000| Untracked 
|  67|0x0000000618800000, 0x0000000618800000, 0x0000000618c00000|  0%| F|  |TAMS 0x0000000618800000, 0x0000000618800000| Untracked 
|  68|0x0000000618c00000, 0x0000000618c00000, 0x0000000619000000|  0%| F|  |TAMS 0x0000000618c00000, 0x0000000618c00000| Untracked 
|  69|0x0000000619000000, 0x0000000619000000, 0x0000000619400000|  0%| F|  |TAMS 0x0000000619000000, 0x0000000619000000| Untracked 
|  70|0x0000000619400000, 0x0000000619400000, 0x0000000619800000|  0%| F|  |TAMS 0x0000000619400000, 0x0000000619400000| Untracked 
|  71|0x0000000619800000, 0x0000000619800000, 0x0000000619c00000|  0%| F|  |TAMS 0x0000000619800000, 0x0000000619800000| Untracked 
|  72|0x0000000619c00000, 0x0000000619c00000, 0x000000061a000000|  0%| F|  |TAMS 0x0000000619c00000, 0x0000000619c00000| Untracked 
|  73|0x000000061a000000, 0x000000061a000000, 0x000000061a400000|  0%| F|  |TAMS 0x000000061a000000, 0x000000061a000000| Untracked 
|  74|0x000000061a400000, 0x000000061a400000, 0x000000061a800000|  0%| F|  |TAMS 0x000000061a400000, 0x000000061a400000| Untracked 
|  75|0x000000061a800000, 0x000000061a800000, 0x000000061ac00000|  0%| F|  |TAMS 0x000000061a800000, 0x000000061a800000| Untracked 
|  76|0x000000061ac00000, 0x000000061ac00000, 0x000000061b000000|  0%| F|  |TAMS 0x000000061ac00000, 0x000000061ac00000| Untracked 
|  77|0x000000061b000000, 0x000000061b000000, 0x000000061b400000|  0%| F|  |TAMS 0x000000061b000000, 0x000000061b000000| Untracked 
|  78|0x000000061b400000, 0x000000061b400000, 0x000000061b800000|  0%| F|  |TAMS 0x000000061b400000, 0x000000061b400000| Untracked 
|  79|0x000000061b800000, 0x000000061b800000, 0x000000061bc00000|  0%| F|  |TAMS 0x000000061b800000, 0x000000061b800000| Untracked 
|  80|0x000000061bc00000, 0x000000061bc00000, 0x000000061c000000|  0%| F|  |TAMS 0x000000061bc00000, 0x000000061bc00000| Untracked 
|  81|0x000000061c000000, 0x000000061c000000, 0x000000061c400000|  0%| F|  |TAMS 0x000000061c000000, 0x000000061c000000| Untracked 
|  82|0x000000061c400000, 0x000000061c400000, 0x000000061c800000|  0%| F|  |TAMS 0x000000061c400000, 0x000000061c400000| Untracked 
|  83|0x000000061c800000, 0x000000061c800000, 0x000000061cc00000|  0%| F|  |TAMS 0x000000061c800000, 0x000000061c800000| Untracked 
|  84|0x000000061cc00000, 0x000000061cc00000, 0x000000061d000000|  0%| F|  |TAMS 0x000000061cc00000, 0x000000061cc00000| Untracked 
|  85|0x000000061d000000, 0x000000061d000000, 0x000000061d400000|  0%| F|  |TAMS 0x000000061d000000, 0x000000061d000000| Untracked 
|  86|0x000000061d400000, 0x000000061d400000, 0x000000061d800000|  0%| F|  |TAMS 0x000000061d400000, 0x000000061d400000| Untracked 
|  87|0x000000061d800000, 0x000000061d800000, 0x000000061dc00000|  0%| F|  |TAMS 0x000000061d800000, 0x000000061d800000| Untracked 
|  88|0x000000061dc00000, 0x000000061dc00000, 0x000000061e000000|  0%| F|  |TAMS 0x000000061dc00000, 0x000000061dc00000| Untracked 
|  89|0x000000061e000000, 0x000000061e000000, 0x000000061e400000|  0%| F|  |TAMS 0x000000061e000000, 0x000000061e000000| Untracked 
|  90|0x000000061e400000, 0x000000061e400000, 0x000000061e800000|  0%| F|  |TAMS 0x000000061e400000, 0x000000061e400000| Untracked 
|  91|0x000000061e800000, 0x000000061e800000, 0x000000061ec00000|  0%| F|  |TAMS 0x000000061e800000, 0x000000061e800000| Untracked 
|  92|0x000000061ec00000, 0x000000061ec00000, 0x000000061f000000|  0%| F|  |TAMS 0x000000061ec00000, 0x000000061ec00000| Untracked 
|  93|0x000000061f000000, 0x000000061f000000, 0x000000061f400000|  0%| F|  |TAMS 0x000000061f000000, 0x000000061f000000| Untracked 
|  94|0x000000061f400000, 0x000000061f400000, 0x000000061f800000|  0%| F|  |TAMS 0x000000061f400000, 0x000000061f400000| Untracked 
|  95|0x000000061f800000, 0x000000061f800000, 0x000000061fc00000|  0%| F|  |TAMS 0x000000061f800000, 0x000000061f800000| Untracked 
|  96|0x000000061fc00000, 0x000000061fc00000, 0x0000000620000000|  0%| F|  |TAMS 0x000000061fc00000, 0x000000061fc00000| Untracked 
|  97|0x0000000620000000, 0x0000000620000000, 0x0000000620400000|  0%| F|  |TAMS 0x0000000620000000, 0x0000000620000000| Untracked 
|  98|0x0000000620400000, 0x0000000620400000, 0x0000000620800000|  0%| F|  |TAMS 0x0000000620400000, 0x0000000620400000| Untracked 
|  99|0x0000000620800000, 0x0000000620800000, 0x0000000620c00000|  0%| F|  |TAMS 0x0000000620800000, 0x0000000620800000| Untracked 
| 100|0x0000000620c00000, 0x0000000620c00000, 0x0000000621000000|  0%| F|  |TAMS 0x0000000620c00000, 0x0000000620c00000| Untracked 
| 101|0x0000000621000000, 0x0000000621000000, 0x0000000621400000|  0%| F|  |TAMS 0x0000000621000000, 0x0000000621000000| Untracked 
| 102|0x0000000621400000, 0x0000000621400000, 0x0000000621800000|  0%| F|  |TAMS 0x0000000621400000, 0x0000000621400000| Untracked 
| 103|0x0000000621800000, 0x0000000621800000, 0x0000000621c00000|  0%| F|  |TAMS 0x0000000621800000, 0x0000000621800000| Untracked 
| 104|0x0000000621c00000, 0x0000000621c00000, 0x0000000622000000|  0%| F|  |TAMS 0x0000000621c00000, 0x0000000621c00000| Untracked 
| 105|0x0000000622000000, 0x0000000622000000, 0x0000000622400000|  0%| F|  |TAMS 0x0000000622000000, 0x0000000622000000| Untracked 
| 106|0x0000000622400000, 0x0000000622400000, 0x0000000622800000|  0%| F|  |TAMS 0x0000000622400000, 0x0000000622400000| Untracked 
| 107|0x0000000622800000, 0x0000000622800000, 0x0000000622c00000|  0%| F|  |TAMS 0x0000000622800000, 0x0000000622800000| Untracked 
| 108|0x0000000622c00000, 0x0000000622c00000, 0x0000000623000000|  0%| F|  |TAMS 0x0000000622c00000, 0x0000000622c00000| Untracked 
| 109|0x0000000623000000, 0x0000000623000000, 0x0000000623400000|  0%| F|  |TAMS 0x0000000623000000, 0x0000000623000000| Untracked 
| 110|0x0000000623400000, 0x0000000623400000, 0x0000000623800000|  0%| F|  |TAMS 0x0000000623400000, 0x0000000623400000| Untracked 
| 111|0x0000000623800000, 0x0000000623800000, 0x0000000623c00000|  0%| F|  |TAMS 0x0000000623800000, 0x0000000623800000| Untracked 
| 112|0x0000000623c00000, 0x0000000623c00000, 0x0000000624000000|  0%| F|  |TAMS 0x0000000623c00000, 0x0000000623c00000| Untracked 
| 113|0x0000000624000000, 0x0000000624000000, 0x0000000624400000|  0%| F|  |TAMS 0x0000000624000000, 0x0000000624000000| Untracked 
| 114|0x0000000624400000, 0x0000000624400000, 0x0000000624800000|  0%| F|  |TAMS 0x0000000624400000, 0x0000000624400000| Untracked 
| 115|0x0000000624800000, 0x0000000624800000, 0x0000000624c00000|  0%| F|  |TAMS 0x0000000624800000, 0x0000000624800000| Untracked 
| 116|0x0000000624c00000, 0x0000000624c00000, 0x0000000625000000|  0%| F|  |TAMS 0x0000000624c00000, 0x0000000624c00000| Untracked 
| 117|0x0000000625000000, 0x0000000625000000, 0x0000000625400000|  0%| F|  |TAMS 0x0000000625000000, 0x0000000625000000| Untracked 
| 118|0x0000000625400000, 0x0000000625400000, 0x0000000625800000|  0%| F|  |TAMS 0x0000000625400000, 0x0000000625400000| Untracked 
| 119|0x0000000625800000, 0x0000000625800000, 0x0000000625c00000|  0%| F|  |TAMS 0x0000000625800000, 0x0000000625800000| Untracked 
| 120|0x0000000625c00000, 0x0000000625c00000, 0x0000000626000000|  0%| F|  |TAMS 0x0000000625c00000, 0x0000000625c00000| Untracked 
| 121|0x0000000626000000, 0x0000000626227448, 0x0000000626400000| 53%| E|  |TAMS 0x0000000626000000, 0x0000000626000000| Complete 
| 122|0x0000000626400000, 0x0000000626800000, 0x0000000626800000|100%| E|CS|TAMS 0x0000000626400000, 0x0000000626400000| Complete 
| 123|0x0000000626800000, 0x0000000626c00000, 0x0000000626c00000|100%| E|CS|TAMS 0x0000000626800000, 0x0000000626800000| Complete 
| 124|0x0000000626c00000, 0x0000000627000000, 0x0000000627000000|100%| E|CS|TAMS 0x0000000626c00000, 0x0000000626c00000| Complete 
| 125|0x0000000627000000, 0x0000000627400000, 0x0000000627400000|100%| E|CS|TAMS 0x0000000627000000, 0x0000000627000000| Complete 
| 126|0x0000000627400000, 0x0000000627800000, 0x0000000627800000|100%| E|CS|TAMS 0x0000000627400000, 0x0000000627400000| Complete 

Card table byte_map: [0x000001b0f2fd0000,0x000001b0f3fa0000] _byte_map_base: 0x000001b0eff92000

Marking Bits (Prev, Next): (CMBitMap*) 0x000001b0fcecfce0, (CMBitMap*) 0x000001b0fcecfd20
 Prev Bits: [0x000001b0f4f70000, 0x000001b0fcd80000)
 Next Bits: [0x000001b080000000, 0x000001b087e10000)

Polling page: 0x000001b0d8830000

Metaspace:

Usage:
  Non-class:     17.34 MB used.
      Class:      1.57 MB used.
       Both:     18.90 MB used.

Virtual space:
  Non-class space:       64.00 MB reserved,      17.44 MB ( 27%) committed,  1 nodes.
      Class space:        1.00 GB reserved,       1.69 MB ( <1%) committed,  1 nodes.
             Both:        1.06 GB reserved,      19.12 MB (  2%) committed. 

Chunk freelists:
   Non-Class:  13.95 MB
       Class:  14.19 MB
        Both:  28.14 MB

MaxMetaspaceSize: unlimited
CompressedClassSpaceSize: 1.00 GB
Initial GC threshold: 21.00 MB
Current GC threshold: 21.00 MB
CDS: on
MetaspaceReclaimPolicy: balanced
 - commit_granule_bytes: 65536.
 - commit_granule_words: 8192.
 - virtual_space_node_default_size: 8388608.
 - enlarge_chunks_in_place: 1.
 - new_chunks_are_fully_committed: 0.
 - uncommit_free_chunks: 1.
 - use_allocation_guard: 0.
 - handle_deallocations: 1.


Internal statistics:

num_allocs_failed_limit: 0.
num_arena_births: 232.
num_arena_deaths: 0.
num_vsnodes_births: 2.
num_vsnodes_deaths: 0.
num_space_committed: 302.
num_space_uncommitted: 0.
num_chunks_returned_to_freelist: 0.
num_chunks_taken_from_freelist: 741.
num_chunk_merges: 0.
num_chunk_splits: 512.
num_chunks_enlarged: 368.
num_inconsistent_stats: 0.

CodeHeap 'non-profiled nmethods': size=119168Kb used=5699Kb max_used=5699Kb free=113468Kb
 bounds [0x000001b0e9880000, 0x000001b0e9e20000, 0x000001b0f0ce0000]
CodeHeap 'profiled nmethods': size=119104Kb used=6453Kb max_used=7812Kb free=112651Kb
 bounds [0x000001b0e1ce0000, 0x000001b0e24e0000, 0x000001b0e9130000]
CodeHeap 'non-nmethods': size=7488Kb used=1680Kb max_used=3405Kb free=5807Kb
 bounds [0x000001b0e9130000, 0x000001b0e9500000, 0x000001b0e9880000]
 total_blobs=4684 nmethods=3653 adapters=943
 compilation: enabled
              stopped_count=0, restarted_count=0
 full_count=0

Compilation events (20 events):
Event: 2301.452 Thread 0x000001b0881281f0 4738 %     4       eyesing::draw @ 36 (2544 bytes)
Event: 2301.616 Thread 0x000001b0881281f0 nmethod 4738% 0x000001b0e9df5190 code [0x000001b0e9df5de0, 0x000001b0e9dfccc8]
Event: 2302.408 Thread 0x000001b0881281f0 4739       4       eyesing::draw (2544 bytes)
Event: 2302.570 Thread 0x000001b0881281f0 nmethod 4739 0x000001b0e9e01b90 code [0x000001b0e9e02800, 0x000001b0e9e0a8b0]
Event: 2312.608 Thread 0x000001b08814bc20 4740       3       java.lang.System::lineSeparator (4 bytes)
Event: 2312.609 Thread 0x000001b08814bc20 nmethod 4740 0x000001b0e1d10f10 code [0x000001b0e1d110a0, 0x000001b0e1d11198]
Event: 2312.609 Thread 0x000001b08814bc20 4742       3       java.util.regex.Pattern$Branch::match (66 bytes)
Event: 2312.609 Thread 0x000001b08814bc20 nmethod 4742 0x000001b0e23e7a10 code [0x000001b0e23e7be0, 0x000001b0e23e80d8]
Event: 2312.609 Thread 0x000001b08814bc20 4741       3       java.util.regex.Matcher::groupCount (10 bytes)
Event: 2312.609 Thread 0x000001b08814bc20 nmethod 4741 0x000001b0e22df110 code [0x000001b0e22df2a0, 0x000001b0e22df3b8]
Event: 2313.279 Thread 0x000001b0881281f0 4743       4       org.freedesktop.gstreamer.glib.NativeObject::access$500 (4 bytes)
Event: 2313.280 Thread 0x000001b0881281f0 nmethod 4743 0x000001b0e9e0fe90 code [0x000001b0e9e10000, 0x000001b0e9e10058]
Event: 2313.280 Thread 0x000001b0881281f0 4744       4       org.freedesktop.gstreamer.glib.NativeObject::access$400 (4 bytes)
Event: 2313.280 Thread 0x000001b0881281f0 nmethod 4744 0x000001b0e9e10190 code [0x000001b0e9e10300, 0x000001b0e9e10358]
Event: 2352.854 Thread 0x000001b08814bc20 4745       3       java.util.regex.Pattern$BmpCharPropertyGreedy::match (89 bytes)
Event: 2352.854 Thread 0x000001b0881281f0 4746       4       java.lang.StringCoding::implEncodeAsciiArray (47 bytes)
Event: 2352.854 Thread 0x000001b08814bc20 nmethod 4745 0x000001b0e2207810 code [0x000001b0e2207a00, 0x000001b0e2208068]
Event: 2352.859 Thread 0x000001b0881281f0 nmethod 4746 0x000001b0e9e10490 code [0x000001b0e9e10600, 0x000001b0e9e10ad8]
Event: 2407.501 Thread 0x000001b08814bc20 4747       3       java.util.regex.Matcher::start (65 bytes)
Event: 2407.502 Thread 0x000001b08814bc20 nmethod 4747 0x000001b0e22d9d90 code [0x000001b0e22da000, 0x000001b0e22da868]

GC Heap History (20 events):
Event: 2399.121 GC heap before
{Heap before GC invocations=748 (full 0):
 garbage-first heap   total 520192K, used 391401K [0x0000000607c00000, 0x0000000800000000)
  region size 4096K, 76 young (311296K), 1 survivors (4096K)
 Metaspace       used 19354K, committed 19584K, reserved 1114112K
  class space    used 1603K, committed 1728K, reserved 1048576K
}
Event: 2399.123 GC heap after
{Heap after GC invocations=749 (full 0):
 garbage-first heap   total 520192K, used 83975K [0x0000000607c00000, 0x0000000800000000)
  region size 4096K, 1 young (4096K), 1 survivors (4096K)
 Metaspace       used 19354K, committed 19584K, reserved 1114112K
  class space    used 1603K, committed 1728K, reserved 1048576K
}
Event: 2400.117 GC heap before
{Heap before GC invocations=749 (full 0):
 garbage-first heap   total 520192K, used 391175K [0x0000000607c00000, 0x0000000800000000)
  region size 4096K, 76 young (311296K), 1 survivors (4096K)
 Metaspace       used 19354K, committed 19584K, reserved 1114112K
  class space    used 1603K, committed 1728K, reserved 1048576K
}
Event: 2400.119 GC heap after
{Heap after GC invocations=750 (full 0):
 garbage-first heap   total 520192K, used 85043K [0x0000000607c00000, 0x0000000800000000)
  region size 4096K, 1 young (4096K), 1 survivors (4096K)
 Metaspace       used 19354K, committed 19584K, reserved 1114112K
  class space    used 1603K, committed 1728K, reserved 1048576K
}
Event: 2401.127 GC heap before
{Heap before GC invocations=750 (full 0):
 garbage-first heap   total 520192K, used 392243K [0x0000000607c00000, 0x0000000800000000)
  region size 4096K, 76 young (311296K), 1 survivors (4096K)
 Metaspace       used 19354K, committed 19584K, reserved 1114112K
  class space    used 1603K, committed 1728K, reserved 1048576K
}
Event: 2401.128 GC heap after
{Heap after GC invocations=751 (full 0):
 garbage-first heap   total 520192K, used 84126K [0x0000000607c00000, 0x0000000800000000)
  region size 4096K, 1 young (4096K), 1 survivors (4096K)
 Metaspace       used 19354K, committed 19584K, reserved 1114112K
  class space    used 1603K, committed 1728K, reserved 1048576K
}
Event: 2402.111 GC heap before
{Heap before GC invocations=751 (full 0):
 garbage-first heap   total 520192K, used 391326K [0x0000000607c00000, 0x0000000800000000)
  region size 4096K, 76 young (311296K), 1 survivors (4096K)
 Metaspace       used 19354K, committed 19584K, reserved 1114112K
  class space    used 1603K, committed 1728K, reserved 1048576K
}
Event: 2402.115 GC heap after
{Heap after GC invocations=752 (full 0):
 garbage-first heap   total 520192K, used 86177K [0x0000000607c00000, 0x0000000800000000)
  region size 4096K, 2 young (8192K), 2 survivors (8192K)
 Metaspace       used 19354K, committed 19584K, reserved 1114112K
  class space    used 1603K, committed 1728K, reserved 1048576K
}
Event: 2403.117 GC heap before
{Heap before GC invocations=752 (full 0):
 garbage-first heap   total 520192K, used 389281K [0x0000000607c00000, 0x0000000800000000)
  region size 4096K, 76 young (311296K), 2 survivors (8192K)
 Metaspace       used 19354K, committed 19584K, reserved 1114112K
  class space    used 1603K, committed 1728K, reserved 1048576K
}
Event: 2403.119 GC heap after
{Heap after GC invocations=753 (full 0):
 garbage-first heap   total 520192K, used 83889K [0x0000000607c00000, 0x0000000800000000)
  region size 4096K, 1 young (4096K), 1 survivors (4096K)
 Metaspace       used 19354K, committed 19584K, reserved 1114112K
  class space    used 1603K, committed 1728K, reserved 1048576K
}
Event: 2404.088 GC heap before
{Heap before GC invocations=753 (full 0):
 garbage-first heap   total 520192K, used 391089K [0x0000000607c00000, 0x0000000800000000)
  region size 4096K, 76 young (311296K), 1 survivors (4096K)
 Metaspace       used 19354K, committed 19584K, reserved 1114112K
  class space    used 1603K, committed 1728K, reserved 1048576K
}
Event: 2404.091 GC heap after
{Heap after GC invocations=754 (full 0):
 garbage-first heap   total 520192K, used 84939K [0x0000000607c00000, 0x0000000800000000)
  region size 4096K, 1 young (4096K), 1 survivors (4096K)
 Metaspace       used 19354K, committed 19584K, reserved 1114112K
  class space    used 1603K, committed 1728K, reserved 1048576K
}
Event: 2405.053 GC heap before
{Heap before GC invocations=754 (full 0):
 garbage-first heap   total 520192K, used 392139K [0x0000000607c00000, 0x0000000800000000)
  region size 4096K, 76 young (311296K), 1 survivors (4096K)
 Metaspace       used 19354K, committed 19584K, reserved 1114112K
  class space    used 1603K, committed 1728K, reserved 1048576K
}
Event: 2405.054 GC heap after
{Heap after GC invocations=755 (full 0):
 garbage-first heap   total 520192K, used 83936K [0x0000000607c00000, 0x0000000800000000)
  region size 4096K, 1 young (4096K), 1 survivors (4096K)
 Metaspace       used 19354K, committed 19584K, reserved 1114112K
  class space    used 1603K, committed 1728K, reserved 1048576K
}
Event: 2406.002 GC heap before
{Heap before GC invocations=755 (full 0):
 garbage-first heap   total 520192K, used 391136K [0x0000000607c00000, 0x0000000800000000)
  region size 4096K, 76 young (311296K), 1 survivors (4096K)
 Metaspace       used 19354K, committed 19584K, reserved 1114112K
  class space    used 1603K, committed 1728K, reserved 1048576K
}
Event: 2406.004 GC heap after
{Heap after GC invocations=756 (full 0):
 garbage-first heap   total 520192K, used 83825K [0x0000000607c00000, 0x0000000800000000)
  region size 4096K, 1 young (4096K), 1 survivors (4096K)
 Metaspace       used 19354K, committed 19584K, reserved 1114112K
  class space    used 1603K, committed 1728K, reserved 1048576K
}
Event: 2406.989 GC heap before
{Heap before GC invocations=756 (full 0):
 garbage-first heap   total 520192K, used 391025K [0x0000000607c00000, 0x0000000800000000)
  region size 4096K, 76 young (311296K), 1 survivors (4096K)
 Metaspace       used 19354K, committed 19584K, reserved 1114112K
  class space    used 1603K, committed 1728K, reserved 1048576K
}
Event: 2406.992 GC heap after
{Heap after GC invocations=757 (full 0):
 garbage-first heap   total 520192K, used 84986K [0x0000000607c00000, 0x0000000800000000)
  region size 4096K, 1 young (4096K), 1 survivors (4096K)
 Metaspace       used 19354K, committed 19584K, reserved 1114112K
  class space    used 1603K, committed 1728K, reserved 1048576K
}
Event: 2407.967 GC heap before
{Heap before GC invocations=757 (full 0):
 garbage-first heap   total 520192K, used 392186K [0x0000000607c00000, 0x0000000800000000)
  region size 4096K, 76 young (311296K), 1 survivors (4096K)
 Metaspace       used 19354K, committed 19584K, reserved 1114112K
  class space    used 1603K, committed 1728K, reserved 1048576K
}
Event: 2407.969 GC heap after
{Heap after GC invocations=758 (full 0):
 garbage-first heap   total 520192K, used 83844K [0x0000000607c00000, 0x0000000800000000)
  region size 4096K, 1 young (4096K), 1 survivors (4096K)
 Metaspace       used 19354K, committed 19584K, reserved 1114112K
  class space    used 1603K, committed 1728K, reserved 1048576K
}

Dll operation events (17 events):
Event: 0.005 Loaded shared library C:\Program Files\Processing\app\resources\jdk\bin\java.dll
Event: 0.018 Loaded shared library C:\Program Files\Processing\app\resources\jdk\bin\jsvml.dll
Event: 0.088 Loaded shared library C:\Program Files\Processing\app\resources\jdk\bin\net.dll
Event: 0.089 Loaded shared library C:\Program Files\Processing\app\resources\jdk\bin\nio.dll
Event: 0.091 Loaded shared library C:\Program Files\Processing\app\resources\jdk\bin\zip.dll
Event: 0.126 Loaded shared library C:\Program Files\Processing\app\resources\jdk\bin\jimage.dll
Event: 0.129 Loaded shared library C:\Program Files\Processing\app\resources\jdk\bin\awt.dll
Event: 0.388 Loaded shared library C:\Users\mihbo\AppData\Local\Temp\jogamp_0000\file_cache\jln16318545596731837874\jln16779084691757630901\natives\windows-amd64\gluegen_rt.dll
Event: 0.393 Loaded shared library C:\Program Files\Processing\app\resources\jdk\bin\jawt.dll
Event: 0.408 Loaded shared library C:\Users\mihbo\AppData\Local\Temp\jogamp_0000\file_cache\jln16318545596731837874\jln16779084691757630901\natives\windows-amd64\nativewindow_awt.dll
Event: 0.431 Loaded shared library C:\Users\mihbo\AppData\Local\Temp\jogamp_0000\file_cache\jln16318545596731837874\jln16779084691757630901\natives\windows-amd64\nativewindow_win32.dll
Event: 0.523 Loaded shared library C:\Users\mihbo\AppData\Local\Temp\jogamp_0000\file_cache\jln16318545596731837874\jln16779084691757630901\natives\windows-amd64\jogl_desktop.dll
Event: 0.965 Loaded shared library C:\Users\mihbo\AppData\Local\Temp\jogamp_0000\file_cache\jln16318545596731837874\jln16779084691757630901\natives\windows-amd64\jogl_mobile.dll
Event: 1.970 Loaded shared library C:\Users\mihbo\AppData\Local\Temp\jogamp_0000\file_cache\jln16318545596731837874\jln16779084691757630901\natives\windows-amd64\newt_head.dll
Event: 2.088 Loaded shared library C:\Program Files\Processing\app\resources\jdk\bin\jsound.dll
Event: 2.799 Loaded shared library C:\Users\mihbo\AppData\Local\Temp\jna-103894937\jna13714011660113480872.dll
Event: 5.402 Loaded shared library C:\Program Files\Processing\app\resources\jdk\bin\javajpeg.dll

Deoptimization events (20 events):
Event: 2407.966 Thread 0x000001b088311630 Uncommon trap: trap_request=0xffffff97 fr.pc=0x000001b0e9aa6854 relative=0x0000000000000954
Event: 2407.966 Thread 0x000001b088311630 Uncommon trap: reason=unhandled action=none pc=0x000001b0e9aa6854 method=jogamp.opengl.gl4.GL4bcImpl.getGL2()Lcom/jogamp/opengl/GL2; @ 17 c2
Event: 2407.966 Thread 0x000001b088311630 DEOPT PACKING pc=0x000001b0e9aa6854 sp=0x00000008152feda0
Event: 2407.966 Thread 0x000001b088311630 DEOPT UNPACKING pc=0x000001b0e91869a3 sp=0x00000008152fed10 mode 2
Event: 2407.992 Thread 0x000001b088311630 Uncommon trap: trap_request=0xffffff97 fr.pc=0x000001b0e9aa6854 relative=0x0000000000000954
Event: 2407.992 Thread 0x000001b088311630 Uncommon trap: reason=unhandled action=none pc=0x000001b0e9aa6854 method=jogamp.opengl.gl4.GL4bcImpl.getGL2()Lcom/jogamp/opengl/GL2; @ 17 c2
Event: 2407.992 Thread 0x000001b088311630 DEOPT PACKING pc=0x000001b0e9aa6854 sp=0x00000008152feda0
Event: 2407.992 Thread 0x000001b088311630 DEOPT UNPACKING pc=0x000001b0e91869a3 sp=0x00000008152fed10 mode 2
Event: 2407.992 Thread 0x000001b088311630 Uncommon trap: trap_request=0xffffff97 fr.pc=0x000001b0e9aa6854 relative=0x0000000000000954
Event: 2407.992 Thread 0x000001b088311630 Uncommon trap: reason=unhandled action=none pc=0x000001b0e9aa6854 method=jogamp.opengl.gl4.GL4bcImpl.getGL2()Lcom/jogamp/opengl/GL2; @ 17 c2
Event: 2407.992 Thread 0x000001b088311630 DEOPT PACKING pc=0x000001b0e9aa6854 sp=0x00000008152feda0
Event: 2407.992 Thread 0x000001b088311630 DEOPT UNPACKING pc=0x000001b0e91869a3 sp=0x00000008152fed10 mode 2
Event: 2408.015 Thread 0x000001b088311630 Uncommon trap: trap_request=0xffffff97 fr.pc=0x000001b0e9aa6854 relative=0x0000000000000954
Event: 2408.015 Thread 0x000001b088311630 Uncommon trap: reason=unhandled action=none pc=0x000001b0e9aa6854 method=jogamp.opengl.gl4.GL4bcImpl.getGL2()Lcom/jogamp/opengl/GL2; @ 17 c2
Event: 2408.015 Thread 0x000001b088311630 DEOPT PACKING pc=0x000001b0e9aa6854 sp=0x00000008152feda0
Event: 2408.015 Thread 0x000001b088311630 DEOPT UNPACKING pc=0x000001b0e91869a3 sp=0x00000008152fed10 mode 2
Event: 2408.015 Thread 0x000001b088311630 Uncommon trap: trap_request=0xffffff97 fr.pc=0x000001b0e9aa6854 relative=0x0000000000000954
Event: 2408.015 Thread 0x000001b088311630 Uncommon trap: reason=unhandled action=none pc=0x000001b0e9aa6854 method=jogamp.opengl.gl4.GL4bcImpl.getGL2()Lcom/jogamp/opengl/GL2; @ 17 c2
Event: 2408.015 Thread 0x000001b088311630 DEOPT PACKING pc=0x000001b0e9aa6854 sp=0x00000008152feda0
Event: 2408.015 Thread 0x000001b088311630 DEOPT UNPACKING pc=0x000001b0e91869a3 sp=0x00000008152fed10 mode 2

Classes unloaded (0 events):
No events

Classes redefined (0 events):
No events

Internal exceptions (20 events):
Event: 79.120 Thread 0x000001b0d736edf0 Implicit null exception at 0x000001b0e9b96d93 to 0x000001b0e9b97100
Event: 81.659 Thread 0x000001b0d736edf0 Implicit null exception at 0x000001b0e9ba5ec9 to 0x000001b0e9ba6be4
Event: 82.356 Thread 0x000001b0d736edf0 Implicit null exception at 0x000001b0e9bb3fe4 to 0x000001b0e9bb4768
Event: 82.421 Thread 0x000001b0d736edf0 Implicit null exception at 0x000001b0e9bb5029 to 0x000001b0e9bb575c
Event: 91.997 Thread 0x000001b0fd07d9b0 Implicit null exception at 0x000001b0e9b7e5a9 to 0x000001b0e9b7e7b0
Event: 93.704 Thread 0x000001b0d736edf0 Implicit null exception at 0x000001b0e9c1d422 to 0x000001b0e9c1d8dc
Event: 126.030 Thread 0x000001b0d736edf0 Implicit null exception at 0x000001b0e9c47be8 to 0x000001b0e9c4a890
Event: 127.431 Thread 0x000001b0d736edf0 Implicit null exception at 0x000001b0e9c4ed60 to 0x000001b0e9c52eb0
Event: 132.600 Thread 0x000001b0d736edf0 Implicit null exception at 0x000001b0e9c2cd32 to 0x000001b0e9c2e004
Event: 145.954 Thread 0x000001b12981f880 Implicit null exception at 0x000001b0e9c808fe to 0x000001b0e9c820f4
Event: 274.987 Thread 0x000001b088311630 Implicit null exception at 0x000001b0e9a2b4c3 to 0x000001b0e9a2b660
Event: 275.057 Thread 0x000001b088311630 Implicit null exception at 0x000001b0e99edd45 to 0x000001b0e99ef7f0
Event: 275.057 Thread 0x000001b088311630 Implicit null exception at 0x000001b0e9a17423 to 0x000001b0e9a18068
Event: 275.057 Thread 0x000001b088311630 Implicit null exception at 0x000001b0e9a191ca to 0x000001b0e9a1924c
Event: 275.058 Thread 0x000001b088311630 Implicit null exception at 0x000001b0e9b32231 to 0x000001b0e9b32f4c
Event: 275.058 Thread 0x000001b088311630 Implicit null exception at 0x000001b0e9c642df to 0x000001b0e9c65584
Event: 2113.453 Thread 0x000001b0d736d4a0 Implicit null exception at 0x000001b0e9d22b74 to 0x000001b0e9d23768
Event: 2113.458 Thread 0x000001b0d736d4a0 Exception <a 'java/lang/NoSuchMethodError'{0x000000061dc4a9e0}: 'java.lang.Object java.lang.invoke.DirectMethodHandle$Holder.invokeStatic(java.lang.Object, int, java.lang.Object)'> (0x000000061dc4a9e0) 
thrown [s\src\hotspot\share\interpreter\linkResolver.cpp, line 759]
Event: 2113.461 Thread 0x000001b0d736d4a0 Exception <a 'java/lang/ClassNotFoundException'{0x000000061dc62f18}: sun/util/logging/resources/spi/loggingProvider> (0x000000061dc62f18) 
thrown [s\src\hotspot\share\classfile\systemDictionary.cpp, line 256]
Event: 2113.462 Thread 0x000001b0d736d4a0 Implicit null exception at 0x000001b0e990aede to 0x000001b0e990b274

VM Operations (20 events):
Event: 2400.117 Executing VM operation: G1CollectForAllocation
Event: 2400.119 Executing VM operation: G1CollectForAllocation done
Event: 2401.126 Executing VM operation: G1CollectForAllocation
Event: 2401.128 Executing VM operation: G1CollectForAllocation done
Event: 2402.111 Executing VM operation: G1CollectForAllocation
Event: 2402.115 Executing VM operation: G1CollectForAllocation done
Event: 2403.117 Executing VM operation: G1CollectForAllocation
Event: 2403.119 Executing VM operation: G1CollectForAllocation done
Event: 2404.088 Executing VM operation: G1CollectForAllocation
Event: 2404.091 Executing VM operation: G1CollectForAllocation done
Event: 2405.053 Executing VM operation: G1CollectForAllocation
Event: 2405.054 Executing VM operation: G1CollectForAllocation done
Event: 2405.070 Executing VM operation: HandshakeAllThreads
Event: 2405.070 Executing VM operation: HandshakeAllThreads done
Event: 2406.002 Executing VM operation: G1CollectForAllocation
Event: 2406.004 Executing VM operation: G1CollectForAllocation done
Event: 2406.989 Executing VM operation: G1CollectForAllocation
Event: 2406.992 Executing VM operation: G1CollectForAllocation done
Event: 2407.966 Executing VM operation: G1CollectForAllocation
Event: 2407.969 Executing VM operation: G1CollectForAllocation done

Events (20 events):
Event: 2113.461 loading class java/util/logging/Level$RbAccess done
Event: 2113.461 loading class sun/util/logging/resources/logging
Event: 2113.461 loading class sun/util/logging/resources/logging done
Event: 2113.461 loading class sun/util/logging/resources/logging_en
Event: 2113.461 loading class sun/util/logging/resources/logging_en done
Event: 2113.461 loading class sun/util/logging/resources/logging_en
Event: 2113.461 loading class sun/util/logging/resources/logging_en done
Event: 2113.462 loading class sun/util/logging/resources/logging_en_US
Event: 2113.462 loading class sun/util/logging/resources/logging_en_US done
Event: 2113.462 loading class sun/util/logging/resources/logging_en_US
Event: 2113.462 loading class sun/util/logging/resources/logging_en_US done
Event: 2113.462 loading class java/util/Formatter$DateTime
Event: 2113.462 loading class java/util/Formatter$DateTime done
Event: 2113.462 loading class java/time/ZonedDateTime$1
Event: 2113.462 loading class java/time/ZonedDateTime$1 done
Event: 2119.516 Thread 0x000001b129824470 Thread exited: 0x000001b129824470
Event: 2265.942 Thread 0x000001b1298253a0 Thread added: 0x000001b1298253a0
Event: 2265.942 Thread 0x000001b1298253a0 Thread exited: 0x000001b1298253a0
Event: 2265.942 Thread 0x000001b1298253a0 Thread added: 0x000001b1298253a0
Event: 2291.857 Thread 0x000001b1298253a0 Thread exited: 0x000001b1298253a0


Dynamic libraries:
0x00007ff6c4210000 - 0x00007ff6c421e000 	C:\Program Files\Processing\app\resources\jdk\bin\java.exe
0x00007ff88e2e0000 - 0x00007ff88e547000 	C:\WINDOWS\SYSTEM32\ntdll.dll
0x00007ff85dc20000 - 0x00007ff85dc40000 	C:\Program Files\Norton\Suite\aswhook.dll
0x00007ff88cd40000 - 0x00007ff88ce09000 	C:\WINDOWS\System32\KERNEL32.DLL
0x00007ff88b6e0000 - 0x00007ff88bad1000 	C:\WINDOWS\System32\KERNELBASE.dll
0x00007ff88bd10000 - 0x00007ff88be5b000 	C:\WINDOWS\System32\ucrtbase.dll
0x00007ff8743a0000 - 0x00007ff8743b7000 	C:\Program Files\Processing\app\resources\jdk\bin\jli.dll
0x00007ff86df80000 - 0x00007ff86df99000 	C:\Program Files\Processing\app\resources\jdk\bin\VCRUNTIME140.dll
0x00007ff88dda0000 - 0x00007ff88df65000 	C:\WINDOWS\System32\USER32.dll
0x00007ff861390000 - 0x00007ff861623000 	C:\WINDOWS\WinSxS\amd64_microsoft.windows.common-controls_6595b64144ccf1df_6.0.26100.8037_none_3e092faae333b53b\COMCTL32.dll
0x00007ff88bae0000 - 0x00007ff88bb07000 	C:\WINDOWS\System32\win32u.dll
0x00007ff88d140000 - 0x00007ff88d1e9000 	C:\WINDOWS\System32\msvcrt.dll
0x00007ff88df70000 - 0x00007ff88df9b000 	C:\WINDOWS\System32\GDI32.dll
0x00007ff88ad40000 - 0x00007ff88ae6b000 	C:\WINDOWS\System32\gdi32full.dll
0x00007ff88be60000 - 0x00007ff88bf03000 	C:\WINDOWS\System32\msvcp_win.dll
0x00007ff88ce20000 - 0x00007ff88ce51000 	C:\WINDOWS\System32\IMM32.DLL
0x00007ff880e10000 - 0x00007ff880e1c000 	C:\Program Files\Processing\app\resources\jdk\bin\vcruntime140_1.dll
0x00007ff86de50000 - 0x00007ff86dee1000 	C:\Program Files\Processing\app\resources\jdk\bin\msvcp140.dll
0x00007ffffeb90000 - 0x00007fffff7dc000 	C:\Program Files\Processing\app\resources\jdk\bin\server\jvm.dll
0x00007ff88dce0000 - 0x00007ff88dd9b000 	C:\WINDOWS\System32\ADVAPI32.dll
0x00007ff88d9f0000 - 0x00007ff88da97000 	C:\WINDOWS\System32\sechost.dll
0x00007ff88d250000 - 0x00007ff88d368000 	C:\WINDOWS\System32\RPCRT4.dll
0x00007ff876700000 - 0x00007ff87670a000 	C:\WINDOWS\SYSTEM32\WSOCK32.dll
0x00007ff879760000 - 0x00007ff879795000 	C:\WINDOWS\SYSTEM32\WINMM.dll
0x00007ff88aa20000 - 0x00007ff88aa7e000 	C:\WINDOWS\SYSTEM32\POWRPROF.dll
0x00007ff87d060000 - 0x00007ff87d06b000 	C:\WINDOWS\SYSTEM32\VERSION.dll
0x00007ff88dc50000 - 0x00007ff88dcc4000 	C:\WINDOWS\System32\WS2_32.dll
0x00007ff88aa00000 - 0x00007ff88aa14000 	C:\WINDOWS\SYSTEM32\UMPDC.dll
0x00007ff889910000 - 0x00007ff88992b000 	C:\WINDOWS\SYSTEM32\kernel.appcore.dll
0x00007ff880de0000 - 0x00007ff880dea000 	C:\Program Files\Processing\app\resources\jdk\bin\jimage.dll
0x00007ff888a60000 - 0x00007ff888ca2000 	C:\WINDOWS\SYSTEM32\DBGHELP.DLL
0x00007ff88c810000 - 0x00007ff88cb92000 	C:\WINDOWS\System32\combase.dll
0x00007ff88d400000 - 0x00007ff88d4d7000 	C:\WINDOWS\System32\OLEAUT32.dll
0x00007ff87b900000 - 0x00007ff87b93b000 	C:\WINDOWS\SYSTEM32\dbgcore.DLL
0x00007ff88bc60000 - 0x00007ff88bd05000 	C:\WINDOWS\System32\bcryptPrimitives.dll
0x00007ff86df40000 - 0x00007ff86df7b000 	C:\Program Files\Processing\app\resources\jdk\bin\jdwp.dll
0x00007ff86dd80000 - 0x00007ff86dda5000 	C:\Program Files\Processing\app\resources\jdk\bin\java.dll
0x00007ff86cdc0000 - 0x00007ff86ce96000 	C:\Program Files\Processing\app\resources\jdk\bin\jsvml.dll
0x00007ff88c080000 - 0x00007ff88c7df000 	C:\WINDOWS\System32\SHELL32.dll
0x00007ff88bf10000 - 0x00007ff88c07a000 	C:\WINDOWS\System32\wintypes.dll
0x00007ff88ae70000 - 0x00007ff88b6d4000 	C:\WINDOWS\System32\windows.storage.dll
0x00007ff88e020000 - 0x00007ff88e117000 	C:\WINDOWS\System32\SHCORE.dll
0x00007ff88e1e0000 - 0x00007ff88e247000 	C:\WINDOWS\System32\shlwapi.dll
0x00007ff88aae0000 - 0x00007ff88ab09000 	C:\WINDOWS\SYSTEM32\profapi.dll
0x00007ff880d70000 - 0x00007ff880d7c000 	C:\Program Files\Processing\app\resources\jdk\bin\dt_socket.dll
0x00007ff889450000 - 0x00007ff889483000 	C:\WINDOWS\SYSTEM32\IPHLPAPI.DLL
0x00007ff889e60000 - 0x00007ff889ecb000 	C:\WINDOWS\system32\mswsock.dll
0x00007ff86de30000 - 0x00007ff86de49000 	C:\Program Files\Processing\app\resources\jdk\bin\net.dll
0x00007ff87de90000 - 0x00007ff87dfb7000 	C:\WINDOWS\SYSTEM32\WINHTTP.dll
0x00007ff86dd60000 - 0x00007ff86dd75000 	C:\Program Files\Processing\app\resources\jdk\bin\nio.dll
0x00007ff86dd40000 - 0x00007ff86dd58000 	C:\Program Files\Processing\app\resources\jdk\bin\zip.dll
0x00007ff86bd30000 - 0x00007ff86bebe000 	C:\Program Files\Processing\app\resources\jdk\bin\awt.dll
0x00007ff880e40000 - 0x00007ff880edf000 	C:\WINDOWS\SYSTEM32\apphelp.dll
0x00007ff881550000 - 0x00007ff8815fa000 	C:\WINDOWS\system32\uxtheme.dll
0x00007ff88cbd0000 - 0x00007ff88cd2d000 	C:\WINDOWS\System32\MSCTF.dll
0x00007ff88daa0000 - 0x00007ff88dc35000 	C:\WINDOWS\System32\ole32.dll
0x00007ff881840000 - 0x00007ff88186e000 	C:\WINDOWS\system32\DWMAPI.DLL
0x00007ff82ee50000 - 0x00007ff82ef5e000 	C:\WINDOWS\system32\opengl32.dll
0x00007ff83cc70000 - 0x00007ff83cc9d000 	C:\WINDOWS\SYSTEM32\GLU32.dll
0x00007ff881660000 - 0x00007ff8816a3000 	C:\WINDOWS\SYSTEM32\dxcore.dll
0x00007ff88a260000 - 0x00007ff88a27b000 	C:\WINDOWS\SYSTEM32\CRYPTSP.dll
0x00007ff889870000 - 0x00007ff8898a9000 	C:\WINDOWS\system32\rsaenh.dll
0x00007ff889f10000 - 0x00007ff889f42000 	C:\WINDOWS\SYSTEM32\USERENV.dll
0x00007ff88aab0000 - 0x00007ff88aada000 	C:\WINDOWS\SYSTEM32\bcrypt.dll
0x00007ff88a0c0000 - 0x00007ff88a0cc000 	C:\WINDOWS\SYSTEM32\CRYPTBASE.dll
0x00007ff88dcd0000 - 0x00007ff88dcda000 	C:\WINDOWS\System32\NSI.dll
0x00007ff87e870000 - 0x00007ff87e88d000 	C:\WINDOWS\SYSTEM32\dhcpcsvc6.DLL
0x00007ff87e660000 - 0x00007ff87e683000 	C:\WINDOWS\SYSTEM32\dhcpcsvc.DLL
0x00007ff889490000 - 0x00007ff8895ba000 	C:\WINDOWS\SYSTEM32\DNSAPI.dll
0x00007ff86d110000 - 0x00007ff86d123000 	C:\Users\mihbo\AppData\Local\Temp\jogamp_0000\file_cache\jln16318545596731837874\jln16779084691757630901\natives\windows-amd64\gluegen_rt.dll
0x00007ff87a7a0000 - 0x00007ff87a7a7000 	C:\Program Files\Processing\app\resources\jdk\bin\jawt.dll
0x00007ff86df30000 - 0x00007ff86df3d000 	C:\Users\mihbo\AppData\Local\Temp\jogamp_0000\file_cache\jln16318545596731837874\jln16779084691757630901\natives\windows-amd64\nativewindow_awt.dll
0x00007ff86d0f0000 - 0x00007ff86d105000 	C:\Users\mihbo\AppData\Local\Temp\jogamp_0000\file_cache\jln16318545596731837874\jln16779084691757630901\natives\windows-amd64\nativewindow_win32.dll
0x00007ff86bff0000 - 0x00007ff86c081000 	C:\Users\mihbo\AppData\Local\Temp\jogamp_0000\file_cache\jln16318545596731837874\jln16779084691757630901\natives\windows-amd64\jogl_desktop.dll
0x00007ff86d090000 - 0x00007ff86d0ef000 	C:\Users\mihbo\AppData\Local\Temp\jogamp_0000\file_cache\jln16318545596731837874\jln16779084691757630901\natives\windows-amd64\jogl_mobile.dll
0x00007ff87dd10000 - 0x00007ff87dd70000 	C:\WINDOWS\SYSTEM32\directxdatabasehelper.dll
0x00007ff88a7a0000 - 0x00007ff88a7f7000 	C:\WINDOWS\SYSTEM32\cfgmgr32.dll
0x00007ff876710000 - 0x00007ff87672a000 	C:\WINDOWS\SYSTEM32\windows.staterepositorycore.dll
0x00007ffff7070000 - 0x00007ffff863a000 	C:\WINDOWS\System32\DriverStore\FileRepository\iigd_dch.inf_amd64_b5fdf22acfaa3c6d\igxelpgicd64.dll
0x00007ff8816d0000 - 0x00007ff88180e000 	C:\WINDOWS\SYSTEM32\dxgi.dll
0x00007ff837a20000 - 0x00007ff837a43000 	C:\WINDOWS\SYSTEM32\d3d12.dll
0x00007ff86d5a0000 - 0x00007ff86d744000 	C:\WINDOWS\System32\DriverStore\FileRepository\iigd_dch.inf_amd64_b5fdf22acfaa3c6d\igdml64.dll
0x00007ff874430000 - 0x00007ff8749c1000 	C:\WINDOWS\System32\DriverStore\FileRepository\iigd_dch.inf_amd64_b5fdf22acfaa3c6d\igdgmm64.dll
0x00007fffed730000 - 0x00007fffeda88000 	C:\WINDOWS\SYSTEM32\D3D12Core.dll
0x00007ff87c1a0000 - 0x00007ff87c318000 	C:\WINDOWS\SYSTEM32\drvstore.dll
0x00007ff86f310000 - 0x00007ff874380000 	C:\WINDOWS\System32\DriverStore\FileRepository\iigd_dch.inf_amd64_b5fdf22acfaa3c6d\igc64.dll
0x00007fffe3b80000 - 0x00007fffe3c65000 	C:\WINDOWS\SYSTEM32\D3DSCache.dll
0x00007ff8803f0000 - 0x00007ff880610000 	C:\WINDOWS\SYSTEM32\dcomp.dll
0x00007ff87f070000 - 0x00007ff87f089000 	C:\WINDOWS\SYSTEM32\Microsoft.Internal.WarpPal.dll
0x00007ff88abc0000 - 0x00007ff88ad37000 	C:\WINDOWS\System32\CRYPT32.dll
0x00007ff88d4e0000 - 0x00007ff88d967000 	C:\WINDOWS\System32\SETUPAPI.dll
0x00007ff86cd70000 - 0x00007ff86cd89000 	C:\Users\mihbo\AppData\Local\Temp\jogamp_0000\file_cache\jln16318545596731837874\jln16779084691757630901\natives\windows-amd64\newt_head.dll
0x00007ff87e0a0000 - 0x00007ff87e15f000 	C:\WINDOWS\SYSTEM32\mscms.dll
0x00007ff808c90000 - 0x00007ff808cd9000 	C:\WINDOWS\SYSTEM32\icm32.dll
0x00007ff88a770000 - 0x00007ff88a79d000 	C:\WINDOWS\SYSTEM32\DEVOBJ.dll
0x00007ff88bbd0000 - 0x00007ff88bc51000 	C:\WINDOWS\System32\WINTRUST.dll
0x00007ff88a2c0000 - 0x00007ff88a2d3000 	C:\WINDOWS\SYSTEM32\MSASN1.dll
0x00007ff8797a0000 - 0x00007ff8798e8000 	C:\WINDOWS\SYSTEM32\textinputframework.dll
0x00007ff880a60000 - 0x00007ff880b87000 	C:\WINDOWS\SYSTEM32\CoreMessaging.dll
0x00007ff876c60000 - 0x00007ff876f42000 	C:\WINDOWS\SYSTEM32\CoreUIComponents.dll
0x00007ff86cda0000 - 0x00007ff86cdb1000 	C:\Program Files\Processing\app\resources\jdk\bin\jsound.dll
0x00007ff86bc90000 - 0x00007ff86bd24000 	C:\WINDOWS\SYSTEM32\DSOUND.dll
0x00007ff86cd30000 - 0x00007ff86cd67000 	C:\WINDOWS\SYSTEM32\winmmbase.dll
0x00007ff86b6f0000 - 0x00007ff86b7a1000 	C:\WINDOWS\SYSTEM32\ResampleDmo.DLL
0x00007ff856f60000 - 0x00007ff856f6e000 	C:\WINDOWS\SYSTEM32\msdmo.dll
0x00007ff87e2d0000 - 0x00007ff87e368000 	C:\WINDOWS\SYSTEM32\MMDevAPI.DLL
0x00007ff86b6a0000 - 0x00007ff86b6e7000 	C:\WINDOWS\SYSTEM32\wdmaud.drv
0x00007ff86bc60000 - 0x00007ff86bc83000 	C:\WINDOWS\SYSTEM32\wdmaud2.drv
0x00007ff87d190000 - 0x00007ff87d19b000 	C:\WINDOWS\SYSTEM32\AVRT.dll
0x00007ff8793b0000 - 0x00007ff879562000 	C:\WINDOWS\SYSTEM32\AUDIOSES.DLL
0x00007ff86b680000 - 0x00007ff86b68f000 	C:\WINDOWS\SYSTEM32\msacm32.drv
0x00007ff86b650000 - 0x00007ff86b671000 	C:\WINDOWS\SYSTEM32\MSACM32.dll
0x00007ff86d000000 - 0x00007ff86d00c000 	C:\WINDOWS\SYSTEM32\midimap.dll
0x00007ff88e120000 - 0x00007ff88e1ce000 	C:\WINDOWS\System32\clbcatq.dll
0x00007ff862aa0000 - 0x00007ff862bf6000 	C:\Windows\System32\Windows.UI.dll
0x00007ff888800000 - 0x00007ff888814000 	C:\WINDOWS\SYSTEM32\resourcepolicyclient.dll
0x00007ff86a410000 - 0x00007ff86a450000 	C:\Users\mihbo\AppData\Local\Temp\jna-103894937\jna13714011660113480872.dll
0x00007ff88cd30000 - 0x00007ff88cd38000 	C:\WINDOWS\System32\PSAPI.DLL
0x00007ffff0fe0000 - 0x00007ffff7065000 	C:\Users\mihbo\Documents\Processing\libraries\video\library\windows-amd64\avcodec-58.dll
0x00007ff86b630000 - 0x00007ff86b64b000 	C:\Users\mihbo\Documents\Processing\libraries\video\library\windows-amd64\z-1.dll
0x00007ff86a340000 - 0x00007ff86a406000 	C:\Users\mihbo\Documents\Processing\libraries\video\library\windows-amd64\swresample-3.dll
0x00007ff8233f0000 - 0x00007ff8239fa000 	C:\Users\mihbo\Documents\Processing\libraries\video\library\windows-amd64\avutil-56.dll
0x0000000064940000 - 0x00000000649c4000 	C:\Users\mihbo\Documents\Processing\libraries\video\library\windows-amd64\libwinpthread-1.dll
0x00007ff865b80000 - 0x00007ff865cd5000 	C:\Users\mihbo\Documents\Processing\libraries\video\library\windows-amd64\avfilter-7.dll
0x00007fffe1a20000 - 0x00007fffe3b75000 	C:\Users\mihbo\Documents\Processing\libraries\video\library\windows-amd64\avformat-58.dll
0x00007ff86a680000 - 0x00007ff86a697000 	C:\Users\mihbo\Documents\Processing\libraries\video\library\windows-amd64\bz2.dll
0x00007ff86a320000 - 0x00007ff86a33c000 	C:\Strawberry\c\bin\libbz2.dll
0x00007ff857700000 - 0x00007ff857827000 	C:\Users\mihbo\Documents\Processing\libraries\video\library\windows-amd64\cairo-2.dll

dbghelp: loaded successfully - version: 4.0.5 - missing functions: none
symbol engine: initialized successfully - sym options: 0x614 - pdb path: .;C:\Program Files\Processing\app\resources\jdk\bin;C:\WINDOWS\SYSTEM32;C:\Program Files\Norton\Suite;C:\WINDOWS\WinSxS\amd64_microsoft.windows.common-controls_6595b64144ccf1df_6.0.26100.8037_none_3e092faae333b53b;C:\Program Files\Processing\app\resources\jdk\bin\server;C:\Users\mihbo\AppData\Local\Temp\jogamp_0000\file_cache\jln16318545596731837874\jln16779084691757630901\natives\windows-amd64;C:\WINDOWS\System32\DriverStore\FileRepository\iigd_dch.inf_amd64_b5fdf22acfaa3c6d;C:\Users\mihbo\AppData\Local\Temp\jna-103894937;C:\Users\mihbo\Documents\Processing\libraries\video\library\windows-amd64;C:\Strawberry\c\bin;C:\Users\mihbo\Documents\Processing\libraries\video\library\windows-amd64\gstreamer-1.0;C:\WINDOWS\System32\DriverStore\FileRepository\nvlt.inf_amd64_ba6d793417648ee9;C:\Program Files\WindowsApps\Microsoft.HEVCVideoExtension_2.4.43.0_x64__8wekyb3d8bbwe\x64;C:\Program Files\WindowsApps\Microsoft.VP9VideoExtensions_1.2.12.0_x64__8wekyb3d8bbwe\x64

VM Arguments:
jvm_args: -agentlib:jdwp=transport=dt_socket,address=8737,server=y,suspend=y,quiet=y -Djna.nosys=true -Djava.library.path=;C:\Program Files\Processing\app\resources\core\library;C:\Users\mihbo\Documents\Processing\libraries\minim\library;C:\Users\mihbo\Documents\Processing\libraries\video\library\windows-amd64;C:\Users\mihbo\Documents\Processing\libraries\themidibus\library;C:\Program Files\Processing;C:\WINDOWS\system32;C:\WINDOWS;C:\Python313\Scripts;C:\Python313;C:\Program Files\NVIDIA GPU Computing Toolkit\CUDA\v12.6\bin;C:\Program Files\NVIDIA GPU Computing Toolkit\CUDA\v12.6\libnvvp;C:\Users\mihbo\gcc\bin;C:\Users\mihbo\gcc\libexec\gcc\x86_64-w64-mingw32\12.3.0;C:\WINDOWS\system32;C:\WINDOWS;C:\WINDOWS\System32\Wbem;C:\WINDOWS\System32\WindowsPowerShell\v1.0;C:\WINDOWS\System32\OpenSSH;C:\Program Files\dotnet;C:\ProgramData\chocolatey\bin;C:\Users\mihbo\AppData\Roaming\nvm;C:\Program Files\nodejs;C:\Program Files (x86)\Windows Kits\10\Windows Performance Toolkit;C:\Program Files\CMake\bin;C:\Program Files\Git\cmd;C:\Program Files\NVIDIA Corporation\Nsight Compute 2024.3.2;C:\Program Files (x86)\NVIDIA Corporation\PhysX\Common;C:\Program Files\MiKTeX\miktex\bin\x64;C:\Strawberry\c\bin;C:\Strawberry\perl\site\bin;C:\Strawberry\perl\bin;C:\Program Files\nodejs;C:\Users\mihbo\AppData\Local\Programs\Python\Launcher;C:\Users\mihbo\AppData\Local\Microsoft\WindowsApps;C:\Users\mihbo\AppData\Local\Programs\Microsoft VS Code\bin;C:\Users\mihbo\AppData\Local\GitHubDesktop\bin;C:\tools\ghc-9.8.2\bin;C:\tools\msys64;C:\Users\mihbo\AppData\Local\Muse Hub\lib;C:\Users\mihbo\AppData\Roaming\nvm;C:\Program Files\nodejs;C:\Users\mihbo\AppData\Local\Microsoft\WinGet\Links;C:\Program Files\Git\bin;C:\Program Files\Git;C:\Users\mihbo\AppData\Local\Pandoc;C:\Users\mihbo\AppData\Roaming\npm;C:\Users\mihbo\AppData\Roaming\npm\node_modules;C:\Program Files\Processing;C:\Program Files\Processing\app;. -ea 
java_command: processing.core.PApplet --editor-location=-7,-7 --external --display=1 --sketch-path=C:\Users\mihbo\Documents\GitHub\eyesing\Code\eyesing eyesing
java_class_path (initial): C:\Users\mihbo\AppData\Local\Temp\processing\eyesing1960320706297579667temp;C:\Program Files\Processing\app\resources\core\library\annotations-13.0.jar;C:\Program Files\Processing\app\resources\core\library\antlr-2.7.7.jar;C:\Program Files\Processing\app\resources\core\library\core-4.5.2.jar;C:\Program Files\Processing\app\resources\core\library\gluegen-rt-2.6.0-natives-android-aarch64.jar;C:\Program Files\Processing\app\resources\core\library\gluegen-rt-2.6.0-natives-android-x86_64.jar;C:\Program Files\Processing\app\resources\core\library\gluegen-rt-2.6.0-natives-freebsd-amd64.jar;C:\Program Files\Processing\app\resources\core\library\gluegen-rt-2.6.0-natives-linux-aarch64.jar;C:\Program Files\Processing\app\resources\core\library\gluegen-rt-2.6.0-natives-linux-amd64.jar;C:\Program Files\Processing\app\resources\core\library\gluegen-rt-2.6.0-natives-linux-armv6hf.jar;C:\Program Files\Processing\app\resources\core\library\gluegen-rt-2.6.0-natives-macosx-universal.jar;C:\Program Files\Processing\app\resources\core\library\gluegen-rt-2.6.0-natives-windows-amd64.jar;C:\Program Files\Processing\app\resources\core\library\gluegen-rt-2.6.0.jar;C:\Program Files\Processing\app\resources\core\library\gluegen-rt-main-2.6.0.jar;C:\Program Files\Processing\app\resources\core\library\jogl-all-2.6.0-natives-android-aarch64.jar;C:\Program Files\Processing\app\resources\core\library\jogl-all-2.6.0-natives-android-x86_64.jar;C:\Program Files\Processing\app\resources\core\library\jogl-all-2.6.0-natives-freebsd-amd64.jar;C:\Program Files\Processing\app\resources\core\library\jogl-all-2.6.0-natives-linux-aarch64.jar;C:\Program Files\Processing\app\resources\core\library\jogl-all-2.6.0-natives-linux-amd64.jar;C:\Program Files\Processing\app\resources\core\library\jogl-all-2.6.0-natives-linux-armv6hf.jar;C:\Program Files\Processing\app\resources\core\library\jogl-all-2.6.0-natives-macosx-universal.jar;C:\Program Files\Processing\app\resources\core\library\jo
Launcher Type: SUN_STANDARD

[Global flags]
     intx CICompilerCount                          = 12                                        {product} {ergonomic}
     uint ConcGCThreads                            = 4                                         {product} {ergonomic}
     uint G1ConcRefinementThreads                  = 16                                        {product} {ergonomic}
   size_t G1HeapRegionSize                         = 4194304                                   {product} {ergonomic}
    uintx GCDrainStackTargetSize                   = 64                                        {product} {ergonomic}
   size_t InitialHeapSize                          = 532676608                                 {product} {ergonomic}
   size_t MarkStackSize                            = 4194304                                   {product} {ergonomic}
   size_t MaxHeapSize                              = 8459911168                                {product} {ergonomic}
   size_t MaxNewSize                               = 5075107840                                {product} {ergonomic}
   size_t MinHeapDeltaBytes                        = 4194304                                   {product} {ergonomic}
   size_t MinHeapSize                              = 8388608                                   {product} {ergonomic}
    uintx NonNMethodCodeHeapSize                   = 7602480                                {pd product} {ergonomic}
    uintx NonProfiledCodeHeapSize                  = 122027880                              {pd product} {ergonomic}
    uintx ProfiledCodeHeapSize                     = 122027880                              {pd product} {ergonomic}
    uintx ReservedCodeCacheSize                    = 251658240                              {pd product} {ergonomic}
     bool SegmentedCodeCache                       = true                                      {product} {ergonomic}
   size_t SoftMaxHeapSize                          = 8459911168                             {manageable} {ergonomic}
     bool UseCompressedClassPointers               = true                           {product lp64_product} {ergonomic}
     bool UseCompressedOops                        = true                           {product lp64_product} {ergonomic}
     bool UseG1GC                                  = true                                      {product} {ergonomic}
     bool UseLargePagesIndividualAllocation        = false                                  {pd product} {ergonomic}

Logging:
Log output configuration:
 #0: stdout all=warning uptime,level,tags
 #1: stderr all=off uptime,level,tags

Environment Variables:
PATH=C:\Python313\Scripts\;C:\Python313\;C:\Program Files\NVIDIA GPU Computing Toolkit\CUDA\v12.6\bin;C:\Program Files\NVIDIA GPU Computing Toolkit\CUDA\v12.6\libnvvp;C:\Users\mihbo\gcc\bin;C:\Users\mihbo\gcc\libexec\gcc\x86_64-w64-mingw32\12.3.0;C:\WINDOWS\system32;C:\WINDOWS;C:\WINDOWS\System32\Wbem;C:\WINDOWS\System32\WindowsPowerShell\v1.0\;C:\WINDOWS\System32\OpenSSH\;C:\Program Files\dotnet\;C:\ProgramData\chocolatey\bin;C:\Users\mihbo\AppData\Roaming\nvm;C:\Program Files\nodejs;C:\Program Files (x86)\Windows Kits\10\Windows Performance Toolkit\;C:\Program Files\CMake\bin;C:\Program Files\Git\cmd;C:\Program Files\NVIDIA Corporation\Nsight Compute 2024.3.2\;C:\Program Files (x86)\NVIDIA Corporation\PhysX\Common;C:\Program Files\MiKTeX\miktex\bin\x64\;C:\Strawberry\c\bin;C:\Strawberry\perl\site\bin;C:\Strawberry\perl\bin;C:\Program Files\nodejs\;C:\Users\mihbo\AppData\Local\Programs\Python\Launcher\;C:\Users\mihbo\AppData\Local\Microsoft\WindowsApps;C:\Users\mihbo\AppData\Local\Programs\Microsoft VS Code\bin;C:\Users\mihbo\AppData\Local\GitHubDesktop\bin;C:\Users\mihbo\AppData\Roaming\cabal\bin;C:\tools\ghc-9.8.2\bin;C:\tools\msys64;C:\Users\mihbo\AppData\Local\Muse Hub\lib;C:\Users\mihbo\AppData\Roaming\nvm;C:\Program Files\nodejs;C:\Users\mihbo\AppData\Local\Microsoft\WinGet\Links;C:\Program Files\Git\bin;C:\Program Files\Git;C:\Users\mihbo\AppData\Local\Pandoc\;C:\Users\mihbo\AppData\Roaming\npm;C:\Users\mihbo\AppData\Roaming\npm\node_modules;C:\Program Files\Processing\;C:\Program Files\Processing\app
USERNAME=mihbo
OS=Windows_NT
PROCESSOR_IDENTIFIER=Intel64 Family 6 Model 170 Stepping 4, GenuineIntel
TMP=C:\Users\mihbo\AppData\Local\Temp
TEMP=C:\Users\mihbo\AppData\Local\Temp



---------------  S Y S T E M  ---------------

OS:
 Windows 11 , 64 bit Build 26100 (10.0.26100.7920)
OS uptime: 0 days 4:00 hours
Hyper-V role detected

CPU: total 22 (initial active 22) (11 cores per cpu, 2 threads per core) family 6 model 170 stepping 4 microcode 0x28, cx8, cmov, fxsr, ht, mmx, 3dnowpref, sse, sse2, sse3, ssse3, sse4.1, sse4.2, popcnt, lzcnt, tsc, tscinvbit, avx, avx2, aes, erms, clmul, bmi1, bmi2, adx, sha, fma, vzeroupper, clflush, clflushopt, clwb, hv
Processor Information for processor 0
  Max Mhz: 1400, Current Mhz: 1400, Mhz Limit: 1400
Processor Information for processor 1
  Max Mhz: 1400, Current Mhz: 1400, Mhz Limit: 1400
Processor Information for processor 2
  Max Mhz: 900, Current Mhz: 900, Mhz Limit: 900
Processor Information for processor 3
  Max Mhz: 900, Current Mhz: 900, Mhz Limit: 900
Processor Information for processor 4
  Max Mhz: 900, Current Mhz: 900, Mhz Limit: 900
Processor Information for processor 5
  Max Mhz: 900, Current Mhz: 900, Mhz Limit: 900
Processor Information for processor 6
  Max Mhz: 900, Current Mhz: 900, Mhz Limit: 900
Processor Information for processor 7
  Max Mhz: 900, Current Mhz: 900, Mhz Limit: 900
Processor Information for processor 8
  Max Mhz: 900, Current Mhz: 900, Mhz Limit: 900
Processor Information for processor 9
  Max Mhz: 900, Current Mhz: 900, Mhz Limit: 900
Processor Information for processor 10
  Max Mhz: 1400, Current Mhz: 1400, Mhz Limit: 1400
Processor Information for processor 11
  Max Mhz: 1400, Current Mhz: 1400, Mhz Limit: 1400
Processor Information for processor 12
  Max Mhz: 1400, Current Mhz: 1400, Mhz Limit: 1400
Processor Information for processor 13
  Max Mhz: 1400, Current Mhz: 1400, Mhz Limit: 1400
Processor Information for processor 14
  Max Mhz: 1400, Current Mhz: 1400, Mhz Limit: 1400
Processor Information for processor 15
  Max Mhz: 1400, Current Mhz: 1400, Mhz Limit: 1400
Processor Information for processor 16
  Max Mhz: 1400, Current Mhz: 1400, Mhz Limit: 1400
Processor Information for processor 17
  Max Mhz: 1400, Current Mhz: 1400, Mhz Limit: 1400
Processor Information for processor 18
  Max Mhz: 1400, Current Mhz: 1400, Mhz Limit: 1400
Processor Information for processor 19
  Max Mhz: 1400, Current Mhz: 1400, Mhz Limit: 1400
Processor Information for processor 20
  Max Mhz: 700, Current Mhz: 700, Mhz Limit: 700
Processor Information for processor 21
  Max Mhz: 700, Current Mhz: 700, Mhz Limit: 700

Memory: 4k page, system-wide physical 32265M (18299M free)
TotalPageFile size 34313M (AvailPageFile size 19720M)
current process WorkingSet (physical memory assigned to process): 1920M, peak: 1973M
current process commit charge ("private bytes"): 1531M, peak: 1749M

vm_info: OpenJDK 64-Bit Server VM (17.0.8.1+1) for windows-amd64 JRE (17.0.8.1+1), built on Aug 23 2023 15:29:17 by "admin" with MS VC++ 16.7 (VS2019)

END.
