#
# A fatal error has been detected by the Java Runtime Environment:
#
#  EXCEPTION_ACCESS_VIOLATION (0xc0000005) at pc=0x000002a728728770, pid=6100, tid=17112
#
# JRE version: OpenJDK Runtime Environment Temurin-17.0.8.1+1 (17.0.8.1+1) (build 17.0.8.1+1)
# Java VM: OpenJDK 64-Bit Server VM Temurin-17.0.8.1+1 (17.0.8.1+1, mixed mode, sharing, tiered, compressed oops, compressed class ptrs, g1 gc, windows-amd64)
# Problematic frame:
# v  ~StubRoutines::jlong_disjoint_arraycopy
#
# No core dump will be written. Minidumps are not enabled by default on client versions of Windows
#
# If you would like to submit a bug report, please visit:
#   https://github.com/adoptium/adoptium-support/issues
#

---------------  S U M M A R Y ------------

Command Line: -agentlib:jdwp=transport=dt_socket,address=8874,server=y,suspend=y,quiet=y -Djna.nosys=true -Djava.library.path=;C:\Program Files\Processing\app\resources\core\library;C:\Users\mihbo\Documents\Processing\libraries\minim\library;C:\Users\mihbo\Documents\Processing\libraries\video\library\windows-amd64;C:\Users\mihbo\Documents\Processing\libraries\themidibus\library;C:\Program Files\Processing;C:\WINDOWS\system32;C:\WINDOWS;C:\Python313\Scripts;C:\Python313;C:\Program Files\NVIDIA GPU Computing Toolkit\CUDA\v12.6\bin;C:\Program Files\NVIDIA GPU Computing Toolkit\CUDA\v12.6\libnvvp;C:\Users\mihbo\gcc\bin;C:\Users\mihbo\gcc\libexec\gcc\x86_64-w64-mingw32\12.3.0;C:\WINDOWS\system32;C:\WINDOWS;C:\WINDOWS\System32\Wbem;C:\WINDOWS\System32\WindowsPowerShell\v1.0;C:\WINDOWS\System32\OpenSSH;C:\Program Files\dotnet;C:\ProgramData\chocolatey\bin;C:\Users\mihbo\AppData\Roaming\nvm;C:\Program Files\nodejs;C:\Program Files (x86)\Windows Kits\10\Windows Performance Toolkit;C:\Program Files\CMake\bin;C:\Program Files\Git\cmd;C:\Program Files\NVIDIA Corporation\Nsight Compute 2024.3.2;C:\Program Files (x86)\NVIDIA Corporation\PhysX\Common;C:\Program Files\MiKTeX\miktex\bin\x64;C:\Strawberry\c\bin;C:\Strawberry\perl\site\bin;C:\Strawberry\perl\bin;C:\Program Files\nodejs;C:\Users\mihbo\AppData\Local\Programs\Python\Launcher;C:\Users\mihbo\AppData\Local\Microsoft\WindowsApps;C:\Users\mihbo\AppData\Local\Programs\Microsoft VS Code\bin;C:\Users\mihbo\AppData\Local\GitHubDesktop\bin;C:\tools\ghc-9.8.2\bin;C:\tools\msys64;C:\Users\mihbo\AppData\Local\Muse Hub\lib;C:\Users\mihbo\AppData\Roaming\nvm;C:\Program Files\nodejs;C:\Users\mihbo\AppData\Local\Microsoft\WinGet\Links;C:\Program Files\Git\bin;C:\Program Files\Git;C:\Users\mihbo\AppData\Local\Pandoc;C:\Users\mihbo\AppData\Roaming\npm;C:\Users\mihbo\AppData\Roaming\npm\node_modules;C:\Program Files\Processing;C:\Program Files\Processing\app;. -ea processing.core.PApplet --editor-location=-7,-7 --external --display=1 --sketch-path=C:\Users\mihbo\Documents\GitHub\eyesing\Code\eyesing eyesing

Host: Intel(R) Core(TM) Ultra 7 155H, 22 cores, 31G,  Windows 11 , 64 bit Build 26100 (10.0.26100.7920)
Time: Sat Apr  4 23:33:37 2026 W. Europe Daylight Time elapsed time: 9139.783258 seconds (0d 2h 32m 19s)

---------------  T H R E A D  ---------------

Current thread (0x000002a78fdbaab0):  JavaThread "main-FPSAWTAnimator#00-Timer0" [_thread_in_Java, id=17112, stack(0x000000d876f00000,0x000000d877000000)]

Stack: [0x000000d876f00000,0x000000d877000000],  sp=0x000000d876ffebc0,  free space=1018k
Native frames: (J=compiled Java code, j=interpreted, Vv=VM code, C=native code)
C  0x000002a728728770


siginfo: EXCEPTION_ACCESS_VIOLATION (0xc0000005), reading address 0x000002a7ebb8a0d0


Register to memory mapping:

RIP=0x000002a728728770 is at begin+272 in a stub
StubRoutines::jlong_disjoint_arraycopy [0x000002a728728660, 0x000002a728728827] (455 bytes)
RAX=0x000002a7ec3730d0 is an unknown value
RBX={method} {0x000002a78a203660} 'invoke' '(Ljava/lang/Object;[Ljava/lang/Object;)Ljava/lang/Object;' in 'jdk/internal/reflect/GeneratedMethodAccessor12'
RCX=0x0000000612be9008 is pointing into object: [I 
{0x0000000612400000} - klass: {type array int}
 - length: 2073600
RDX=0xfffffffffff02e08 is an unknown value
RSP=0x000000d876ffebc0 is pointing into the stack for thread: 0x000002a78fdbaab0
RBP=0x000000d876ffebc0 is pointing into the stack for thread: 0x000002a78fdbaab0
RSI=0x0000000612400010 is pointing into object: [I 
{0x0000000612400000} - klass: {type array int}
 - length: 2073600
RDI=0x000002a7ec3730c8 is an unknown value
R8 =0x00000000000fd200 is an unknown value
R9 =0x000002a78fdbaab0 is a thread
R10=0x000002a728729ae0 is at begin+0 in a stub
StubRoutines::unsafe_arraycopy [0x000002a728729ae0, 0x000002a728729b1a] (58 bytes)
R11=0x0000000628a07118 is an oop: java.nio.DirectIntBufferU 
{0x0000000628a07118} - klass: 'java/nio/DirectIntBufferU'
 - ---- fields (total size 7 words):
 - private 'mark' 'I' @12  -1 (ffffffff)
 - 'address' 'J' @16  2920237539536 (ebb8a0d0 2a7)
 - private 'position' 'I' @24  0
 - private 'limit' 'I' @28  2073600 (1fa400)
 - private 'capacity' 'I' @32  2073600 (1fa400)
 - final 'segment' 'Ljdk/internal/access/foreign/MemorySegmentProxy;' @36  NULL (0)
 - final 'offset' 'I' @40  0
 - 'isReadOnly' 'Z' @44  false
 - final 'hb' '[I' @48  NULL (0)
 - private final 'att' 'Ljava/lang/Object;' @52  a 'java/nio/DirectByteBuffer'{0x0000000628a07078} (c5140e0f)
R12=0x0 is NULL
R13=0x00000000001fa400 points into unknown readable memory: 0x657479426b636f4c | 4c 6f 63 6b 42 79 74 65
R14=0x000000d876ffecd0 is pointing into the stack for thread: 0x000002a78fdbaab0
R15=0x000002a78fdbaab0 is a thread


Registers:
RAX=0x000002a7ec3730d0, RBX=0x000002a78a203658, RCX=0x0000000612be9008, RDX=0xfffffffffff02e08
RSP=0x000000d876ffebc0, RBP=0x000000d876ffebc0, RSI=0x0000000612400010, RDI=0x000002a7ec3730c8
R8 =0x00000000000fd200, R9 =0x000002a78fdbaab0, R10=0x000002a728729ae0, R11=0x0000000628a07118
R12=0x0000000000000000, R13=0x00000000001fa400, R14=0x000000d876ffecd0, R15=0x000002a78fdbaab0
RIP=0x000002a728728770, EFLAGS=0x0000000000010282

Top of Stack: (sp=0x000000d876ffebc0)
0x000000d876ffebc0:   0000000000000000 000002a72937ebdb
0x000000d876ffebd0:   0000000000000000 0000000000000000
0x000000d876ffebe0:   0000000000000000 0000000000000000
0x000000d876ffebf0:   0000000000000000 000002a717372aa0
0x000000d876ffec00:   000000061a406da0 0000000612400000
0x000000d876ffec10:   0000000628a070f8 000002a78fdbaab0
0x000000d876ffec20:   0000000612400000 000002a78fdbaab0
0x000000d876ffec30:   0000000000000100 0000000d00000000
0x000000d876ffec40:   0000000000000000 000002a7894f7170
0x000000d876ffec50:   0000020000000025 00007ff86df75e88
0x000000d876ffec60:   00003f74c2fcaa5b 00007ffff70687aa
0x000000d876ffec70:   000002a747006b18 000002a728e656fe
0x000000d876ffec80:   000000d876ffece0 000002a7473c1038
0x000000d876ffec90:   000000d876ffece0 000002a78a203c00
0x000000d876ffeca0:   00000000c2480000 000002a72937e594
0x000000d876ffecb0:   000000060aae6830 0000000628718278 

Instructions: (pc=0x000002a728728770)
0x000002a728728670:   41 52 41 53 48 83 ec 20 f7 c4 0f 00 00 00 0f 84
0x000002a728728680:   1a 00 00 00 48 83 ec 08 49 ba d0 ac c5 f6 ff 7f
0x000002a728728690:   00 00 41 ff d2 48 83 c4 08 e9 0d 00 00 00 49 ba
0x000002a7287286a0:   d0 ac c5 f6 ff 7f 00 00 41 ff d2 48 83 c4 20 41
0x000002a7287286b0:   5b 41 5a 41 59 41 58 59 5a 5e 5f 4c 8b f8 58 49
0x000002a7287286c0:   89 bf a8 04 00 00 49 89 b7 a0 04 00 00 48 8b f9
0x000002a7287286d0:   48 8b f2 49 8b d0 48 8d 7c d7 f8 48 8d 4c d6 f8
0x000002a7287286e0:   48 f7 da e9 a0 00 00 00 48 8b 44 d7 08 48 89 44
0x000002a7287286f0:   d1 08 48 ff c2 75 f1 50 57 56 52 51 41 50 41 51
0x000002a728728700:   41 52 41 53 48 83 ec 20 f7 c4 0f 00 00 00 0f 84
0x000002a728728710:   1a 00 00 00 48 83 ec 08 49 ba d0 ac c5 f6 ff 7f
0x000002a728728720:   00 00 41 ff d2 48 83 c4 08 e9 0d 00 00 00 49 ba
0x000002a728728730:   d0 ac c5 f6 ff 7f 00 00 41 ff d2 48 83 c4 20 41
0x000002a728728740:   5b 41 5a 41 59 41 58 59 5a 5e 5f 4c 8b f8 58 49
0x000002a728728750:   8b b7 a0 04 00 00 49 8b bf a8 04 00 00 4d 8b f9
0x000002a728728760:   48 33 c0 c5 f8 77 c9 c3 0f 1f 84 00 00 00 00 00
0x000002a728728770:   c5 fe 6f 44 d7 c8 c5 fe 7f 44 d1 c8 c5 fe 6f 4c
0x000002a728728780:   d7 e8 c5 fe 7f 4c d1 e8 48 83 c2 08 7e e2 48 83
0x000002a728728790:   ea 04 7f 10 c5 fe 6f 44 d7 e8 c5 fe 7f 44 d1 e8
0x000002a7287287a0:   48 83 c2 04 c5 fd ef c0 c5 f5 ef c9 48 83 ea 04
0x000002a7287287b0:   0f 8c 32 ff ff ff 50 57 56 52 51 41 50 41 51 41
0x000002a7287287c0:   52 41 53 48 83 ec 20 f7 c4 0f 00 00 00 0f 84 1a
0x000002a7287287d0:   00 00 00 48 83 ec 08 49 ba d0 ac c5 f6 ff 7f 00
0x000002a7287287e0:   00 41 ff d2 48 83 c4 08 e9 0d 00 00 00 49 ba d0
0x000002a7287287f0:   ac c5 f6 ff 7f 00 00 41 ff d2 48 83 c4 20 41 5b
0x000002a728728800:   41 5a 41 59 41 58 59 5a 5e 5f 4c 8b f8 58 49 8b
0x000002a728728810:   b7 a0 04 00 00 49 8b bf a8 04 00 00 4d 8b f9 c5
0x000002a728728820:   f8 77 48 33 c0 c9 c3 66 66 66 0f 1f 84 00 00 00
0x000002a728728830:   00 00 66 66 66 90 66 66 0f 1f 84 00 00 00 00 00
0x000002a728728840:   55 48 8b ec 48 3b d1 4a 8d 04 c1 0f 86 13 fe ff
0x000002a728728850:   ff 48 3b d0 0f 83 0a fe ff ff 4d 8b cf 50 57 56
0x000002a728728860:   52 51 41 50 41 51 41 52 41 53 48 83 ec 20 f7 c4 


Stack slot to memory mapping:
stack at sp + 0 slots: 0x0 is NULL
stack at sp + 1 slots: 0x000002a72937ebdb is at entry_point+379 in (nmethod*)0x000002a72937e890
stack at sp + 2 slots: 0x0 is NULL
stack at sp + 3 slots: 0x0 is NULL
stack at sp + 4 slots: 0x0 is NULL
stack at sp + 5 slots: 0x0 is NULL
stack at sp + 6 slots: 0x0 is NULL
stack at sp + 7 slots: 0x000002a717372aa0 points into unknown readable memory: 0x000002a7c2d9ffd0 | d0 ff d9 c2 a7 02 00 00

StubRoutines::jlong_disjoint_arraycopy [0x000002a728728660, 0x000002a728728827] (455 bytes)
[MachCode]
  0x000002a728728660: 5548 8bec | 4d8b cf50 | 5756 5251 | 4150 4151 | 4152 4153 | 4883 ec20 | f7c4 0f00 | 0000 0f84 
  0x000002a728728680: 1a00 0000 | 4883 ec08 | 49ba d0ac | c5f6 ff7f | 0000 41ff | d248 83c4 | 08e9 0d00 | 0000 49ba 
  0x000002a7287286a0: d0ac c5f6 | ff7f 0000 | 41ff d248 | 83c4 2041 | 5b41 5a41 | 5941 5859 | 5a5e 5f4c | 8bf8 5849 
  0x000002a7287286c0: 89bf a804 | 0000 4989 | b7a0 0400 | 0048 8bf9 | 488b f249 | 8bd0 488d | 7cd7 f848 | 8d4c d6f8 
  0x000002a7287286e0: 48f7 dae9 | a000 0000 | 488b 44d7 | 0848 8944 | d108 48ff | c275 f150 | 5756 5251 | 4150 4151 
  0x000002a728728700: 4152 4153 | 4883 ec20 | f7c4 0f00 | 0000 0f84 | 1a00 0000 | 4883 ec08 | 49ba d0ac | c5f6 ff7f 
  0x000002a728728720: 0000 41ff | d248 83c4 | 08e9 0d00 | 0000 49ba | d0ac c5f6 | ff7f 0000 | 41ff d248 | 83c4 2041 
  0x000002a728728740: 5b41 5a41 | 5941 5859 | 5a5e 5f4c | 8bf8 5849 | 8bb7 a004 | 0000 498b | bfa8 0400 | 004d 8bf9 
  0x000002a728728760: 4833 c0c5 | f877 c9c3 | 0f1f 8400 | 0000 0000 | c5fe 6f44 | d7c8 c5fe | 7f44 d1c8 | c5fe 6f4c 
  0x000002a728728780: d7e8 c5fe | 7f4c d1e8 | 4883 c208 | 7ee2 4883 | ea04 7f10 | c5fe 6f44 | d7e8 c5fe | 7f44 d1e8 
  0x000002a7287287a0: 4883 c204 | c5fd efc0 | c5f5 efc9 | 4883 ea04 | 0f8c 32ff | ffff 5057 | 5652 5141 | 5041 5141 
  0x000002a7287287c0: 5241 5348 | 83ec 20f7 | c40f 0000 | 000f 841a | 0000 0048 | 83ec 0849 | bad0 acc5 | f6ff 7f00 
  0x000002a7287287e0: 0041 ffd2 | 4883 c408 | e90d 0000 | 0049 bad0 | acc5 f6ff | 7f00 0041 | ffd2 4883 | c420 415b 
  0x000002a728728800: 415a 4159 | 4158 595a | 5e5f 4c8b | f858 498b | b7a0 0400 | 0049 8bbf | a804 0000 | 4d8b f9c5 
  0x000002a728728820: f877 4833 | 
[/MachCode]

---------------  P R O C E S S  ---------------

Threads class SMR info:
_java_thread_list=0x000002a7bf57ad90, length=36, elements={
0x000002a7880863b0, 0x000002a788086e80, 0x000002a7880a4880, 0x000002a7880a5150,
0x000002a7880a5a20, 0x000002a7880a62f0, 0x000002a7880aa3f0, 0x000002a7880b2d60,
0x000002a7880b8120, 0x000002a78826c600, 0x000002a78827ab00, 0x000002a78827b7f0,
0x000002a788291470, 0x000002a788298b60, 0x000002a788666ec0, 0x000002a78867c6b0,
0x000002a78f0327a0, 0x000002a78fdb8c50, 0x000002a78fdb8740, 0x000002a78fdba090,
0x000002a78fdbaab0, 0x000002a78fdba5a0, 0x000002a78fdb9160, 0x000002a78fdb9670,
0x000002a78fdb8230, 0x000002a78fdbafc0, 0x000002a7b178e8f0, 0x000002a7b178f820,
0x000002a7b178ded0, 0x000002a7b178d4b0, 0x000002a7b178c070, 0x000002a7b178fd30,
0x000002a7b178f310, 0x000002a7b1790750, 0x000002a7b178cfa0, 0x000002a7b1790c60
}

Java Threads: ( => current thread )
  0x000002a7880863b0 JavaThread "Reference Handler" daemon [_thread_blocked, id=22088, stack(0x000000d875600000,0x000000d875700000)]
  0x000002a788086e80 JavaThread "Finalizer" daemon [_thread_blocked, id=15720, stack(0x000000d875700000,0x000000d875800000)]
  0x000002a7880a4880 JavaThread "Signal Dispatcher" daemon [_thread_blocked, id=12864, stack(0x000000d875800000,0x000000d875900000)]
  0x000002a7880a5150 JavaThread "Attach Listener" daemon [_thread_blocked, id=14808, stack(0x000000d875900000,0x000000d875a00000)]
  0x000002a7880a5a20 JavaThread "Service Thread" daemon [_thread_blocked, id=23840, stack(0x000000d875a00000,0x000000d875b00000)]
  0x000002a7880a62f0 JavaThread "Monitor Deflation Thread" daemon [_thread_blocked, id=14496, stack(0x000000d875b00000,0x000000d875c00000)]
  0x000002a7880aa3f0 JavaThread "C2 CompilerThread0" daemon [_thread_in_native, id=15196, stack(0x000000d875c00000,0x000000d875d00000)]
  0x000002a7880b2d60 JavaThread "C1 CompilerThread0" daemon [_thread_blocked, id=18244, stack(0x000000d875d00000,0x000000d875e00000)]
  0x000002a7880b8120 JavaThread "Sweeper thread" daemon [_thread_blocked, id=10312, stack(0x000000d875e00000,0x000000d875f00000)]
  0x000002a78826c600 JavaThread "JDWP Transport Listener: dt_socket" daemon [_thread_blocked, id=11384, stack(0x000000d876100000,0x000000d876200000)]
  0x000002a78827ab00 JavaThread "JDWP Event Helper Thread" daemon [_thread_blocked, id=11916, stack(0x000000d876200000,0x000000d876300000)]
  0x000002a78827b7f0 JavaThread "JDWP Command Reader" daemon [_thread_in_native, id=11772, stack(0x000000d876300000,0x000000d876400000)]
  0x000002a788291470 JavaThread "Notification Thread" daemon [_thread_blocked, id=14180, stack(0x000000d876400000,0x000000d876500000)]
  0x000002a788298b60 JavaThread "Common-Cleaner" daemon [_thread_blocked, id=14632, stack(0x000000d876600000,0x000000d876700000)]
  0x000002a788666ec0 JavaThread "Java2D Disposer" daemon [_thread_blocked, id=11352, stack(0x000000d876800000,0x000000d876900000)]
  0x000002a78867c6b0 JavaThread "AWT-Windows" daemon [_thread_in_native, id=18956, stack(0x000000d876a00000,0x000000d876b00000)]
  0x000002a78f0327a0 JavaThread "main-SharedResourceRunner" daemon [_thread_blocked, id=20488, stack(0x000000d876c00000,0x000000d876d00000)]
  0x000002a78fdb8c50 JavaThread "main-Display-.windows_nil-1-EDT-1" daemon [_thread_blocked, id=12568, stack(0x000000d876900000,0x000000d876a00000)]
  0x000002a78fdb8740 JavaThread "HighResTimerThread" daemon [_thread_blocked, id=2424, stack(0x000000d876b00000,0x000000d876c00000)]
  0x000002a78fdba090 JavaThread "Thread-2" [_thread_blocked, id=21720, stack(0x000000d876e00000,0x000000d876f00000)]
=>0x000002a78fdbaab0 JavaThread "main-FPSAWTAnimator#00-Timer0" [_thread_in_Java, id=17112, stack(0x000000d876f00000,0x000000d877000000)]
  0x000002a78fdba5a0 JavaThread "DestroyJavaVM" [_thread_blocked, id=1976, stack(0x000000d874f00000,0x000000d875000000)]
  0x000002a78fdb9160 JavaThread "Java Sound MidiInDevice Thread" [_thread_in_native, id=24148, stack(0x000000d879900000,0x000000d879a00000)]
  0x000002a78fdb9670 JavaThread "Java Sound MidiInDevice Thread" [_thread_in_native, id=14840, stack(0x000000d879b00000,0x000000d879c00000)]
  0x000002a78fdb8230 JavaThread "Java Sound Event Dispatcher" daemon [_thread_blocked, id=22240, stack(0x000000d879c00000,0x000000d879d00000)]
  0x000002a78fdbafc0 JavaThread "Thread-5" [_thread_blocked, id=14260, stack(0x000000d87a200000,0x000000d87a300000)]
  0x000002a7b178e8f0 JavaThread "JNA Cleaner" daemon [_thread_blocked, id=5048, stack(0x000000d87a400000,0x000000d87a500000)]
  0x000002a7b178f820 JavaThread "NativeObject Reaper" daemon [_thread_blocked, id=16620, stack(0x000000d87aa00000,0x000000d87ab00000)]
  0x000002a7b178ded0 JavaThread "gstreamer service thread 1" daemon [_thread_blocked, id=17824, stack(0x000000d877100000,0x000000d877200000)]
  0x000002a7b178d4b0 JavaThread "GstBus" daemon [_thread_in_native, id=23796, stack(0x000000d87ae00000,0x000000d87af00000)]
  0x000002a7b178c070 JavaThread "GstBus" daemon [_thread_in_native, id=18040, stack(0x000000d87af00000,0x000000d87b000000)]
  0x000002a7b178fd30 JavaThread "GstBus" daemon [_thread_in_native, id=9496, stack(0x000000d87b000000,0x000000d87b100000)]
  0x000002a7b178f310 JavaThread "GstBus" daemon [_thread_in_native, id=6944, stack(0x000000d87c590000,0x000000d87c690000)]
  0x000002a7b1790750 JavaThread "GstBus" daemon [_thread_in_native, id=13616, stack(0x000000d87c890000,0x000000d87c990000)]
  0x000002a7b178cfa0 JavaThread "GstBus" daemon [_thread_in_native, id=3092, stack(0x000000d87c990000,0x000000d87ca90000)]
  0x000002a7b1790c60 JavaThread "GstBus" daemon [_thread_in_native, id=3564, stack(0x000000d874c00000,0x000000d874d00000)]

Other Threads:
  0x000002a743cee5e0 VMThread "VM Thread" [stack: 0x000000d875500000,0x000000d875600000] [id=5532]
  0x000002a719860670 WatcherThread [stack: 0x000000d876500000,0x000000d876600000] [id=18492]
  0x000002a719839cd0 GCTaskThread "GC Thread#0" [stack: 0x000000d875000000,0x000000d875100000] [id=18704]
  0x000002a7913f4340 GCTaskThread "GC Thread#1" [stack: 0x000000d878b00000,0x000000d878c00000] [id=22364]
  0x000002a7913f4600 GCTaskThread "GC Thread#2" [stack: 0x000000d878c00000,0x000000d878d00000] [id=9500]
  0x000002a7913f48c0 GCTaskThread "GC Thread#3" [stack: 0x000000d878d00000,0x000000d878e00000] [id=9516]
  0x000002a7913f4b80 GCTaskThread "GC Thread#4" [stack: 0x000000d878e00000,0x000000d878f00000] [id=2204]
  0x000002a7913f5a60 GCTaskThread "GC Thread#5" [stack: 0x000000d878f00000,0x000000d879000000] [id=22872]
  0x000002a7913f5d20 GCTaskThread "GC Thread#6" [stack: 0x000000d879000000,0x000000d879100000] [id=17572]
  0x000002a7913f5fe0 GCTaskThread "GC Thread#7" [stack: 0x000000d879100000,0x000000d879200000] [id=3408]
  0x000002a7913f62a0 GCTaskThread "GC Thread#8" [stack: 0x000000d879200000,0x000000d879300000] [id=17440]
  0x000002a7913f6560 GCTaskThread "GC Thread#9" [stack: 0x000000d879300000,0x000000d879400000] [id=5832]
  0x000002a7913f6820 GCTaskThread "GC Thread#10" [stack: 0x000000d879400000,0x000000d879500000] [id=16928]
  0x000002a7913f6ae0 GCTaskThread "GC Thread#11" [stack: 0x000000d879500000,0x000000d879600000] [id=5392]
  0x000002a79140c870 GCTaskThread "GC Thread#12" [stack: 0x000000d87a500000,0x000000d87a600000] [id=12188]
  0x000002a79140cb30 GCTaskThread "GC Thread#13" [stack: 0x000000d87a700000,0x000000d87a800000] [id=3720]
  0x000002a79140cdf0 GCTaskThread "GC Thread#14" [stack: 0x000000d87a800000,0x000000d87a900000] [id=8916]
  0x000002a79140d370 GCTaskThread "GC Thread#15" [stack: 0x000000d87a900000,0x000000d87aa00000] [id=9720]
  0x000002a743b30cd0 ConcurrentGCThread "G1 Main Marker" [stack: 0x000000d875100000,0x000000d875200000] [id=4896]
  0x000002a71984afd0 ConcurrentGCThread "G1 Conc#0" [stack: 0x000000d875200000,0x000000d875300000] [id=18184]
  0x000002a743c19040 ConcurrentGCThread "G1 Refine#0" [stack: 0x000000d875300000,0x000000d875400000] [id=16224]
  0x000002a743c1c740 ConcurrentGCThread "G1 Service" [stack: 0x000000d875400000,0x000000d875500000] [id=16452]

Threads with active compile tasks:
C2 CompilerThread0  9139876 4879       4       com.sun.jna.Function::invoke (548 bytes)

VM state: not at safepoint (normal execution)

VM Mutex/Monitor currently owned by a thread: None

Heap address: 0x0000000607c00000, size: 8068 MB, Compressed Oops mode: Zero based, Oop shift amount: 3

CDS archive(s) mapped at: [0x000002a747000000-0x000002a747bd0000-0x000002a747bd0000), size 12386304, SharedBaseAddress: 0x000002a747000000, ArchiveRelocationMode: 1.
Compressed class space mapped at: 0x000002a748000000-0x000002a788000000, reserved size: 1073741824
Narrow klass base: 0x000002a747000000, Narrow klass shift: 0, Narrow klass range: 0x100000000

GC Precious Log:
 CPUs: 22 total, 22 available
 Memory: 32265M
 Large Page Support: Disabled
 NUMA Support: Disabled
 Compressed Oops: Enabled (Zero based)
 Heap Region Size: 4M
 Heap Min Capacity: 8M
 Heap Initial Capacity: 508M
 Heap Max Capacity: 8068M
 Pre-touch: Disabled
 Parallel Workers: 16
 Concurrent Workers: 4
 Concurrent Refinement Workers: 16
 Periodic GC: Disabled

Heap:
 garbage-first heap   total 753664K, used 397578K [0x0000000607c00000, 0x0000000800000000)
  region size 4096K, 56 young (229376K), 1 survivors (4096K)
 Metaspace       used 19368K, committed 19584K, reserved 1114112K
  class space    used 1602K, committed 1728K, reserved 1048576K

Heap Regions: E=young(eden), S=young(survivor), O=old, HS=humongous(starts), HC=humongous(continues), CS=collection set, F=free, OA=open archive, CA=closed archive, TAMS=top-at-mark-start (previous, next)
|   0|0x0000000607c00000, 0x0000000608000000, 0x0000000608000000|100%|HS|  |TAMS 0x0000000607c00000, 0x0000000607c00000| Complete 
|   1|0x0000000608000000, 0x0000000608400000, 0x0000000608400000|100%|HC|  |TAMS 0x0000000608000000, 0x0000000608000000| Complete 
|   2|0x0000000608400000, 0x0000000608800000, 0x0000000608800000|100%|HS|  |TAMS 0x0000000608400000, 0x0000000608400000| Complete 
|   3|0x0000000608800000, 0x0000000608c00000, 0x0000000608c00000|100%|HC|  |TAMS 0x0000000608800000, 0x0000000608800000| Complete 
|   4|0x0000000608c00000, 0x0000000609000000, 0x0000000609000000|100%|HS|  |TAMS 0x0000000608c00000, 0x0000000608c00000| Complete 
|   5|0x0000000609000000, 0x0000000609400000, 0x0000000609400000|100%|HC|  |TAMS 0x0000000609000000, 0x0000000609000000| Complete 
|   6|0x0000000609400000, 0x0000000609800000, 0x0000000609800000|100%|HS|  |TAMS 0x0000000609400000, 0x0000000609400000| Complete 
|   7|0x0000000609800000, 0x0000000609c00000, 0x0000000609c00000|100%|HC|  |TAMS 0x0000000609800000, 0x0000000609800000| Complete 
|   8|0x0000000609c00000, 0x000000060a000000, 0x000000060a000000|100%|HC|  |TAMS 0x0000000609c00000, 0x0000000609c00000| Complete 
|   9|0x000000060a000000, 0x000000060a400000, 0x000000060a400000|100%| O|  |TAMS 0x000000060a000000, 0x000000060a000000| Untracked 
|  10|0x000000060a400000, 0x000000060a800000, 0x000000060a800000|100%| O|  |TAMS 0x000000060a400000, 0x000000060a400000| Untracked 
|  11|0x000000060a800000, 0x000000060ac00000, 0x000000060ac00000|100%| O|  |TAMS 0x000000060a800000, 0x000000060a800000| Untracked 
|  12|0x000000060ac00000, 0x000000060b000000, 0x000000060b000000|100%|HS|  |TAMS 0x000000060ac00000, 0x000000060ac00000| Complete 
|  13|0x000000060b000000, 0x000000060b400000, 0x000000060b400000|100%|HC|  |TAMS 0x000000060b000000, 0x000000060b000000| Complete 
|  14|0x000000060b400000, 0x000000060b789800, 0x000000060b800000| 88%| O|  |TAMS 0x000000060b400000, 0x000000060b400000| Untracked 
|  15|0x000000060b800000, 0x000000060b800000, 0x000000060bc00000|  0%| F|  |TAMS 0x000000060b800000, 0x000000060b800000| Untracked 
|  16|0x000000060bc00000, 0x000000060c000000, 0x000000060c000000|100%|HS|  |TAMS 0x000000060bc00000, 0x000000060bc00000| Complete 
|  17|0x000000060c000000, 0x000000060c400000, 0x000000060c400000|100%|HC|  |TAMS 0x000000060c000000, 0x000000060c000000| Complete 
|  18|0x000000060c400000, 0x000000060c800000, 0x000000060c800000|100%|HS|  |TAMS 0x000000060c400000, 0x000000060c400000| Complete 
|  19|0x000000060c800000, 0x000000060cc00000, 0x000000060cc00000|100%|HC|  |TAMS 0x000000060c800000, 0x000000060c800000| Complete 
|  20|0x000000060cc00000, 0x000000060d000000, 0x000000060d000000|100%|HS|  |TAMS 0x000000060cc00000, 0x000000060cc00000| Complete 
|  21|0x000000060d000000, 0x000000060d400000, 0x000000060d400000|100%|HC|  |TAMS 0x000000060d000000, 0x000000060d000000| Complete 
|  22|0x000000060d400000, 0x000000060d800000, 0x000000060d800000|100%|HS|  |TAMS 0x000000060d400000, 0x000000060d400000| Complete 
|  23|0x000000060d800000, 0x000000060dc00000, 0x000000060dc00000|100%|HC|  |TAMS 0x000000060d800000, 0x000000060d800000| Complete 
|  24|0x000000060dc00000, 0x000000060e000000, 0x000000060e000000|100%|HS|  |TAMS 0x000000060dc00000, 0x000000060dc00000| Complete 
|  25|0x000000060e000000, 0x000000060e400000, 0x000000060e400000|100%|HC|  |TAMS 0x000000060e000000, 0x000000060e000000| Complete 
|  26|0x000000060e400000, 0x000000060e800000, 0x000000060e800000|100%|HS|  |TAMS 0x000000060e400000, 0x000000060e400000| Complete 
|  27|0x000000060e800000, 0x000000060ec00000, 0x000000060ec00000|100%|HC|  |TAMS 0x000000060e800000, 0x000000060e800000| Complete 
|  28|0x000000060ec00000, 0x000000060f000000, 0x000000060f000000|100%|HS|  |TAMS 0x000000060ec00000, 0x000000060ec00000| Complete 
|  29|0x000000060f000000, 0x000000060f400000, 0x000000060f400000|100%|HC|  |TAMS 0x000000060f000000, 0x000000060f000000| Complete 
|  30|0x000000060f400000, 0x000000060f800000, 0x000000060f800000|100%|HS|  |TAMS 0x000000060f400000, 0x000000060f400000| Complete 
|  31|0x000000060f800000, 0x000000060fc00000, 0x000000060fc00000|100%|HC|  |TAMS 0x000000060f800000, 0x000000060f800000| Complete 
|  32|0x000000060fc00000, 0x0000000610000000, 0x0000000610000000|100%|HS|  |TAMS 0x000000060fc00000, 0x000000060fc00000| Complete 
|  33|0x0000000610000000, 0x0000000610400000, 0x0000000610400000|100%|HC|  |TAMS 0x0000000610000000, 0x0000000610000000| Complete 
|  34|0x0000000610400000, 0x0000000610800000, 0x0000000610800000|100%|HS|  |TAMS 0x0000000610400000, 0x0000000610400000| Complete 
|  35|0x0000000610800000, 0x0000000610c00000, 0x0000000610c00000|100%|HC|  |TAMS 0x0000000610800000, 0x0000000610800000| Complete 
|  36|0x0000000610c00000, 0x0000000611000000, 0x0000000611000000|100%|HS|  |TAMS 0x0000000610c00000, 0x0000000610c00000| Complete 
|  37|0x0000000611000000, 0x0000000611400000, 0x0000000611400000|100%|HC|  |TAMS 0x0000000611000000, 0x0000000611000000| Complete 
|  38|0x0000000611400000, 0x0000000611800000, 0x0000000611800000|100%|HS|  |TAMS 0x0000000611400000, 0x0000000611400000| Complete 
|  39|0x0000000611800000, 0x0000000611c00000, 0x0000000611c00000|100%|HC|  |TAMS 0x0000000611800000, 0x0000000611800000| Complete 
|  40|0x0000000611c00000, 0x0000000612000000, 0x0000000612000000|100%|HS|  |TAMS 0x0000000611c00000, 0x0000000611c00000| Complete 
|  41|0x0000000612000000, 0x0000000612400000, 0x0000000612400000|100%|HC|  |TAMS 0x0000000612000000, 0x0000000612000000| Complete 
|  42|0x0000000612400000, 0x0000000612800000, 0x0000000612800000|100%|HS|  |TAMS 0x0000000612400000, 0x0000000612400000| Complete 
|  43|0x0000000612800000, 0x0000000612c00000, 0x0000000612c00000|100%|HC|  |TAMS 0x0000000612800000, 0x0000000612800000| Complete 
|  44|0x0000000612c00000, 0x0000000612c00000, 0x0000000613000000|  0%| F|  |TAMS 0x0000000612c00000, 0x0000000612c00000| Untracked 
|  45|0x0000000613000000, 0x0000000613000000, 0x0000000613400000|  0%| F|  |TAMS 0x0000000613000000, 0x0000000613000000| Untracked 
|  46|0x0000000613400000, 0x0000000613400000, 0x0000000613800000|  0%| F|  |TAMS 0x0000000613400000, 0x0000000613400000| Untracked 
|  47|0x0000000613800000, 0x0000000613800000, 0x0000000613c00000|  0%| F|  |TAMS 0x0000000613800000, 0x0000000613800000| Untracked 
|  48|0x0000000613c00000, 0x0000000613c00000, 0x0000000614000000|  0%| F|  |TAMS 0x0000000613c00000, 0x0000000613c00000| Untracked 
|  49|0x0000000614000000, 0x0000000614000000, 0x0000000614400000|  0%| F|  |TAMS 0x0000000614000000, 0x0000000614000000| Untracked 
|  50|0x0000000614400000, 0x0000000614400000, 0x0000000614800000|  0%| F|  |TAMS 0x0000000614400000, 0x0000000614400000| Untracked 
|  51|0x0000000614800000, 0x0000000614800000, 0x0000000614c00000|  0%| F|  |TAMS 0x0000000614800000, 0x0000000614800000| Untracked 
|  52|0x0000000614c00000, 0x0000000614c00000, 0x0000000615000000|  0%| F|  |TAMS 0x0000000614c00000, 0x0000000614c00000| Untracked 
|  53|0x0000000615000000, 0x0000000615000000, 0x0000000615400000|  0%| F|  |TAMS 0x0000000615000000, 0x0000000615000000| Untracked 
|  54|0x0000000615400000, 0x0000000615400000, 0x0000000615800000|  0%| F|  |TAMS 0x0000000615400000, 0x0000000615400000| Untracked 
|  55|0x0000000615800000, 0x0000000615800000, 0x0000000615c00000|  0%| F|  |TAMS 0x0000000615800000, 0x0000000615800000| Untracked 
|  56|0x0000000615c00000, 0x0000000615c00000, 0x0000000616000000|  0%| F|  |TAMS 0x0000000615c00000, 0x0000000615c00000| Untracked 
|  57|0x0000000616000000, 0x0000000616000000, 0x0000000616400000|  0%| F|  |TAMS 0x0000000616000000, 0x0000000616000000| Untracked 
|  58|0x0000000616400000, 0x0000000616400000, 0x0000000616800000|  0%| F|  |TAMS 0x0000000616400000, 0x0000000616400000| Untracked 
|  59|0x0000000616800000, 0x0000000616800000, 0x0000000616c00000|  0%| F|  |TAMS 0x0000000616800000, 0x0000000616800000| Untracked 
|  60|0x0000000616c00000, 0x0000000616c00000, 0x0000000617000000|  0%| F|  |TAMS 0x0000000616c00000, 0x0000000616c00000| Untracked 
|  61|0x0000000617000000, 0x0000000617000000, 0x0000000617400000|  0%| F|  |TAMS 0x0000000617000000, 0x0000000617000000| Untracked 
|  62|0x0000000617400000, 0x0000000617400000, 0x0000000617800000|  0%| F|  |TAMS 0x0000000617400000, 0x0000000617400000| Untracked 
|  63|0x0000000617800000, 0x0000000617800000, 0x0000000617c00000|  0%| F|  |TAMS 0x0000000617800000, 0x0000000617800000| Untracked 
|  64|0x0000000617c00000, 0x0000000617c00000, 0x0000000618000000|  0%| F|  |TAMS 0x0000000617c00000, 0x0000000617c00000| Untracked 
|  65|0x0000000618000000, 0x0000000618000000, 0x0000000618400000|  0%| F|  |TAMS 0x0000000618000000, 0x0000000618000000| Untracked 
|  66|0x0000000618400000, 0x0000000618400000, 0x0000000618800000|  0%| F|  |TAMS 0x0000000618400000, 0x0000000618400000| Untracked 
|  67|0x0000000618800000, 0x0000000618800000, 0x0000000618c00000|  0%| F|  |TAMS 0x0000000618800000, 0x0000000618800000| Untracked 
|  68|0x0000000618c00000, 0x0000000618c00000, 0x0000000619000000|  0%| F|  |TAMS 0x0000000618c00000, 0x0000000618c00000| Untracked 
|  69|0x0000000619000000, 0x0000000619000000, 0x0000000619400000|  0%| F|  |TAMS 0x0000000619000000, 0x0000000619000000| Untracked 
|  70|0x0000000619400000, 0x0000000619400000, 0x0000000619800000|  0%| F|  |TAMS 0x0000000619400000, 0x0000000619400000| Untracked 
|  71|0x0000000619800000, 0x0000000619800000, 0x0000000619c00000|  0%| F|  |TAMS 0x0000000619800000, 0x0000000619800000| Untracked 
|  72|0x0000000619c00000, 0x0000000619c00000, 0x000000061a000000|  0%| F|  |TAMS 0x0000000619c00000, 0x0000000619c00000| Untracked 
|  73|0x000000061a000000, 0x000000061a000000, 0x000000061a400000|  0%| F|  |TAMS 0x000000061a000000, 0x000000061a000000| Untracked 
|  74|0x000000061a400000, 0x000000061a4b9050, 0x000000061a800000| 18%| S|CS|TAMS 0x000000061a400000, 0x000000061a400000| Complete 
|  75|0x000000061a800000, 0x000000061a800000, 0x000000061ac00000|  0%| F|  |TAMS 0x000000061a800000, 0x000000061a800000| Untracked 
|  76|0x000000061ac00000, 0x000000061ac00000, 0x000000061b000000|  0%| F|  |TAMS 0x000000061ac00000, 0x000000061ac00000| Untracked 
|  77|0x000000061b000000, 0x000000061b000000, 0x000000061b400000|  0%| F|  |TAMS 0x000000061b000000, 0x000000061b000000| Untracked 
|  78|0x000000061b400000, 0x000000061b400000, 0x000000061b800000|  0%| F|  |TAMS 0x000000061b400000, 0x000000061b400000| Untracked 
|  79|0x000000061b800000, 0x000000061b800000, 0x000000061bc00000|  0%| F|  |TAMS 0x000000061b800000, 0x000000061b800000| Untracked 
|  80|0x000000061bc00000, 0x000000061bc00000, 0x000000061c000000|  0%| F|  |TAMS 0x000000061bc00000, 0x000000061bc00000| Untracked 
|  81|0x000000061c000000, 0x000000061c000000, 0x000000061c400000|  0%| F|  |TAMS 0x000000061c000000, 0x000000061c000000| Untracked 
|  82|0x000000061c400000, 0x000000061c400000, 0x000000061c800000|  0%| F|  |TAMS 0x000000061c400000, 0x000000061c400000| Untracked 
|  83|0x000000061c800000, 0x000000061c800000, 0x000000061cc00000|  0%| F|  |TAMS 0x000000061c800000, 0x000000061c800000| Untracked 
|  84|0x000000061cc00000, 0x000000061cc00000, 0x000000061d000000|  0%| F|  |TAMS 0x000000061cc00000, 0x000000061cc00000| Untracked 
|  85|0x000000061d000000, 0x000000061d000000, 0x000000061d400000|  0%| F|  |TAMS 0x000000061d000000, 0x000000061d000000| Untracked 
|  86|0x000000061d400000, 0x000000061d400000, 0x000000061d800000|  0%| F|  |TAMS 0x000000061d400000, 0x000000061d400000| Untracked 
|  87|0x000000061d800000, 0x000000061d800000, 0x000000061dc00000|  0%| F|  |TAMS 0x000000061d800000, 0x000000061d800000| Untracked 
|  88|0x000000061dc00000, 0x000000061dc00000, 0x000000061e000000|  0%| F|  |TAMS 0x000000061dc00000, 0x000000061dc00000| Untracked 
|  89|0x000000061e000000, 0x000000061e000000, 0x000000061e400000|  0%| F|  |TAMS 0x000000061e000000, 0x000000061e000000| Untracked 
|  90|0x000000061e400000, 0x000000061e400000, 0x000000061e800000|  0%| F|  |TAMS 0x000000061e400000, 0x000000061e400000| Untracked 
|  91|0x000000061e800000, 0x000000061e800000, 0x000000061ec00000|  0%| F|  |TAMS 0x000000061e800000, 0x000000061e800000| Untracked 
|  92|0x000000061ec00000, 0x000000061ec00000, 0x000000061f000000|  0%| F|  |TAMS 0x000000061ec00000, 0x000000061ec00000| Untracked 
|  93|0x000000061f000000, 0x000000061f000000, 0x000000061f400000|  0%| F|  |TAMS 0x000000061f000000, 0x000000061f000000| Untracked 
|  94|0x000000061f400000, 0x000000061f400000, 0x000000061f800000|  0%| F|  |TAMS 0x000000061f400000, 0x000000061f400000| Untracked 
|  95|0x000000061f800000, 0x000000061f800000, 0x000000061fc00000|  0%| F|  |TAMS 0x000000061f800000, 0x000000061f800000| Untracked 
|  96|0x000000061fc00000, 0x000000061fc00000, 0x0000000620000000|  0%| F|  |TAMS 0x000000061fc00000, 0x000000061fc00000| Untracked 
|  97|0x0000000620000000, 0x0000000620000000, 0x0000000620400000|  0%| F|  |TAMS 0x0000000620000000, 0x0000000620000000| Untracked 
|  98|0x0000000620400000, 0x0000000620400000, 0x0000000620800000|  0%| F|  |TAMS 0x0000000620400000, 0x0000000620400000| Untracked 
|  99|0x0000000620800000, 0x0000000620800000, 0x0000000620c00000|  0%| F|  |TAMS 0x0000000620800000, 0x0000000620800000| Untracked 
| 100|0x0000000620c00000, 0x0000000620c00000, 0x0000000621000000|  0%| F|  |TAMS 0x0000000620c00000, 0x0000000620c00000| Untracked 
| 101|0x0000000621000000, 0x0000000621000000, 0x0000000621400000|  0%| F|  |TAMS 0x0000000621000000, 0x0000000621000000| Untracked 
| 102|0x0000000621400000, 0x0000000621400000, 0x0000000621800000|  0%| F|  |TAMS 0x0000000621400000, 0x0000000621400000| Untracked 
| 103|0x0000000621800000, 0x0000000621800000, 0x0000000621c00000|  0%| F|  |TAMS 0x0000000621800000, 0x0000000621800000| Untracked 
| 104|0x0000000621c00000, 0x0000000621c00000, 0x0000000622000000|  0%| F|  |TAMS 0x0000000621c00000, 0x0000000621c00000| Untracked 
| 105|0x0000000622000000, 0x0000000622000000, 0x0000000622400000|  0%| F|  |TAMS 0x0000000622000000, 0x0000000622000000| Untracked 
| 106|0x0000000622400000, 0x0000000622400000, 0x0000000622800000|  0%| F|  |TAMS 0x0000000622400000, 0x0000000622400000| Untracked 
| 107|0x0000000622800000, 0x0000000622800000, 0x0000000622c00000|  0%| F|  |TAMS 0x0000000622800000, 0x0000000622800000| Untracked 
| 108|0x0000000622c00000, 0x0000000622c00000, 0x0000000623000000|  0%| F|  |TAMS 0x0000000622c00000, 0x0000000622c00000| Untracked 
| 109|0x0000000623000000, 0x0000000623000000, 0x0000000623400000|  0%| F|  |TAMS 0x0000000623000000, 0x0000000623000000| Untracked 
| 110|0x0000000623400000, 0x0000000623400000, 0x0000000623800000|  0%| F|  |TAMS 0x0000000623400000, 0x0000000623400000| Untracked 
| 111|0x0000000623800000, 0x0000000623800000, 0x0000000623c00000|  0%| F|  |TAMS 0x0000000623800000, 0x0000000623800000| Untracked 
| 112|0x0000000623c00000, 0x0000000623c00000, 0x0000000624000000|  0%| F|  |TAMS 0x0000000623c00000, 0x0000000623c00000| Untracked 
| 113|0x0000000624000000, 0x0000000624000000, 0x0000000624400000|  0%| F|  |TAMS 0x0000000624000000, 0x0000000624000000| Untracked 
| 114|0x0000000624400000, 0x0000000624400000, 0x0000000624800000|  0%| F|  |TAMS 0x0000000624400000, 0x0000000624400000| Untracked 
| 115|0x0000000624800000, 0x0000000624800000, 0x0000000624c00000|  0%| F|  |TAMS 0x0000000624800000, 0x0000000624800000| Untracked 
| 116|0x0000000624c00000, 0x0000000624c00000, 0x0000000625000000|  0%| F|  |TAMS 0x0000000624c00000, 0x0000000624c00000| Untracked 
| 117|0x0000000625000000, 0x0000000625000000, 0x0000000625400000|  0%| F|  |TAMS 0x0000000625000000, 0x0000000625000000| Untracked 
| 118|0x0000000625400000, 0x0000000625400000, 0x0000000625800000|  0%| F|  |TAMS 0x0000000625400000, 0x0000000625400000| Untracked 
| 119|0x0000000625800000, 0x0000000625800000, 0x0000000625c00000|  0%| F|  |TAMS 0x0000000625800000, 0x0000000625800000| Untracked 
| 120|0x0000000625c00000, 0x0000000625c00000, 0x0000000626000000|  0%| F|  |TAMS 0x0000000625c00000, 0x0000000625c00000| Untracked 
| 121|0x0000000626000000, 0x0000000626000000, 0x0000000626400000|  0%| F|  |TAMS 0x0000000626000000, 0x0000000626000000| Untracked 
| 122|0x0000000626400000, 0x0000000626400000, 0x0000000626800000|  0%| F|  |TAMS 0x0000000626400000, 0x0000000626400000| Untracked 
| 123|0x0000000626800000, 0x0000000626800000, 0x0000000626c00000|  0%| F|  |TAMS 0x0000000626800000, 0x0000000626800000| Untracked 
| 124|0x0000000626c00000, 0x0000000626c00000, 0x0000000627000000|  0%| F|  |TAMS 0x0000000626c00000, 0x0000000626c00000| Untracked 
| 125|0x0000000627000000, 0x0000000627000000, 0x0000000627400000|  0%| F|  |TAMS 0x0000000627000000, 0x0000000627000000| Untracked 
| 126|0x0000000627400000, 0x0000000627400000, 0x0000000627800000|  0%| F|  |TAMS 0x0000000627400000, 0x0000000627400000| Untracked 
| 127|0x0000000627800000, 0x0000000627800000, 0x0000000627c00000|  0%| F|  |TAMS 0x0000000627800000, 0x0000000627800000| Untracked 
| 128|0x0000000627c00000, 0x0000000627c00000, 0x0000000628000000|  0%| F|  |TAMS 0x0000000627c00000, 0x0000000627c00000| Untracked 
| 129|0x0000000628000000, 0x000000062805d500, 0x0000000628400000|  9%| E|  |TAMS 0x0000000628000000, 0x0000000628000000| Complete 
| 130|0x0000000628400000, 0x0000000628800000, 0x0000000628800000|100%| E|CS|TAMS 0x0000000628400000, 0x0000000628400000| Complete 
| 131|0x0000000628800000, 0x0000000628c00000, 0x0000000628c00000|100%| E|CS|TAMS 0x0000000628800000, 0x0000000628800000| Complete 
| 132|0x0000000628c00000, 0x0000000629000000, 0x0000000629000000|100%| E|CS|TAMS 0x0000000628c00000, 0x0000000628c00000| Complete 
| 133|0x0000000629000000, 0x0000000629400000, 0x0000000629400000|100%| E|CS|TAMS 0x0000000629000000, 0x0000000629000000| Complete 
| 134|0x0000000629400000, 0x0000000629800000, 0x0000000629800000|100%| E|CS|TAMS 0x0000000629400000, 0x0000000629400000| Complete 
| 135|0x0000000629800000, 0x0000000629c00000, 0x0000000629c00000|100%| E|CS|TAMS 0x0000000629800000, 0x0000000629800000| Complete 
| 136|0x0000000629c00000, 0x000000062a000000, 0x000000062a000000|100%| E|CS|TAMS 0x0000000629c00000, 0x0000000629c00000| Complete 
| 137|0x000000062a000000, 0x000000062a400000, 0x000000062a400000|100%| E|CS|TAMS 0x000000062a000000, 0x000000062a000000| Complete 
| 138|0x000000062a400000, 0x000000062a800000, 0x000000062a800000|100%| E|CS|TAMS 0x000000062a400000, 0x000000062a400000| Complete 
| 139|0x000000062a800000, 0x000000062ac00000, 0x000000062ac00000|100%| E|CS|TAMS 0x000000062a800000, 0x000000062a800000| Complete 
| 140|0x000000062ac00000, 0x000000062b000000, 0x000000062b000000|100%| E|CS|TAMS 0x000000062ac00000, 0x000000062ac00000| Complete 
| 141|0x000000062b000000, 0x000000062b400000, 0x000000062b400000|100%| E|CS|TAMS 0x000000062b000000, 0x000000062b000000| Complete 
| 142|0x000000062b400000, 0x000000062b800000, 0x000000062b800000|100%| E|CS|TAMS 0x000000062b400000, 0x000000062b400000| Complete 
| 143|0x000000062b800000, 0x000000062bc00000, 0x000000062bc00000|100%| E|CS|TAMS 0x000000062b800000, 0x000000062b800000| Complete 
| 144|0x000000062bc00000, 0x000000062c000000, 0x000000062c000000|100%| E|CS|TAMS 0x000000062bc00000, 0x000000062bc00000| Complete 
| 145|0x000000062c000000, 0x000000062c400000, 0x000000062c400000|100%| E|CS|TAMS 0x000000062c000000, 0x000000062c000000| Complete 
| 146|0x000000062c400000, 0x000000062c800000, 0x000000062c800000|100%| E|CS|TAMS 0x000000062c400000, 0x000000062c400000| Complete 
| 147|0x000000062c800000, 0x000000062cc00000, 0x000000062cc00000|100%| E|CS|TAMS 0x000000062c800000, 0x000000062c800000| Complete 
| 148|0x000000062cc00000, 0x000000062d000000, 0x000000062d000000|100%| E|CS|TAMS 0x000000062cc00000, 0x000000062cc00000| Complete 
| 149|0x000000062d000000, 0x000000062d400000, 0x000000062d400000|100%| E|CS|TAMS 0x000000062d000000, 0x000000062d000000| Complete 
| 150|0x000000062d400000, 0x000000062d800000, 0x000000062d800000|100%| E|CS|TAMS 0x000000062d400000, 0x000000062d400000| Complete 
| 151|0x000000062d800000, 0x000000062dc00000, 0x000000062dc00000|100%| E|CS|TAMS 0x000000062d800000, 0x000000062d800000| Complete 
| 152|0x000000062dc00000, 0x000000062e000000, 0x000000062e000000|100%| E|CS|TAMS 0x000000062dc00000, 0x000000062dc00000| Complete 
| 153|0x000000062e000000, 0x000000062e400000, 0x000000062e400000|100%| E|CS|TAMS 0x000000062e000000, 0x000000062e000000| Complete 
| 154|0x000000062e400000, 0x000000062e800000, 0x000000062e800000|100%| E|CS|TAMS 0x000000062e400000, 0x000000062e400000| Complete 
| 155|0x000000062e800000, 0x000000062ec00000, 0x000000062ec00000|100%| E|CS|TAMS 0x000000062e800000, 0x000000062e800000| Complete 
| 156|0x000000062ec00000, 0x000000062f000000, 0x000000062f000000|100%| E|CS|TAMS 0x000000062ec00000, 0x000000062ec00000| Complete 
| 157|0x000000062f000000, 0x000000062f400000, 0x000000062f400000|100%| E|CS|TAMS 0x000000062f000000, 0x000000062f000000| Complete 
| 158|0x000000062f400000, 0x000000062f800000, 0x000000062f800000|100%| E|CS|TAMS 0x000000062f400000, 0x000000062f400000| Complete 
| 159|0x000000062f800000, 0x000000062fc00000, 0x000000062fc00000|100%| E|CS|TAMS 0x000000062f800000, 0x000000062f800000| Complete 
| 160|0x000000062fc00000, 0x0000000630000000, 0x0000000630000000|100%| E|CS|TAMS 0x000000062fc00000, 0x000000062fc00000| Complete 
| 161|0x0000000630000000, 0x0000000630400000, 0x0000000630400000|100%| E|CS|TAMS 0x0000000630000000, 0x0000000630000000| Complete 
| 162|0x0000000630400000, 0x0000000630800000, 0x0000000630800000|100%| E|CS|TAMS 0x0000000630400000, 0x0000000630400000| Complete 
| 163|0x0000000630800000, 0x0000000630c00000, 0x0000000630c00000|100%| E|CS|TAMS 0x0000000630800000, 0x0000000630800000| Complete 
| 164|0x0000000630c00000, 0x0000000631000000, 0x0000000631000000|100%| E|CS|TAMS 0x0000000630c00000, 0x0000000630c00000| Complete 
| 165|0x0000000631000000, 0x0000000631400000, 0x0000000631400000|100%| E|CS|TAMS 0x0000000631000000, 0x0000000631000000| Complete 
| 166|0x0000000631400000, 0x0000000631800000, 0x0000000631800000|100%| E|CS|TAMS 0x0000000631400000, 0x0000000631400000| Complete 
| 167|0x0000000631800000, 0x0000000631c00000, 0x0000000631c00000|100%| E|CS|TAMS 0x0000000631800000, 0x0000000631800000| Complete 
| 168|0x0000000631c00000, 0x0000000632000000, 0x0000000632000000|100%| E|CS|TAMS 0x0000000631c00000, 0x0000000631c00000| Complete 
| 169|0x0000000632000000, 0x0000000632400000, 0x0000000632400000|100%| E|CS|TAMS 0x0000000632000000, 0x0000000632000000| Complete 
| 170|0x0000000632400000, 0x0000000632800000, 0x0000000632800000|100%| E|CS|TAMS 0x0000000632400000, 0x0000000632400000| Complete 
| 171|0x0000000632800000, 0x0000000632c00000, 0x0000000632c00000|100%| E|CS|TAMS 0x0000000632800000, 0x0000000632800000| Complete 
| 172|0x0000000632c00000, 0x0000000633000000, 0x0000000633000000|100%| E|CS|TAMS 0x0000000632c00000, 0x0000000632c00000| Complete 
| 173|0x0000000633000000, 0x0000000633400000, 0x0000000633400000|100%| E|CS|TAMS 0x0000000633000000, 0x0000000633000000| Complete 
| 174|0x0000000633400000, 0x0000000633800000, 0x0000000633800000|100%| E|CS|TAMS 0x0000000633400000, 0x0000000633400000| Complete 
| 175|0x0000000633800000, 0x0000000633c00000, 0x0000000633c00000|100%| E|CS|TAMS 0x0000000633800000, 0x0000000633800000| Complete 
| 176|0x0000000633c00000, 0x0000000634000000, 0x0000000634000000|100%| E|CS|TAMS 0x0000000633c00000, 0x0000000633c00000| Complete 
| 177|0x0000000634000000, 0x0000000634400000, 0x0000000634400000|100%| E|CS|TAMS 0x0000000634000000, 0x0000000634000000| Complete 
| 178|0x0000000634400000, 0x0000000634800000, 0x0000000634800000|100%| E|CS|TAMS 0x0000000634400000, 0x0000000634400000| Complete 
| 179|0x0000000634800000, 0x0000000634c00000, 0x0000000634c00000|100%| E|CS|TAMS 0x0000000634800000, 0x0000000634800000| Complete 
| 180|0x0000000634c00000, 0x0000000635000000, 0x0000000635000000|100%| E|CS|TAMS 0x0000000634c00000, 0x0000000634c00000| Complete 
| 181|0x0000000635000000, 0x0000000635400000, 0x0000000635400000|100%| E|CS|TAMS 0x0000000635000000, 0x0000000635000000| Complete 
| 182|0x0000000635400000, 0x0000000635800000, 0x0000000635800000|100%| E|CS|TAMS 0x0000000635400000, 0x0000000635400000| Complete 
| 183|0x0000000635800000, 0x0000000635c00000, 0x0000000635c00000|100%| E|CS|TAMS 0x0000000635800000, 0x0000000635800000| Complete 

Card table byte_map: [0x000002a731e20000,0x000002a732df0000] _byte_map_base: 0x000002a72ede2000

Marking Bits (Prev, Next): (CMBitMap*) 0x000002a743b303d0, (CMBitMap*) 0x000002a743b30410
 Prev Bits: [0x000002a733dc0000, 0x000002a73bbd0000)
 Next Bits: [0x000002a73bbd0000, 0x000002a7439e0000)

Polling page: 0x000002a717320000

Metaspace:

Usage:
  Non-class:     17.35 MB used.
      Class:      1.57 MB used.
       Both:     18.91 MB used.

Virtual space:
  Non-class space:       64.00 MB reserved,      17.44 MB ( 27%) committed,  1 nodes.
      Class space:        1.00 GB reserved,       1.69 MB ( <1%) committed,  1 nodes.
             Both:        1.06 GB reserved,      19.12 MB (  2%) committed. 

Chunk freelists:
   Non-Class:  13.94 MB
       Class:  14.19 MB
        Both:  28.13 MB

MaxMetaspaceSize: unlimited
CompressedClassSpaceSize: 1.00 GB
Initial GC threshold: 21.00 MB
Current GC threshold: 21.00 MB
CDS: on
MetaspaceReclaimPolicy: balanced
 - commit_granule_bytes: 65536.
 - commit_granule_words: 8192.
 - virtual_space_node_default_size: 8388608.
 - enlarge_chunks_in_place: 1.
 - new_chunks_are_fully_committed: 0.
 - uncommit_free_chunks: 1.
 - use_allocation_guard: 0.
 - handle_deallocations: 1.


Internal statistics:

num_allocs_failed_limit: 0.
num_arena_births: 232.
num_arena_deaths: 0.
num_vsnodes_births: 2.
num_vsnodes_deaths: 0.
num_space_committed: 302.
num_space_uncommitted: 0.
num_chunks_returned_to_freelist: 0.
num_chunks_taken_from_freelist: 747.
num_chunk_merges: 0.
num_chunk_splits: 523.
num_chunks_enlarged: 374.
num_inconsistent_stats: 0.

CodeHeap 'non-profiled nmethods': size=119168Kb used=5149Kb max_used=5706Kb free=114018Kb
 bounds [0x000002a728e40000, 0x000002a7293e0000, 0x000002a7302a0000]
CodeHeap 'profiled nmethods': size=119104Kb used=5271Kb max_used=7593Kb free=113832Kb
 bounds [0x000002a7212a0000, 0x000002a721ab0000, 0x000002a7286f0000]
CodeHeap 'non-nmethods': size=7488Kb used=1675Kb max_used=3374Kb free=5812Kb
 bounds [0x000002a7286f0000, 0x000002a728ac0000, 0x000002a728e40000]
 total_blobs=4584 nmethods=3553 adapters=943
 compilation: enabled
              stopped_count=0, restarted_count=0
 full_count=0

Compilation events (20 events):
Event: 8813.941 Thread 0x000002a7880aa3f0 4869       4       java.util.concurrent.atomic.AtomicLong::addAndGet (14 bytes)
Event: 8813.941 Thread 0x000002a7880aa3f0 nmethod 4869 0x000002a72937c910 code [0x000002a72937ca80, 0x000002a72937cb18]
Event: 8817.537 Thread 0x000002a7880aa3f0 4870       4       org.freedesktop.gstreamer.MiniObject::<init> (37 bytes)
Event: 8817.545 Thread 0x000002a7880aa3f0 nmethod 4870 0x000002a72937b390 code [0x000002a72937b580, 0x000002a72937c268]
Event: 8836.774 Thread 0x000002a7880aa3f0 4871       4       processing.opengl.Texture::copyBufferFromSource (101 bytes)
Event: 8836.786 Thread 0x000002a7880aa3f0 nmethod 4871 0x000002a729379390 code [0x000002a729379580, 0x000002a72937abb8]
Event: 8958.937 Thread 0x000002a7880aa3f0 4872       4       java.util.concurrent.locks.AbstractQueuedSynchronizer::acquireInterruptibly (36 bytes)
Event: 8958.938 Thread 0x000002a7880aa3f0 nmethod 4872 0x000002a729378e90 code [0x000002a729379020, 0x000002a729379228]
Event: 9137.428 Thread 0x000002a7880b2d60 4873       3       com.sun.jna.Memory::share (17 bytes)
Event: 9137.428 Thread 0x000002a7880b2d60 nmethod 4873 0x000002a7212e4290 code [0x000002a7212e4440, 0x000002a7212e46d8]
Event: 9137.428 Thread 0x000002a7880b2d60 4874       3       com.sun.jna.Memory$SharedMemory::<init> (26 bytes)
Event: 9137.428 Thread 0x000002a7880b2d60 nmethod 4874 0x000002a721591e10 code [0x000002a721591fc0, 0x000002a721592298]
Event: 9137.428 Thread 0x000002a7880b2d60 4875       3       com.sun.jna.Memory::<init> (10 bytes)
Event: 9137.428 Thread 0x000002a7880b2d60 nmethod 4875 0x000002a7219d1110 code [0x000002a7219d12c0, 0x000002a7219d14b8]
Event: 9137.547 Thread 0x000002a7880b2d60 4876       1       processing.opengl.PGL::getCurrentContext (5 bytes)
Event: 9137.547 Thread 0x000002a7880b2d60 nmethod 4876 0x000002a729378b90 code [0x000002a729378d20, 0x000002a729378df8]
Event: 9139.777 Thread 0x000002a7880b2d60 4877       3       java.util.WeakHashMap::getTable (9 bytes)
Event: 9139.777 Thread 0x000002a7880b2d60 nmethod 4877 0x000002a7212e3f10 code [0x000002a7212e40a0, 0x000002a7212e41e8]
Event: 9139.779 Thread 0x000002a7880b2d60 4878       3       java.util.HashMap$KeySet::iterator (12 bytes)
Event: 9139.779 Thread 0x000002a7880b2d60 nmethod 4878 0x000002a7216a8090 code [0x000002a7216a8240, 0x000002a7216a84c8]

GC Heap History (20 events):
Event: 9108.209 GC heap before
{Heap before GC invocations=6318 (full 0):
 garbage-first heap   total 753664K, used 541443K [0x0000000607c00000, 0x0000000800000000)
  region size 4096K, 110 young (450560K), 1 survivors (4096K)
 Metaspace       used 19360K, committed 19584K, reserved 1114112K
  class space    used 1601K, committed 1728K, reserved 1048576K
}
Event: 9108.211 GC heap after
{Heap after GC invocations=6319 (full 0):
 garbage-first heap   total 753664K, used 94261K [0x0000000607c00000, 0x0000000800000000)
  region size 4096K, 1 young (4096K), 1 survivors (4096K)
 Metaspace       used 19360K, committed 19584K, reserved 1114112K
  class space    used 1601K, committed 1728K, reserved 1048576K
}
Event: 9111.661 GC heap before
{Heap before GC invocations=6319 (full 0):
 garbage-first heap   total 753664K, used 540725K [0x0000000607c00000, 0x0000000800000000)
  region size 4096K, 110 young (450560K), 1 survivors (4096K)
 Metaspace       used 19360K, committed 19584K, reserved 1114112K
  class space    used 1601K, committed 1728K, reserved 1048576K
}
Event: 9111.662 GC heap after
{Heap after GC invocations=6320 (full 0):
 garbage-first heap   total 753664K, used 94237K [0x0000000607c00000, 0x0000000800000000)
  region size 4096K, 1 young (4096K), 1 survivors (4096K)
 Metaspace       used 19360K, committed 19584K, reserved 1114112K
  class space    used 1601K, committed 1728K, reserved 1048576K
}
Event: 9114.976 GC heap before
{Heap before GC invocations=6320 (full 0):
 garbage-first heap   total 753664K, used 540701K [0x0000000607c00000, 0x0000000800000000)
  region size 4096K, 110 young (450560K), 1 survivors (4096K)
 Metaspace       used 19360K, committed 19584K, reserved 1114112K
  class space    used 1601K, committed 1728K, reserved 1048576K
}
Event: 9114.978 GC heap after
{Heap after GC invocations=6321 (full 0):
 garbage-first heap   total 753664K, used 94240K [0x0000000607c00000, 0x0000000800000000)
  region size 4096K, 1 young (4096K), 1 survivors (4096K)
 Metaspace       used 19360K, committed 19584K, reserved 1114112K
  class space    used 1601K, committed 1728K, reserved 1048576K
}
Event: 9118.227 GC heap before
{Heap before GC invocations=6321 (full 0):
 garbage-first heap   total 753664K, used 540704K [0x0000000607c00000, 0x0000000800000000)
  region size 4096K, 110 young (450560K), 1 survivors (4096K)
 Metaspace       used 19360K, committed 19584K, reserved 1114112K
  class space    used 1601K, committed 1728K, reserved 1048576K
}
Event: 9118.229 GC heap after
{Heap after GC invocations=6322 (full 0):
 garbage-first heap   total 753664K, used 94239K [0x0000000607c00000, 0x0000000800000000)
  region size 4096K, 1 young (4096K), 1 survivors (4096K)
 Metaspace       used 19360K, committed 19584K, reserved 1114112K
  class space    used 1601K, committed 1728K, reserved 1048576K
}
Event: 9121.689 GC heap before
{Heap before GC invocations=6322 (full 0):
 garbage-first heap   total 753664K, used 540703K [0x0000000607c00000, 0x0000000800000000)
  region size 4096K, 110 young (450560K), 1 survivors (4096K)
 Metaspace       used 19360K, committed 19584K, reserved 1114112K
  class space    used 1601K, committed 1728K, reserved 1048576K
}
Event: 9121.690 GC heap after
{Heap after GC invocations=6323 (full 0):
 garbage-first heap   total 753664K, used 94530K [0x0000000607c00000, 0x0000000800000000)
  region size 4096K, 1 young (4096K), 1 survivors (4096K)
 Metaspace       used 19360K, committed 19584K, reserved 1114112K
  class space    used 1601K, committed 1728K, reserved 1048576K
}
Event: 9124.922 GC heap before
{Heap before GC invocations=6323 (full 0):
 garbage-first heap   total 753664K, used 540994K [0x0000000607c00000, 0x0000000800000000)
  region size 4096K, 110 young (450560K), 1 survivors (4096K)
 Metaspace       used 19360K, committed 19584K, reserved 1114112K
  class space    used 1601K, committed 1728K, reserved 1048576K
}
Event: 9124.923 GC heap after
{Heap after GC invocations=6324 (full 0):
 garbage-first heap   total 753664K, used 94644K [0x0000000607c00000, 0x0000000800000000)
  region size 4096K, 1 young (4096K), 1 survivors (4096K)
 Metaspace       used 19360K, committed 19584K, reserved 1114112K
  class space    used 1601K, committed 1728K, reserved 1048576K
}
Event: 9127.919 GC heap before
{Heap before GC invocations=6324 (full 0):
 garbage-first heap   total 753664K, used 541108K [0x0000000607c00000, 0x0000000800000000)
  region size 4096K, 110 young (450560K), 1 survivors (4096K)
 Metaspace       used 19360K, committed 19584K, reserved 1114112K
  class space    used 1601K, committed 1728K, reserved 1048576K
}
Event: 9127.920 GC heap after
{Heap after GC invocations=6325 (full 0):
 garbage-first heap   total 753664K, used 94240K [0x0000000607c00000, 0x0000000800000000)
  region size 4096K, 1 young (4096K), 1 survivors (4096K)
 Metaspace       used 19360K, committed 19584K, reserved 1114112K
  class space    used 1601K, committed 1728K, reserved 1048576K
}
Event: 9131.077 GC heap before
{Heap before GC invocations=6325 (full 0):
 garbage-first heap   total 753664K, used 540704K [0x0000000607c00000, 0x0000000800000000)
  region size 4096K, 110 young (450560K), 1 survivors (4096K)
 Metaspace       used 19360K, committed 19584K, reserved 1114112K
  class space    used 1601K, committed 1728K, reserved 1048576K
}
Event: 9131.079 GC heap after
{Heap after GC invocations=6326 (full 0):
 garbage-first heap   total 753664K, used 94242K [0x0000000607c00000, 0x0000000800000000)
  region size 4096K, 1 young (4096K), 1 survivors (4096K)
 Metaspace       used 19360K, committed 19584K, reserved 1114112K
  class space    used 1601K, committed 1728K, reserved 1048576K
}
Event: 9134.456 GC heap before
{Heap before GC invocations=6326 (full 0):
 garbage-first heap   total 753664K, used 540706K [0x0000000607c00000, 0x0000000800000000)
  region size 4096K, 110 young (450560K), 1 survivors (4096K)
 Metaspace       used 19360K, committed 19584K, reserved 1114112K
  class space    used 1601K, committed 1728K, reserved 1048576K
}
Event: 9134.458 GC heap after
{Heap after GC invocations=6327 (full 0):
 garbage-first heap   total 753664K, used 94228K [0x0000000607c00000, 0x0000000800000000)
  region size 4096K, 1 young (4096K), 1 survivors (4096K)
 Metaspace       used 19360K, committed 19584K, reserved 1114112K
  class space    used 1601K, committed 1728K, reserved 1048576K
}
Event: 9137.743 GC heap before
{Heap before GC invocations=6327 (full 0):
 garbage-first heap   total 753664K, used 581652K [0x0000000607c00000, 0x0000000800000000)
  region size 4096K, 110 young (450560K), 1 survivors (4096K)
 Metaspace       used 19368K, committed 19584K, reserved 1114112K
  class space    used 1602K, committed 1728K, reserved 1048576K
}
Event: 9137.745 GC heap after
{Heap after GC invocations=6328 (full 0):
 garbage-first heap   total 753664K, used 110858K [0x0000000607c00000, 0x0000000800000000)
  region size 4096K, 1 young (4096K), 1 survivors (4096K)
 Metaspace       used 19368K, committed 19584K, reserved 1114112K
  class space    used 1602K, committed 1728K, reserved 1048576K
}

Dll operation events (17 events):
Event: 0.005 Loaded shared library C:\Program Files\Processing\app\resources\jdk\bin\java.dll
Event: 0.017 Loaded shared library C:\Program Files\Processing\app\resources\jdk\bin\jsvml.dll
Event: 0.088 Loaded shared library C:\Program Files\Processing\app\resources\jdk\bin\net.dll
Event: 0.088 Loaded shared library C:\Program Files\Processing\app\resources\jdk\bin\nio.dll
Event: 0.090 Loaded shared library C:\Program Files\Processing\app\resources\jdk\bin\zip.dll
Event: 0.130 Loaded shared library C:\Program Files\Processing\app\resources\jdk\bin\jimage.dll
Event: 0.133 Loaded shared library C:\Program Files\Processing\app\resources\jdk\bin\awt.dll
Event: 0.377 Loaded shared library C:\Users\mihbo\AppData\Local\Temp\jogamp_0000\file_cache\jln13823485839422786080\jln7536822997795501481\natives\windows-amd64\gluegen_rt.dll
Event: 0.383 Loaded shared library C:\Program Files\Processing\app\resources\jdk\bin\jawt.dll
Event: 0.398 Loaded shared library C:\Users\mihbo\AppData\Local\Temp\jogamp_0000\file_cache\jln13823485839422786080\jln7536822997795501481\natives\windows-amd64\nativewindow_awt.dll
Event: 0.422 Loaded shared library C:\Users\mihbo\AppData\Local\Temp\jogamp_0000\file_cache\jln13823485839422786080\jln7536822997795501481\natives\windows-amd64\nativewindow_win32.dll
Event: 0.511 Loaded shared library C:\Users\mihbo\AppData\Local\Temp\jogamp_0000\file_cache\jln13823485839422786080\jln7536822997795501481\natives\windows-amd64\jogl_desktop.dll
Event: 0.942 Loaded shared library C:\Users\mihbo\AppData\Local\Temp\jogamp_0000\file_cache\jln13823485839422786080\jln7536822997795501481\natives\windows-amd64\jogl_mobile.dll
Event: 1.935 Loaded shared library C:\Users\mihbo\AppData\Local\Temp\jogamp_0000\file_cache\jln13823485839422786080\jln7536822997795501481\natives\windows-amd64\newt_head.dll
Event: 2.046 Loaded shared library C:\Program Files\Processing\app\resources\jdk\bin\jsound.dll
Event: 2.785 Loaded shared library C:\Users\mihbo\AppData\Local\Temp\jna-103894937\jna8231969753616796583.dll
Event: 5.258 Loaded shared library C:\Program Files\Processing\app\resources\jdk\bin\javajpeg.dll

Deoptimization events (20 events):
Event: 9139.776 Thread 0x000002a78fdbaab0 Uncommon trap: trap_request=0xffffff97 fr.pc=0x000002a728f48e54 relative=0x0000000000000954
Event: 9139.776 Thread 0x000002a78fdbaab0 Uncommon trap: reason=unhandled action=none pc=0x000002a728f48e54 method=jogamp.opengl.gl4.GL4bcImpl.getGL2()Lcom/jogamp/opengl/GL2; @ 17 c2
Event: 9139.776 Thread 0x000002a78fdbaab0 DEOPT PACKING pc=0x000002a728f48e54 sp=0x000000d876ffefa0
Event: 9139.776 Thread 0x000002a78fdbaab0 DEOPT UNPACKING pc=0x000002a7287469a3 sp=0x000000d876ffef10 mode 2
Event: 9139.776 Thread 0x000002a78fdbaab0 Uncommon trap: trap_request=0xffffff97 fr.pc=0x000002a728f48e54 relative=0x0000000000000954
Event: 9139.776 Thread 0x000002a78fdbaab0 Uncommon trap: reason=unhandled action=none pc=0x000002a728f48e54 method=jogamp.opengl.gl4.GL4bcImpl.getGL2()Lcom/jogamp/opengl/GL2; @ 17 c2
Event: 9139.776 Thread 0x000002a78fdbaab0 DEOPT PACKING pc=0x000002a728f48e54 sp=0x000000d876ffefa0
Event: 9139.776 Thread 0x000002a78fdbaab0 DEOPT UNPACKING pc=0x000002a7287469a3 sp=0x000000d876ffef10 mode 2
Event: 9139.779 Thread 0x000002a78fdbaab0 Uncommon trap: trap_request=0xffffff45 fr.pc=0x000002a72907c9e0 relative=0x0000000000000c20
Event: 9139.779 Thread 0x000002a78fdbaab0 Uncommon trap: reason=unstable_if action=reinterpret pc=0x000002a72907c9e0 method=processing.core.PImage.loadPixels()V @ 4 c2
Event: 9139.779 Thread 0x000002a78fdbaab0 DEOPT PACKING pc=0x000002a72907c9e0 sp=0x000000d876ffedb0
Event: 9139.779 Thread 0x000002a78fdbaab0 DEOPT UNPACKING pc=0x000002a7287469a3 sp=0x000000d876ffed90 mode 2
Event: 9139.779 Thread 0x000002a78fdb9160 Uncommon trap: trap_request=0xffffffbe fr.pc=0x000002a7292e4794 relative=0x00000000000096b4
Event: 9139.779 Thread 0x000002a78fdb9160 Uncommon trap: reason=profile_predicate action=maybe_recompile pc=0x000002a7292e4794 method=com.sun.jna.Function.invoke(Ljava/lang/reflect/Method;[Ljava/lang/Class;Ljava/lang/Class;[Ljava/lang/Object;Ljava/util/Map;)Ljava/lang/Object; @ 129 c2
Event: 9139.779 Thread 0x000002a78fdb9160 DEOPT PACKING pc=0x000002a7292e4794 sp=0x000000d8799fe540
Event: 9139.779 Thread 0x000002a78fdb9160 DEOPT UNPACKING pc=0x000002a7287469a3 sp=0x000000d8799fe5d0 mode 2
Event: 9139.779 Thread 0x000002a78fdb9160 DEOPT PACKING pc=0x000002a72163cffc sp=0x000000d8799fe880
Event: 9139.779 Thread 0x000002a78fdb9160 DEOPT UNPACKING pc=0x000002a728747143 sp=0x000000d8799fdde8 mode 1
Event: 9139.779 Thread 0x000002a78fdb9160 DEOPT PACKING pc=0x000002a72163cffc sp=0x000000d8799fe880
Event: 9139.779 Thread 0x000002a78fdb9160 DEOPT UNPACKING pc=0x000002a728747143 sp=0x000000d8799fdde8 mode 1

Classes unloaded (0 events):
No events

Classes redefined (0 events):
No events

Internal exceptions (20 events):
Event: 410.351 Thread 0x000002a78fdbaab0 Implicit null exception at 0x000002a728fbeb4a to 0x000002a728fbebcc
Event: 410.352 Thread 0x000002a78fdbaab0 Implicit null exception at 0x000002a72909f731 to 0x000002a7290a044c
Event: 410.352 Thread 0x000002a78fdbaab0 Implicit null exception at 0x000002a72917b35f to 0x000002a72917c604
Event: 516.420 Thread 0x000002a7b1790750 Implicit null exception at 0x000002a7292ab9b6 to 0x000002a7292acbe0
Event: 810.829 Thread 0x000002a7b1790750 Implicit null exception at 0x000002a728fb5736 to 0x000002a728fb5950
Event: 970.079 Thread 0x000002a7b1790750 Implicit null exception at 0x000002a729135121 to 0x000002a7291362d0
Event: 1562.523 Thread 0x000002a7b1790750 Implicit null exception at 0x000002a728f081ed to 0x000002a728f0e118
Event: 1587.946 Thread 0x000002a7b1790750 Implicit null exception at 0x000002a72908a876 to 0x000002a7290908ec
Event: 8400.816 Thread 0x000002a78fdb9160 Implicit null exception at 0x000002a72916d9c1 to 0x000002a729172ecc
Event: 8400.817 Thread 0x000002a78fdb9160 Implicit null exception at 0x000002a7292796b1 to 0x000002a72927990c
Event: 8400.820 Thread 0x000002a78fdbaab0 Implicit null exception at 0x000002a72917f7ae to 0x000002a729180cc0
Event: 8400.820 Thread 0x000002a78fdb9160 Implicit null exception at 0x000002a7291cf21b to 0x000002a7291cf494
Event: 8401.020 Thread 0x000002a78fdbaab0 Implicit null exception at 0x000002a72913549a to 0x000002a7291364d8
Event: 8407.880 Thread 0x000002a78fdbaab0 Implicit null exception at 0x000002a7292758ca to 0x000002a729277140
Event: 8408.434 Thread 0x000002a788086e80 Implicit null exception at 0x000002a7290f51a9 to 0x000002a7290f53b0
Event: 8600.647 Thread 0x000002a7b178cfa0 Implicit null exception at 0x000002a728fc588d to 0x000002a728fc6638
Event: 8600.654 Thread 0x000002a7b178cfa0 Exception <a 'java/lang/NoSuchMethodError'{0x00000006216bb748}: 'java.lang.Object java.lang.invoke.DirectMethodHandle$Holder.invokeStatic(java.lang.Object, int, java.lang.Object)'> (0x00000006216bb748) 
thrown [s\src\hotspot\share\interpreter\linkResolver.cpp, line 759]
Event: 8600.659 Thread 0x000002a7b178cfa0 Exception <a 'java/lang/ClassNotFoundException'{0x00000006216d34e8}: sun/util/logging/resources/spi/loggingProvider> (0x00000006216d34e8) 
thrown [s\src\hotspot\share\classfile\systemDictionary.cpp, line 256]
Event: 8600.659 Thread 0x000002a7b178cfa0 Implicit null exception at 0x000002a728ec7d5f to 0x000002a728ec80f0
Event: 9139.779 Thread 0x000002a78fdbaab0 Implicit null exception at 0x000002a72907be67 to 0x000002a72907c9cc

VM Operations (20 events):
Event: 9114.976 Executing VM operation: G1CollectForAllocation
Event: 9114.978 Executing VM operation: G1CollectForAllocation done
Event: 9118.227 Executing VM operation: G1CollectForAllocation
Event: 9118.229 Executing VM operation: G1CollectForAllocation done
Event: 9121.689 Executing VM operation: G1CollectForAllocation
Event: 9121.690 Executing VM operation: G1CollectForAllocation done
Event: 9124.922 Executing VM operation: G1CollectForAllocation
Event: 9124.923 Executing VM operation: G1CollectForAllocation done
Event: 9127.918 Executing VM operation: G1CollectForAllocation
Event: 9127.920 Executing VM operation: G1CollectForAllocation done
Event: 9131.077 Executing VM operation: G1CollectForAllocation
Event: 9131.079 Executing VM operation: G1CollectForAllocation done
Event: 9134.456 Executing VM operation: G1CollectForAllocation
Event: 9134.458 Executing VM operation: G1CollectForAllocation done
Event: 9137.460 Executing VM operation: Cleanup
Event: 9137.460 Executing VM operation: Cleanup done
Event: 9137.743 Executing VM operation: G1CollectForAllocation
Event: 9137.745 Executing VM operation: G1CollectForAllocation done
Event: 9139.153 Executing VM operation: HandshakeAllThreads
Event: 9139.153 Executing VM operation: HandshakeAllThreads done

Events (20 events):
Event: 8600.659 loading class sun/util/logging/resources/logging_en done
Event: 8600.659 loading class sun/util/logging/resources/logging_en_US
Event: 8600.659 loading class sun/util/logging/resources/logging_en_US done
Event: 8600.659 loading class sun/util/logging/resources/logging_en_US
Event: 8600.659 loading class sun/util/logging/resources/logging_en_US done
Event: 8600.659 loading class java/util/Formatter$DateTime
Event: 8600.659 loading class java/util/Formatter$DateTime done
Event: 8600.660 loading class java/time/ZonedDateTime$1
Event: 8600.660 loading class java/time/ZonedDateTime$1 done
Event: 8698.056 Thread 0x000002a7b17934e0 Thread added: 0x000002a7b17934e0
Event: 8698.056 Thread 0x000002a7b17934e0 Thread exited: 0x000002a7b17934e0
Event: 8698.056 Thread 0x000002a7b1791170 Thread added: 0x000002a7b1791170
Event: 8743.476 Thread 0x000002a7b1791170 Thread exited: 0x000002a7b1791170
Event: 8813.332 Thread 0x000002a7b17920a0 Thread added: 0x000002a7b17920a0
Event: 8813.332 Thread 0x000002a7b17920a0 Thread exited: 0x000002a7b17920a0
Event: 8813.332 Thread 0x000002a7b1790c60 Thread added: 0x000002a7b1790c60
Event: 8828.834 Thread 0x000002a7b1790c60 Thread exited: 0x000002a7b1790c60
Event: 8923.354 Thread 0x000002a7b1790c60 Thread added: 0x000002a7b1790c60
Event: 8923.354 Thread 0x000002a7b1790c60 Thread exited: 0x000002a7b1790c60
Event: 8923.355 Thread 0x000002a7b1790c60 Thread added: 0x000002a7b1790c60


Dynamic libraries:
0x00007ff6c4210000 - 0x00007ff6c421e000 	C:\Program Files\Processing\app\resources\jdk\bin\java.exe
0x00007ff88e2e0000 - 0x00007ff88e547000 	C:\WINDOWS\SYSTEM32\ntdll.dll
0x00007ff85dc20000 - 0x00007ff85dc40000 	C:\Program Files\Norton\Suite\aswhook.dll
0x00007ff88cd40000 - 0x00007ff88ce09000 	C:\WINDOWS\System32\KERNEL32.DLL
0x00007ff88b6e0000 - 0x00007ff88bad1000 	C:\WINDOWS\System32\KERNELBASE.dll
0x00007ff88bd10000 - 0x00007ff88be5b000 	C:\WINDOWS\System32\ucrtbase.dll
0x00007ff880d80000 - 0x00007ff880d97000 	C:\Program Files\Processing\app\resources\jdk\bin\jli.dll
0x00007ff8743a0000 - 0x00007ff8743b9000 	C:\Program Files\Processing\app\resources\jdk\bin\VCRUNTIME140.dll
0x00007ff88dda0000 - 0x00007ff88df65000 	C:\WINDOWS\System32\USER32.dll
0x00007ff861390000 - 0x00007ff861623000 	C:\WINDOWS\WinSxS\amd64_microsoft.windows.common-controls_6595b64144ccf1df_6.0.26100.8037_none_3e092faae333b53b\COMCTL32.dll
0x00007ff88bae0000 - 0x00007ff88bb07000 	C:\WINDOWS\System32\win32u.dll
0x00007ff88d140000 - 0x00007ff88d1e9000 	C:\WINDOWS\System32\msvcrt.dll
0x00007ff88df70000 - 0x00007ff88df9b000 	C:\WINDOWS\System32\GDI32.dll
0x00007ff88ad40000 - 0x00007ff88ae6b000 	C:\WINDOWS\System32\gdi32full.dll
0x00007ff88be60000 - 0x00007ff88bf03000 	C:\WINDOWS\System32\msvcp_win.dll
0x00007ff88ce20000 - 0x00007ff88ce51000 	C:\WINDOWS\System32\IMM32.DLL
0x00007ff880e10000 - 0x00007ff880e1c000 	C:\Program Files\Processing\app\resources\jdk\bin\vcruntime140_1.dll
0x00007ff868fb0000 - 0x00007ff869041000 	C:\Program Files\Processing\app\resources\jdk\bin\msvcp140.dll
0x00007ffff6c50000 - 0x00007ffff789c000 	C:\Program Files\Processing\app\resources\jdk\bin\server\jvm.dll
0x00007ff88dce0000 - 0x00007ff88dd9b000 	C:\WINDOWS\System32\ADVAPI32.dll
0x00007ff88d9f0000 - 0x00007ff88da97000 	C:\WINDOWS\System32\sechost.dll
0x00007ff88d250000 - 0x00007ff88d368000 	C:\WINDOWS\System32\RPCRT4.dll
0x00007ff879760000 - 0x00007ff879795000 	C:\WINDOWS\SYSTEM32\WINMM.dll
0x00007ff88aa20000 - 0x00007ff88aa7e000 	C:\WINDOWS\SYSTEM32\POWRPROF.dll
0x00007ff87d060000 - 0x00007ff87d06b000 	C:\WINDOWS\SYSTEM32\VERSION.dll
0x00007ff876700000 - 0x00007ff87670a000 	C:\WINDOWS\SYSTEM32\WSOCK32.dll
0x00007ff88dc50000 - 0x00007ff88dcc4000 	C:\WINDOWS\System32\WS2_32.dll
0x00007ff88aa00000 - 0x00007ff88aa14000 	C:\WINDOWS\SYSTEM32\UMPDC.dll
0x00007ff889910000 - 0x00007ff88992b000 	C:\WINDOWS\SYSTEM32\kernel.appcore.dll
0x00007ff880de0000 - 0x00007ff880dea000 	C:\Program Files\Processing\app\resources\jdk\bin\jimage.dll
0x00007ff888a60000 - 0x00007ff888ca2000 	C:\WINDOWS\SYSTEM32\DBGHELP.DLL
0x00007ff88c810000 - 0x00007ff88cb92000 	C:\WINDOWS\System32\combase.dll
0x00007ff88d400000 - 0x00007ff88d4d7000 	C:\WINDOWS\System32\OLEAUT32.dll
0x00007ff87b900000 - 0x00007ff87b93b000 	C:\WINDOWS\SYSTEM32\dbgcore.DLL
0x00007ff88bc60000 - 0x00007ff88bd05000 	C:\WINDOWS\System32\bcryptPrimitives.dll
0x00007ff86bc90000 - 0x00007ff86bccb000 	C:\Program Files\Processing\app\resources\jdk\bin\jdwp.dll
0x00007ff86df70000 - 0x00007ff86df95000 	C:\Program Files\Processing\app\resources\jdk\bin\java.dll
0x00007ff865bc0000 - 0x00007ff865c96000 	C:\Program Files\Processing\app\resources\jdk\bin\jsvml.dll
0x00007ff88c080000 - 0x00007ff88c7df000 	C:\WINDOWS\System32\SHELL32.dll
0x00007ff88bf10000 - 0x00007ff88c07a000 	C:\WINDOWS\System32\wintypes.dll
0x00007ff88ae70000 - 0x00007ff88b6d4000 	C:\WINDOWS\System32\windows.storage.dll
0x00007ff88e020000 - 0x00007ff88e117000 	C:\WINDOWS\System32\SHCORE.dll
0x00007ff88e1e0000 - 0x00007ff88e247000 	C:\WINDOWS\System32\shlwapi.dll
0x00007ff88aae0000 - 0x00007ff88ab09000 	C:\WINDOWS\SYSTEM32\profapi.dll
0x00007ff880d70000 - 0x00007ff880d7c000 	C:\Program Files\Processing\app\resources\jdk\bin\dt_socket.dll
0x00007ff889450000 - 0x00007ff889483000 	C:\WINDOWS\SYSTEM32\IPHLPAPI.DLL
0x00007ff889e60000 - 0x00007ff889ecb000 	C:\WINDOWS\system32\mswsock.dll
0x00007ff86d0a0000 - 0x00007ff86d0b9000 	C:\Program Files\Processing\app\resources\jdk\bin\net.dll
0x00007ff87de90000 - 0x00007ff87dfb7000 	C:\WINDOWS\SYSTEM32\WINHTTP.dll
0x00007ff86b670000 - 0x00007ff86b685000 	C:\Program Files\Processing\app\resources\jdk\bin\nio.dll
0x00007ff86b650000 - 0x00007ff86b668000 	C:\Program Files\Processing\app\resources\jdk\bin\zip.dll
0x00007ff8574c0000 - 0x00007ff85764e000 	C:\Program Files\Processing\app\resources\jdk\bin\awt.dll
0x00007ff880e40000 - 0x00007ff880edf000 	C:\WINDOWS\SYSTEM32\apphelp.dll
0x00007ff881550000 - 0x00007ff8815fa000 	C:\WINDOWS\system32\uxtheme.dll
0x00007ff88cbd0000 - 0x00007ff88cd2d000 	C:\WINDOWS\System32\MSCTF.dll
0x00007ff88daa0000 - 0x00007ff88dc35000 	C:\WINDOWS\System32\ole32.dll
0x00007ff881840000 - 0x00007ff88186e000 	C:\WINDOWS\system32\DWMAPI.DLL
0x00007ff82ee50000 - 0x00007ff82ef5e000 	C:\WINDOWS\system32\opengl32.dll
0x00007ff83cc70000 - 0x00007ff83cc9d000 	C:\WINDOWS\SYSTEM32\GLU32.dll
0x00007ff881660000 - 0x00007ff8816a3000 	C:\WINDOWS\SYSTEM32\dxcore.dll
0x00007ff88a260000 - 0x00007ff88a27b000 	C:\WINDOWS\SYSTEM32\CRYPTSP.dll
0x00007ff889870000 - 0x00007ff8898a9000 	C:\WINDOWS\system32\rsaenh.dll
0x00007ff889f10000 - 0x00007ff889f42000 	C:\WINDOWS\SYSTEM32\USERENV.dll
0x00007ff88aab0000 - 0x00007ff88aada000 	C:\WINDOWS\SYSTEM32\bcrypt.dll
0x00007ff88a0c0000 - 0x00007ff88a0cc000 	C:\WINDOWS\SYSTEM32\CRYPTBASE.dll
0x00007ff88dcd0000 - 0x00007ff88dcda000 	C:\WINDOWS\System32\NSI.dll
0x00007ff87e870000 - 0x00007ff87e88d000 	C:\WINDOWS\SYSTEM32\dhcpcsvc6.DLL
0x00007ff87e660000 - 0x00007ff87e683000 	C:\WINDOWS\SYSTEM32\dhcpcsvc.DLL
0x00007ff889490000 - 0x00007ff8895ba000 	C:\WINDOWS\SYSTEM32\DNSAPI.dll
0x00007ff86b630000 - 0x00007ff86b643000 	C:\Users\mihbo\AppData\Local\Temp\jogamp_0000\file_cache\jln13823485839422786080\jln7536822997795501481\natives\windows-amd64\gluegen_rt.dll
0x00007ff87a7a0000 - 0x00007ff87a7a7000 	C:\Program Files\Processing\app\resources\jdk\bin\jawt.dll
0x00007ff86d090000 - 0x00007ff86d09d000 	C:\Users\mihbo\AppData\Local\Temp\jogamp_0000\file_cache\jln13823485839422786080\jln7536822997795501481\natives\windows-amd64\nativewindow_awt.dll
0x00007ff86a680000 - 0x00007ff86a695000 	C:\Users\mihbo\AppData\Local\Temp\jogamp_0000\file_cache\jln13823485839422786080\jln7536822997795501481\natives\windows-amd64\nativewindow_win32.dll
0x00007ff865b20000 - 0x00007ff865bb1000 	C:\Users\mihbo\AppData\Local\Temp\jogamp_0000\file_cache\jln13823485839422786080\jln7536822997795501481\natives\windows-amd64\jogl_desktop.dll
0x00007ff863b90000 - 0x00007ff863bef000 	C:\Users\mihbo\AppData\Local\Temp\jogamp_0000\file_cache\jln13823485839422786080\jln7536822997795501481\natives\windows-amd64\jogl_mobile.dll
0x00007ff87dd10000 - 0x00007ff87dd70000 	C:\WINDOWS\SYSTEM32\directxdatabasehelper.dll
0x00007ff88a7a0000 - 0x00007ff88a7f7000 	C:\WINDOWS\SYSTEM32\cfgmgr32.dll
0x00007ff876710000 - 0x00007ff87672a000 	C:\WINDOWS\SYSTEM32\windows.staterepositorycore.dll
0x00007ffff5680000 - 0x00007ffff6c4a000 	C:\WINDOWS\System32\DriverStore\FileRepository\iigd_dch.inf_amd64_b5fdf22acfaa3c6d\igxelpgicd64.dll
0x00007ff8816d0000 - 0x00007ff88180e000 	C:\WINDOWS\SYSTEM32\dxgi.dll
0x00007ff837a20000 - 0x00007ff837a43000 	C:\WINDOWS\SYSTEM32\d3d12.dll
0x00007ff86d5a0000 - 0x00007ff86d744000 	C:\WINDOWS\System32\DriverStore\FileRepository\iigd_dch.inf_amd64_b5fdf22acfaa3c6d\igdml64.dll
0x00007ff874430000 - 0x00007ff8749c1000 	C:\WINDOWS\System32\DriverStore\FileRepository\iigd_dch.inf_amd64_b5fdf22acfaa3c6d\igdgmm64.dll
0x00007fffed730000 - 0x00007fffeda88000 	C:\WINDOWS\SYSTEM32\D3D12Core.dll
0x00007ff87c1a0000 - 0x00007ff87c318000 	C:\WINDOWS\SYSTEM32\drvstore.dll
0x00007ff86f310000 - 0x00007ff874380000 	C:\WINDOWS\System32\DriverStore\FileRepository\iigd_dch.inf_amd64_b5fdf22acfaa3c6d\igc64.dll
0x00007fffe3b80000 - 0x00007fffe3c65000 	C:\WINDOWS\SYSTEM32\D3DSCache.dll
0x00007ff8803f0000 - 0x00007ff880610000 	C:\WINDOWS\SYSTEM32\dcomp.dll
0x00007ff87f070000 - 0x00007ff87f089000 	C:\WINDOWS\SYSTEM32\Microsoft.Internal.WarpPal.dll
0x00007ff88d4e0000 - 0x00007ff88d967000 	C:\WINDOWS\System32\SETUPAPI.dll
0x00007ff86a2a0000 - 0x00007ff86a2b9000 	C:\Users\mihbo\AppData\Local\Temp\jogamp_0000\file_cache\jln13823485839422786080\jln7536822997795501481\natives\windows-amd64\newt_head.dll
0x00007ff87e0a0000 - 0x00007ff87e15f000 	C:\WINDOWS\SYSTEM32\mscms.dll
0x00007ff808c90000 - 0x00007ff808cd9000 	C:\WINDOWS\SYSTEM32\icm32.dll
0x00007ff88a770000 - 0x00007ff88a79d000 	C:\WINDOWS\SYSTEM32\DEVOBJ.dll
0x00007ff88bbd0000 - 0x00007ff88bc51000 	C:\WINDOWS\System32\WINTRUST.dll
0x00007ff88abc0000 - 0x00007ff88ad37000 	C:\WINDOWS\System32\CRYPT32.dll
0x00007ff88a2c0000 - 0x00007ff88a2d3000 	C:\WINDOWS\SYSTEM32\MSASN1.dll
0x00007ff8797a0000 - 0x00007ff8798e8000 	C:\WINDOWS\SYSTEM32\textinputframework.dll
0x00007ff880a60000 - 0x00007ff880b87000 	C:\WINDOWS\SYSTEM32\CoreMessaging.dll
0x00007ff876c60000 - 0x00007ff876f42000 	C:\WINDOWS\SYSTEM32\CoreUIComponents.dll
0x00007ff86a2d0000 - 0x00007ff86a2e1000 	C:\Program Files\Processing\app\resources\jdk\bin\jsound.dll
0x00007ff8583f0000 - 0x00007ff858484000 	C:\WINDOWS\SYSTEM32\DSOUND.dll
0x00007ff868f70000 - 0x00007ff868fa7000 	C:\WINDOWS\SYSTEM32\winmmbase.dll
0x00007ff857770000 - 0x00007ff857821000 	C:\WINDOWS\SYSTEM32\ResampleDmo.DLL
0x00007ff856f60000 - 0x00007ff856f6e000 	C:\WINDOWS\SYSTEM32\msdmo.dll
0x00007ff87e2d0000 - 0x00007ff87e368000 	C:\WINDOWS\SYSTEM32\MMDevAPI.DLL
0x00007ff865ad0000 - 0x00007ff865b17000 	C:\WINDOWS\SYSTEM32\wdmaud.drv
0x00007ff868ed0000 - 0x00007ff868ef3000 	C:\WINDOWS\SYSTEM32\wdmaud2.drv
0x00007ff87d190000 - 0x00007ff87d19b000 	C:\WINDOWS\SYSTEM32\AVRT.dll
0x00007ff8793b0000 - 0x00007ff879562000 	C:\WINDOWS\SYSTEM32\AUDIOSES.DLL
0x00007ff863b70000 - 0x00007ff863b7f000 	C:\WINDOWS\SYSTEM32\msacm32.drv
0x00007ff863b40000 - 0x00007ff863b61000 	C:\WINDOWS\SYSTEM32\MSACM32.dll
0x00007ff86d000000 - 0x00007ff86d00c000 	C:\WINDOWS\SYSTEM32\midimap.dll
0x00007ff88e120000 - 0x00007ff88e1ce000 	C:\WINDOWS\System32\clbcatq.dll
0x00007ff862aa0000 - 0x00007ff862bf6000 	C:\Windows\System32\Windows.UI.dll
0x00007ff888800000 - 0x00007ff888814000 	C:\WINDOWS\SYSTEM32\resourcepolicyclient.dll
0x00007ff85dfd0000 - 0x00007ff85e010000 	C:\Users\mihbo\AppData\Local\Temp\jna-103894937\jna8231969753616796583.dll
0x00007ff88cd30000 - 0x00007ff88cd38000 	C:\WINDOWS\System32\PSAPI.DLL
0x00007fff91ce0000 - 0x00007fff97d65000 	C:\Users\mihbo\Documents\Processing\libraries\video\library\windows-amd64\avcodec-58.dll
0x00007ff8639b0000 - 0x00007ff8639cb000 	C:\Users\mihbo\Documents\Processing\libraries\video\library\windows-amd64\z-1.dll
0x00007ff8573f0000 - 0x00007ff8574b6000 	C:\Users\mihbo\Documents\Processing\libraries\video\library\windows-amd64\swresample-3.dll
0x00007ffff5070000 - 0x00007ffff567a000 	C:\Users\mihbo\Documents\Processing\libraries\video\library\windows-amd64\avutil-56.dll
0x0000000064940000 - 0x00000000649c4000 	C:\Users\mihbo\Documents\Processing\libraries\video\library\windows-amd64\libwinpthread-1.dll
0x00007ff83dfb0000 - 0x00007ff83e105000 	C:\Users\mihbo\Documents\Processing\libraries\video\library\windows-amd64\avfilter-7.dll
0x00007ffff2f10000 - 0x00007ffff5065000 	C:\Users\mihbo\Documents\Processing\libraries\video\library\windows-amd64\avformat-58.dll
0x00007ff860ed0000 - 0x00007ff860ee7000 	C:\Users\mihbo\Documents\Processing\libraries\video\library\windows-amd64\bz2.dll
0x00007ff85dfb0000 - 0x00007ff85dfcc000 	C:\Strawberry\c\bin\libbz2.dll
0x00007ff84f2a0000 - 0x00007ff84f3c7000 	C:\Users\mihbo\Documents\Processing\libraries\video\library\windows-amd64\cairo-2.dll

dbghelp: loaded successfully - version: 4.0.5 - missing functions: none
symbol engine: initialized successfully - sym options: 0x614 - pdb path: .;C:\Program Files\Processing\app\resources\jdk\bin;C:\WINDOWS\SYSTEM32;C:\Program Files\Norton\Suite;C:\WINDOWS\WinSxS\amd64_microsoft.windows.common-controls_6595b64144ccf1df_6.0.26100.8037_none_3e092faae333b53b;C:\Program Files\Processing\app\resources\jdk\bin\server;C:\Users\mihbo\AppData\Local\Temp\jogamp_0000\file_cache\jln13823485839422786080\jln7536822997795501481\natives\windows-amd64;C:\WINDOWS\System32\DriverStore\FileRepository\iigd_dch.inf_amd64_b5fdf22acfaa3c6d;C:\Users\mihbo\AppData\Local\Temp\jna-103894937;C:\Users\mihbo\Documents\Processing\libraries\video\library\windows-amd64;C:\Strawberry\c\bin;C:\Users\mihbo\Documents\Processing\libraries\video\library\windows-amd64\gstreamer-1.0;C:\WINDOWS\System32\DriverStore\FileRepository\nvlt.inf_amd64_ba6d793417648ee9;C:\Program Files\WindowsApps\Microsoft.HEVCVideoExtension_2.4.43.0_x64__8wekyb3d8bbwe\x64;C:\Program Files\WindowsApps\Microsoft.VP9VideoExtensions_1.2.12.0_x64__8wekyb3d8bbwe\x64

VM Arguments:
jvm_args: -agentlib:jdwp=transport=dt_socket,address=8874,server=y,suspend=y,quiet=y -Djna.nosys=true -Djava.library.path=;C:\Program Files\Processing\app\resources\core\library;C:\Users\mihbo\Documents\Processing\libraries\minim\library;C:\Users\mihbo\Documents\Processing\libraries\video\library\windows-amd64;C:\Users\mihbo\Documents\Processing\libraries\themidibus\library;C:\Program Files\Processing;C:\WINDOWS\system32;C:\WINDOWS;C:\Python313\Scripts;C:\Python313;C:\Program Files\NVIDIA GPU Computing Toolkit\CUDA\v12.6\bin;C:\Program Files\NVIDIA GPU Computing Toolkit\CUDA\v12.6\libnvvp;C:\Users\mihbo\gcc\bin;C:\Users\mihbo\gcc\libexec\gcc\x86_64-w64-mingw32\12.3.0;C:\WINDOWS\system32;C:\WINDOWS;C:\WINDOWS\System32\Wbem;C:\WINDOWS\System32\WindowsPowerShell\v1.0;C:\WINDOWS\System32\OpenSSH;C:\Program Files\dotnet;C:\ProgramData\chocolatey\bin;C:\Users\mihbo\AppData\Roaming\nvm;C:\Program Files\nodejs;C:\Program Files (x86)\Windows Kits\10\Windows Performance Toolkit;C:\Program Files\CMake\bin;C:\Program Files\Git\cmd;C:\Program Files\NVIDIA Corporation\Nsight Compute 2024.3.2;C:\Program Files (x86)\NVIDIA Corporation\PhysX\Common;C:\Program Files\MiKTeX\miktex\bin\x64;C:\Strawberry\c\bin;C:\Strawberry\perl\site\bin;C:\Strawberry\perl\bin;C:\Program Files\nodejs;C:\Users\mihbo\AppData\Local\Programs\Python\Launcher;C:\Users\mihbo\AppData\Local\Microsoft\WindowsApps;C:\Users\mihbo\AppData\Local\Programs\Microsoft VS Code\bin;C:\Users\mihbo\AppData\Local\GitHubDesktop\bin;C:\tools\ghc-9.8.2\bin;C:\tools\msys64;C:\Users\mihbo\AppData\Local\Muse Hub\lib;C:\Users\mihbo\AppData\Roaming\nvm;C:\Program Files\nodejs;C:\Users\mihbo\AppData\Local\Microsoft\WinGet\Links;C:\Program Files\Git\bin;C:\Program Files\Git;C:\Users\mihbo\AppData\Local\Pandoc;C:\Users\mihbo\AppData\Roaming\npm;C:\Users\mihbo\AppData\Roaming\npm\node_modules;C:\Program Files\Processing;C:\Program Files\Processing\app;. -ea 
java_command: processing.core.PApplet --editor-location=-7,-7 --external --display=1 --sketch-path=C:\Users\mihbo\Documents\GitHub\eyesing\Code\eyesing eyesing
java_class_path (initial): C:\Users\mihbo\AppData\Local\Temp\processing\eyesing1273069243368681781temp;C:\Program Files\Processing\app\resources\core\library\annotations-13.0.jar;C:\Program Files\Processing\app\resources\core\library\antlr-2.7.7.jar;C:\Program Files\Processing\app\resources\core\library\core-4.5.2.jar;C:\Program Files\Processing\app\resources\core\library\gluegen-rt-2.6.0-natives-android-aarch64.jar;C:\Program Files\Processing\app\resources\core\library\gluegen-rt-2.6.0-natives-android-x86_64.jar;C:\Program Files\Processing\app\resources\core\library\gluegen-rt-2.6.0-natives-freebsd-amd64.jar;C:\Program Files\Processing\app\resources\core\library\gluegen-rt-2.6.0-natives-linux-aarch64.jar;C:\Program Files\Processing\app\resources\core\library\gluegen-rt-2.6.0-natives-linux-amd64.jar;C:\Program Files\Processing\app\resources\core\library\gluegen-rt-2.6.0-natives-linux-armv6hf.jar;C:\Program Files\Processing\app\resources\core\library\gluegen-rt-2.6.0-natives-macosx-universal.jar;C:\Program Files\Processing\app\resources\core\library\gluegen-rt-2.6.0-natives-windows-amd64.jar;C:\Program Files\Processing\app\resources\core\library\gluegen-rt-2.6.0.jar;C:\Program Files\Processing\app\resources\core\library\gluegen-rt-main-2.6.0.jar;C:\Program Files\Processing\app\resources\core\library\jogl-all-2.6.0-natives-android-aarch64.jar;C:\Program Files\Processing\app\resources\core\library\jogl-all-2.6.0-natives-android-x86_64.jar;C:\Program Files\Processing\app\resources\core\library\jogl-all-2.6.0-natives-freebsd-amd64.jar;C:\Program Files\Processing\app\resources\core\library\jogl-all-2.6.0-natives-linux-aarch64.jar;C:\Program Files\Processing\app\resources\core\library\jogl-all-2.6.0-natives-linux-amd64.jar;C:\Program Files\Processing\app\resources\core\library\jogl-all-2.6.0-natives-linux-armv6hf.jar;C:\Program Files\Processing\app\resources\core\library\jogl-all-2.6.0-natives-macosx-universal.jar;C:\Program Files\Processing\app\resources\core\library\jo
Launcher Type: SUN_STANDARD

[Global flags]
     intx CICompilerCount                          = 12                                        {product} {ergonomic}
     uint ConcGCThreads                            = 4                                         {product} {ergonomic}
     uint G1ConcRefinementThreads                  = 16                                        {product} {ergonomic}
   size_t G1HeapRegionSize                         = 4194304                                   {product} {ergonomic}
    uintx GCDrainStackTargetSize                   = 64                                        {product} {ergonomic}
   size_t InitialHeapSize                          = 532676608                                 {product} {ergonomic}
   size_t MarkStackSize                            = 4194304                                   {product} {ergonomic}
   size_t MaxHeapSize                              = 8459911168                                {product} {ergonomic}
   size_t MaxNewSize                               = 5075107840                                {product} {ergonomic}
   size_t MinHeapDeltaBytes                        = 4194304                                   {product} {ergonomic}
   size_t MinHeapSize                              = 8388608                                   {product} {ergonomic}
    uintx NonNMethodCodeHeapSize                   = 7602480                                {pd product} {ergonomic}
    uintx NonProfiledCodeHeapSize                  = 122027880                              {pd product} {ergonomic}
    uintx ProfiledCodeHeapSize                     = 122027880                              {pd product} {ergonomic}
    uintx ReservedCodeCacheSize                    = 251658240                              {pd product} {ergonomic}
     bool SegmentedCodeCache                       = true                                      {product} {ergonomic}
   size_t SoftMaxHeapSize                          = 8459911168                             {manageable} {ergonomic}
     bool UseCompressedClassPointers               = true                           {product lp64_product} {ergonomic}
     bool UseCompressedOops                        = true                           {product lp64_product} {ergonomic}
     bool UseG1GC                                  = true                                      {product} {ergonomic}
     bool UseLargePagesIndividualAllocation        = false                                  {pd product} {ergonomic}

Logging:
Log output configuration:
 #0: stdout all=warning uptime,level,tags
 #1: stderr all=off uptime,level,tags

Environment Variables:
PATH=C:\Python313\Scripts\;C:\Python313\;C:\Program Files\NVIDIA GPU Computing Toolkit\CUDA\v12.6\bin;C:\Program Files\NVIDIA GPU Computing Toolkit\CUDA\v12.6\libnvvp;C:\Users\mihbo\gcc\bin;C:\Users\mihbo\gcc\libexec\gcc\x86_64-w64-mingw32\12.3.0;C:\WINDOWS\system32;C:\WINDOWS;C:\WINDOWS\System32\Wbem;C:\WINDOWS\System32\WindowsPowerShell\v1.0\;C:\WINDOWS\System32\OpenSSH\;C:\Program Files\dotnet\;C:\ProgramData\chocolatey\bin;C:\Users\mihbo\AppData\Roaming\nvm;C:\Program Files\nodejs;C:\Program Files (x86)\Windows Kits\10\Windows Performance Toolkit\;C:\Program Files\CMake\bin;C:\Program Files\Git\cmd;C:\Program Files\NVIDIA Corporation\Nsight Compute 2024.3.2\;C:\Program Files (x86)\NVIDIA Corporation\PhysX\Common;C:\Program Files\MiKTeX\miktex\bin\x64\;C:\Strawberry\c\bin;C:\Strawberry\perl\site\bin;C:\Strawberry\perl\bin;C:\Program Files\nodejs\;C:\Users\mihbo\AppData\Local\Programs\Python\Launcher\;C:\Users\mihbo\AppData\Local\Microsoft\WindowsApps;C:\Users\mihbo\AppData\Local\Programs\Microsoft VS Code\bin;C:\Users\mihbo\AppData\Local\GitHubDesktop\bin;C:\Users\mihbo\AppData\Roaming\cabal\bin;C:\tools\ghc-9.8.2\bin;C:\tools\msys64;C:\Users\mihbo\AppData\Local\Muse Hub\lib;C:\Users\mihbo\AppData\Roaming\nvm;C:\Program Files\nodejs;C:\Users\mihbo\AppData\Local\Microsoft\WinGet\Links;C:\Program Files\Git\bin;C:\Program Files\Git;C:\Users\mihbo\AppData\Local\Pandoc\;C:\Users\mihbo\AppData\Roaming\npm;C:\Users\mihbo\AppData\Roaming\npm\node_modules;C:\Program Files\Processing\;C:\Program Files\Processing\app
USERNAME=mihbo
OS=Windows_NT
PROCESSOR_IDENTIFIER=Intel64 Family 6 Model 170 Stepping 4, GenuineIntel
TMP=C:\Users\mihbo\AppData\Local\Temp
TEMP=C:\Users\mihbo\AppData\Local\Temp



---------------  S Y S T E M  ---------------

OS:
 Windows 11 , 64 bit Build 26100 (10.0.26100.7920)
OS uptime: 0 days 3:04 hours
Hyper-V role detected

CPU: total 22 (initial active 22) (11 cores per cpu, 2 threads per core) family 6 model 170 stepping 4 microcode 0x28, cx8, cmov, fxsr, ht, mmx, 3dnowpref, sse, sse2, sse3, ssse3, sse4.1, sse4.2, popcnt, lzcnt, tsc, tscinvbit, avx, avx2, aes, erms, clmul, bmi1, bmi2, adx, sha, fma, vzeroupper, clflush, clflushopt, clwb, hv
Processor Information for processor 0
  Max Mhz: 1400, Current Mhz: 1400, Mhz Limit: 1400
Processor Information for processor 1
  Max Mhz: 1400, Current Mhz: 1400, Mhz Limit: 1400
Processor Information for processor 2
  Max Mhz: 900, Current Mhz: 900, Mhz Limit: 900
Processor Information for processor 3
  Max Mhz: 900, Current Mhz: 900, Mhz Limit: 900
Processor Information for processor 4
  Max Mhz: 900, Current Mhz: 900, Mhz Limit: 900
Processor Information for processor 5
  Max Mhz: 900, Current Mhz: 900, Mhz Limit: 900
Processor Information for processor 6
  Max Mhz: 900, Current Mhz: 900, Mhz Limit: 900
Processor Information for processor 7
  Max Mhz: 900, Current Mhz: 900, Mhz Limit: 900
Processor Information for processor 8
  Max Mhz: 900, Current Mhz: 900, Mhz Limit: 900
Processor Information for processor 9
  Max Mhz: 900, Current Mhz: 900, Mhz Limit: 900
Processor Information for processor 10
  Max Mhz: 1400, Current Mhz: 1400, Mhz Limit: 1400
Processor Information for processor 11
  Max Mhz: 1400, Current Mhz: 1400, Mhz Limit: 1400
Processor Information for processor 12
  Max Mhz: 1400, Current Mhz: 1400, Mhz Limit: 1400
Processor Information for processor 13
  Max Mhz: 1400, Current Mhz: 1400, Mhz Limit: 1400
Processor Information for processor 14
  Max Mhz: 1400, Current Mhz: 1400, Mhz Limit: 1400
Processor Information for processor 15
  Max Mhz: 1400, Current Mhz: 1400, Mhz Limit: 1400
Processor Information for processor 16
  Max Mhz: 1400, Current Mhz: 1400, Mhz Limit: 1400
Processor Information for processor 17
  Max Mhz: 1400, Current Mhz: 1400, Mhz Limit: 1400
Processor Information for processor 18
  Max Mhz: 1400, Current Mhz: 1400, Mhz Limit: 1400
Processor Information for processor 19
  Max Mhz: 1400, Current Mhz: 1400, Mhz Limit: 1400
Processor Information for processor 20
  Max Mhz: 700, Current Mhz: 700, Mhz Limit: 700
Processor Information for processor 21
  Max Mhz: 700, Current Mhz: 700, Mhz Limit: 700

Memory: 4k page, system-wide physical 32265M (18129M free)
TotalPageFile size 34313M (AvailPageFile size 19560M)
current process WorkingSet (physical memory assigned to process): 2110M, peak: 2303M
current process commit charge ("private bytes"): 1701M, peak: 1903M

vm_info: OpenJDK 64-Bit Server VM (17.0.8.1+1) for windows-amd64 JRE (17.0.8.1+1), built on Aug 23 2023 15:29:17 by "admin" with MS VC++ 16.7 (VS2019)

END.
